TN:
SF:src/middleware.js
FN:4,middleware
FN:16,(anonymous_1)
FN:19,(anonymous_2)
FN:20,(anonymous_3)
FN:24,(anonymous_4)
FN:37,(anonymous_5)
FNF:6
FNH:0
FNDA:0,middleware
FNDA:0,(anonymous_1)
FNDA:0,(anonymous_2)
FNDA:0,(anonymous_3)
FNDA:0,(anonymous_4)
FNDA:0,(anonymous_5)
DA:5,0
DA:11,0
DA:17,0
DA:20,0
DA:21,0
DA:24,0
DA:25,0
DA:33,0
DA:36,0
DA:37,0
DA:40,0
DA:42,0
DA:46,0
DA:47,0
DA:48,0
DA:49,0
DA:50,0
DA:53,0
DA:56,0
LF:19
LH:0
BRDA:40,0,0,0
BRDA:40,0,1,0
BRDA:40,1,0,0
BRDA:40,1,1,0
BRDA:46,2,0,0
BRDA:46,2,1,0
BRDA:46,3,0,0
BRDA:46,3,1,0
BRF:8
BRH:0
end_of_record
TN:
SF:src/cli/automation.js
FN:23,(anonymous_0)
FN:41,(anonymous_1)
FN:142,(anonymous_2)
FN:191,(anonymous_3)
FN:215,(anonymous_4)
FN:247,(anonymous_5)
FN:271,(anonymous_6)
FN:312,(anonymous_7)
FN:361,(anonymous_8)
FN:439,(anonymous_9)
FN:488,(anonymous_10)
FN:489,(anonymous_11)
FN:503,(anonymous_12)
FN:506,(anonymous_13)
FN:537,(anonymous_14)
FN:616,(anonymous_15)
FN:676,(anonymous_16)
FN:689,(anonymous_17)
FN:705,(anonymous_18)
FN:721,(anonymous_19)
FN:737,(anonymous_20)
FN:752,(anonymous_21)
FN:765,(anonymous_22)
FN:775,(anonymous_23)
FN:785,(anonymous_24)
FN:805,(anonymous_25)
FN:806,(anonymous_26)
FN:813,main
FN:817,(anonymous_28)
FN:829,(anonymous_29)
FNF:30
FNH:0
FNDA:0,(anonymous_0)
FNDA:0,(anonymous_1)
FNDA:0,(anonymous_2)
FNDA:0,(anonymous_3)
FNDA:0,(anonymous_4)
FNDA:0,(anonymous_5)
FNDA:0,(anonymous_6)
FNDA:0,(anonymous_7)
FNDA:0,(anonymous_8)
FNDA:0,(anonymous_9)
FNDA:0,(anonymous_10)
FNDA:0,(anonymous_11)
FNDA:0,(anonymous_12)
FNDA:0,(anonymous_13)
FNDA:0,(anonymous_14)
FNDA:0,(anonymous_15)
FNDA:0,(anonymous_16)
FNDA:0,(anonymous_17)
FNDA:0,(anonymous_18)
FNDA:0,(anonymous_19)
FNDA:0,(anonymous_20)
FNDA:0,(anonymous_21)
FNDA:0,(anonymous_22)
FNDA:0,(anonymous_23)
FNDA:0,(anonymous_24)
FNDA:0,(anonymous_25)
FNDA:0,(anonymous_26)
FNDA:0,main
FNDA:0,(anonymous_28)
FNDA:0,(anonymous_29)
DA:24,0
DA:25,0
DA:26,0
DA:27,0
DA:28,0
DA:31,0
DA:32,0
DA:33,0
DA:42,0
DA:43,0
DA:44,0
DA:45,0
DA:48,0
DA:49,0
DA:50,0
DA:51,0
DA:52,0
DA:53,0
DA:54,0
DA:55,0
DA:56,0
DA:57,0
DA:59,0
DA:64,0
DA:65,0
DA:66,0
DA:67,0
DA:72,0
DA:75,0
DA:80,0
DA:81,0
DA:82,0
DA:85,0
DA:86,0
DA:87,0
DA:88,0
DA:89,0
DA:91,0
DA:94,0
DA:99,0
DA:100,0
DA:101,0
DA:105,0
DA:110,0
DA:111,0
DA:112,0
DA:115,0
DA:116,0
DA:117,0
DA:121,0
DA:122,0
DA:125,0
DA:126,0
DA:127,0
DA:128,0
DA:129,0
DA:131,0
DA:134,0
DA:135,0
DA:143,0
DA:144,0
DA:145,0
DA:148,0
DA:154,0
DA:157,0
DA:159,0
DA:162,0
DA:165,0
DA:166,0
DA:168,0
DA:172,0
DA:175,0
DA:178,0
DA:181,0
DA:182,0
DA:183,0
DA:192,0
DA:193,0
DA:201,0
DA:216,0
DA:220,0
DA:221,0
DA:223,0
DA:224,0
DA:225,0
DA:231,0
DA:232,0
DA:237,0
DA:238,0
DA:239,0
DA:242,0
DA:243,0
DA:246,0
DA:247,0
DA:253,0
DA:254,0
DA:257,0
DA:259,0
DA:263,0
DA:272,0
DA:276,0
DA:277,0
DA:278,0
DA:279,0
DA:281,0
DA:282,0
DA:284,0
DA:285,0
DA:286,0
DA:293,0
DA:294,0
DA:299,0
DA:300,0
DA:301,0
DA:302,0
DA:303,0
DA:306,0
DA:307,0
DA:308,0
DA:311,0
DA:312,0
DA:318,0
DA:319,0
DA:320,0
DA:321,0
DA:322,0
DA:326,0
DA:327,0
DA:330,0
DA:333,0
DA:334,0
DA:339,0
DA:340,0
DA:343,0
DA:344,0
DA:345,0
DA:348,0
DA:352,0
DA:354,0
DA:362,0
DA:363,0
DA:364,0
DA:365,0
DA:367,0
DA:370,0
DA:371,0
DA:372,0
DA:373,0
DA:374,0
DA:376,0
DA:381,0
DA:382,0
DA:383,0
DA:388,0
DA:393,0
DA:394,0
DA:395,0
DA:399,0
DA:400,0
DA:401,0
DA:404,0
DA:410,0
DA:416,0
DA:417,0
DA:418,0
DA:419,0
DA:423,0
DA:430,0
DA:431,0
DA:440,0
DA:444,0
DA:445,0
DA:446,0
DA:448,0
DA:449,0
DA:451,0
DA:452,0
DA:453,0
DA:460,0
DA:461,0
DA:466,0
DA:467,0
DA:468,0
DA:472,0
DA:474,0
DA:476,0
DA:478,0
DA:482,0
DA:484,0
DA:487,0
DA:488,0
DA:489,0
DA:495,0
DA:496,0
DA:499,0
DA:502,0
DA:503,0
DA:504,0
DA:505,0
DA:506,0
DA:507,0
DA:512,0
DA:514,0
DA:519,0
DA:520,0
DA:523,0
DA:526,0
DA:529,0
DA:538,0
DA:542,0
DA:543,0
DA:544,0
DA:546,0
DA:547,0
DA:549,0
DA:550,0
DA:551,0
DA:558,0
DA:559,0
DA:564,0
DA:565,0
DA:566,0
DA:570,0
DA:573,0
DA:575,0
DA:576,0
DA:578,0
DA:579,0
DA:582,0
DA:584,0
DA:585,0
DA:586,0
DA:587,0
DA:588,0
DA:591,0
DA:593,0
DA:598,0
DA:599,0
DA:602,0
DA:605,0
DA:608,0
DA:617,0
DA:619,0
DA:622,0
DA:629,0
DA:632,0
DA:634,0
DA:635,0
DA:636,0
DA:637,0
DA:638,0
DA:640,0
DA:641,0
DA:643,0
DA:644,0
DA:652,0
DA:664,0
DA:665,0
DA:666,0
DA:667,0
DA:677,0
DA:678,0
DA:680,0
DA:690,0
DA:691,0
DA:692,0
DA:693,0
DA:694,0
DA:696,0
DA:706,0
DA:707,0
DA:708,0
DA:709,0
DA:710,0
DA:712,0
DA:722,0
DA:723,0
DA:724,0
DA:725,0
DA:726,0
DA:728,0
DA:738,0
DA:739,0
DA:740,0
DA:741,0
DA:742,0
DA:744,0
DA:753,0
DA:755,0
DA:756,0
DA:759,0
DA:760,0
DA:762,0
DA:763,0
DA:764,0
DA:765,0
DA:766,0
DA:767,0
DA:768,0
DA:772,0
DA:773,0
DA:774,0
DA:775,0
DA:776,0
DA:777,0
DA:778,0
DA:782,0
DA:783,0
DA:784,0
DA:785,0
DA:786,0
DA:787,0
DA:788,0
DA:792,0
DA:793,0
DA:794,0
DA:795,0
DA:796,0
DA:806,0
DA:814,0
DA:817,0
DA:818,0
DA:819,0
DA:820,0
DA:821,0
DA:824,0
DA:828,0
DA:829,0
DA:830,0
DA:831,0
DA:832,0
LF:331
LH:0
BRDA:51,0,0,0
BRDA:51,0,1,0
BRDA:53,1,0,0
BRDA:53,1,1,0
BRDA:55,2,0,0
BRDA:55,2,1,0
BRDA:56,3,0,0
BRDA:56,3,1,0
BRDA:64,4,0,0
BRDA:64,4,1,0
BRDA:80,5,0,0
BRDA:80,5,1,0
BRDA:96,6,0,0
BRDA:96,6,1,0
BRDA:99,7,0,0
BRDA:99,7,1,0
BRDA:107,8,0,0
BRDA:107,8,1,0
BRDA:110,9,0,0
BRDA:110,9,1,0
BRDA:115,10,0,0
BRDA:115,10,1,0
BRDA:165,11,0,0
BRDA:165,11,1,0
BRDA:192,12,0,0
BRDA:192,12,1,0
BRDA:223,13,0,0
BRDA:223,13,1,0
BRDA:231,14,0,0
BRDA:231,14,1,0
BRDA:237,15,0,0
BRDA:237,15,1,0
BRDA:246,16,0,0
BRDA:246,16,1,0
BRDA:246,17,0,0
BRDA:246,17,1,0
BRDA:248,18,0,0
BRDA:248,18,1,0
BRDA:249,19,0,0
BRDA:249,19,1,0
BRDA:253,20,0,0
BRDA:253,20,1,0
BRDA:281,21,0,0
BRDA:281,21,1,0
BRDA:284,22,0,0
BRDA:284,22,1,0
BRDA:293,23,0,0
BRDA:293,23,1,0
BRDA:299,24,0,0
BRDA:299,24,1,0
BRDA:311,25,0,0
BRDA:311,25,1,0
BRDA:311,26,0,0
BRDA:311,26,1,0
BRDA:313,27,0,0
BRDA:313,27,1,0
BRDA:314,28,0,0
BRDA:314,28,1,0
BRDA:318,29,0,0
BRDA:318,29,1,0
BRDA:321,30,0,0
BRDA:321,30,1,0
BRDA:321,31,0,0
BRDA:321,31,1,0
BRDA:326,32,0,0
BRDA:326,32,1,0
BRDA:339,33,0,0
BRDA:339,33,1,0
BRDA:370,34,0,0
BRDA:370,34,1,0
BRDA:370,35,0,0
BRDA:370,35,1,0
BRDA:370,35,2,0
BRDA:381,36,0,0
BRDA:381,36,1,0
BRDA:390,37,0,0
BRDA:390,37,1,0
BRDA:393,38,0,0
BRDA:393,38,1,0
BRDA:406,39,0,0
BRDA:406,39,1,0
BRDA:412,40,0,0
BRDA:412,40,1,0
BRDA:417,41,0,0
BRDA:417,41,1,0
BRDA:417,42,0,0
BRDA:417,42,1,0
BRDA:417,42,2,0
BRDA:448,43,0,0
BRDA:448,43,1,0
BRDA:451,44,0,0
BRDA:451,44,1,0
BRDA:460,45,0,0
BRDA:460,45,1,0
BRDA:466,46,0,0
BRDA:466,46,1,0
BRDA:480,47,0,0
BRDA:480,47,1,0
BRDA:487,48,0,0
BRDA:487,48,1,0
BRDA:491,49,0,0
BRDA:491,49,1,0
BRDA:495,50,0,0
BRDA:495,50,1,0
BRDA:502,51,0,0
BRDA:502,51,1,0
BRDA:502,52,0,0
BRDA:502,52,1,0
BRDA:504,53,0,0
BRDA:504,53,1,0
BRDA:519,54,0,0
BRDA:519,54,1,0
BRDA:546,55,0,0
BRDA:546,55,1,0
BRDA:549,56,0,0
BRDA:549,56,1,0
BRDA:558,57,0,0
BRDA:558,57,1,0
BRDA:564,58,0,0
BRDA:564,58,1,0
BRDA:578,59,0,0
BRDA:578,59,1,0
BRDA:598,60,0,0
BRDA:598,60,1,0
BRDA:617,61,0,0
BRDA:617,61,1,0
BRDA:617,61,2,0
BRDA:620,62,0,0
BRDA:620,62,1,0
BRDA:625,63,0,0
BRDA:625,63,1,0
BRDA:637,64,0,0
BRDA:637,64,1,0
BRDA:643,65,0,0
BRDA:643,65,1,0
BRDA:665,66,0,0
BRDA:665,66,1,0
BRDA:753,67,0,0
BRDA:753,67,1,0
BRDA:753,67,2,0
BRDA:755,68,0,0
BRDA:755,68,1,0
BRDA:762,69,0,0
BRDA:762,69,1,0
BRDA:768,70,0,0
BRDA:768,70,1,0
BRDA:772,71,0,0
BRDA:772,71,1,0
BRDA:778,72,0,0
BRDA:778,72,1,0
BRDA:782,73,0,0
BRDA:782,73,1,0
BRDA:786,74,0,0
BRDA:786,74,1,0
BRDA:788,75,0,0
BRDA:788,75,1,0
BRDA:828,76,0,0
BRDA:828,76,1,0
BRF:158
BRH:0
end_of_record
TN:
SF:src/cli/cleanup.js
FN:35,getPathStats
FN:93,formatSize
FN:107,cleanupPath
FN:133,displayCleanupPreview
FN:199,cleanup
FN:241,(anonymous_5)
FN:254,(anonymous_6)
FN:303,quickClean
FN:338,(anonymous_8)
FN:344,(anonymous_9)
FN:350,(anonymous_10)
FNF:11
FNH:0
FNDA:0,getPathStats
FNDA:0,formatSize
FNDA:0,cleanupPath
FNDA:0,displayCleanupPreview
FNDA:0,cleanup
FNDA:0,(anonymous_5)
FNDA:0,(anonymous_6)
FNDA:0,quickClean
FNDA:0,(anonymous_8)
FNDA:0,(anonymous_9)
FNDA:0,(anonymous_10)
DA:15,0
DA:24,0
DA:36,0
DA:37,0
DA:39,0
DA:40,0
DA:43,0
DA:45,0
DA:46,0
DA:54,0
DA:55,0
DA:56,0
DA:57,0
DA:59,0
DA:60,0
DA:61,0
DA:63,0
DA:64,0
DA:65,0
DA:66,0
DA:68,0
DA:69,0
DA:70,0
DA:74,0
DA:82,0
DA:84,0
DA:94,0
DA:95,0
DA:96,0
DA:97,0
DA:98,0
DA:108,0
DA:109,0
DA:111,0
DA:112,0
DA:113,0
DA:114,0
DA:115,0
DA:116,0
DA:118,0
DA:119,0
DA:120,0
DA:123,0
DA:124,0
DA:134,0
DA:135,0
DA:136,0
DA:137,0
DA:139,0
DA:140,0
DA:141,0
DA:142,0
DA:145,0
DA:146,0
DA:147,0
DA:148,0
DA:150,0
DA:151,0
DA:152,0
DA:153,0
DA:155,0
DA:156,0
DA:158,0
DA:161,0
DA:166,0
DA:167,0
DA:168,0
DA:169,0
DA:171,0
DA:172,0
DA:173,0
DA:174,0
DA:175,0
DA:177,0
DA:181,0
DA:182,0
DA:183,0
DA:184,0
DA:185,0
DA:186,0
DA:188,0
DA:200,0
DA:201,0
DA:204,0
DA:206,0
DA:207,0
DA:208,0
DA:209,0
DA:213,0
DA:214,0
DA:215,0
DA:216,0
DA:217,0
DA:218,0
DA:219,0
DA:220,0
DA:223,0
DA:228,0
DA:229,0
DA:230,0
DA:231,0
DA:235,0
DA:236,0
DA:237,0
DA:240,0
DA:241,0
DA:242,0
DA:243,0
DA:244,0
DA:245,0
DA:247,0
DA:253,0
DA:254,0
DA:255,0
DA:256,0
DA:257,0
DA:258,0
DA:260,0
DA:266,0
DA:267,0
DA:268,0
DA:269,0
DA:270,0
DA:272,0
DA:274,0
DA:275,0
DA:276,0
DA:277,0
DA:279,0
DA:280,0
DA:281,0
DA:283,0
DA:284,0
DA:288,0
DA:289,0
DA:290,0
DA:292,0
DA:304,0
DA:311,0
DA:313,0
DA:314,0
DA:316,0
DA:317,0
DA:318,0
DA:319,0
DA:320,0
DA:321,0
DA:322,0
DA:323,0
DA:327,0
DA:331,0
DA:333,0
DA:334,0
DA:336,0
DA:338,0
DA:339,0
DA:340,0
DA:342,0
DA:344,0
DA:345,0
DA:346,0
DA:350,0
DA:351,0
DA:352,0
LF:164
LH:0
BRDA:39,0,0,0
BRDA:39,0,1,0
BRDA:45,1,0,0
BRDA:45,1,1,0
BRDA:54,2,0,0
BRDA:54,2,1,0
BRDA:63,3,0,0
BRDA:63,3,1,0
BRDA:66,4,0,0
BRDA:66,4,1,0
BRDA:94,5,0,0
BRDA:94,5,1,0
BRDA:111,6,0,0
BRDA:111,6,1,0
BRDA:112,7,0,0
BRDA:112,7,1,0
BRDA:118,8,0,0
BRDA:118,8,1,0
BRDA:150,9,0,0
BRDA:150,9,1,0
BRDA:155,10,0,0
BRDA:155,10,1,0
BRDA:171,11,0,0
BRDA:171,11,1,0
BRDA:206,12,0,0
BRDA:206,12,1,0
BRDA:228,13,0,0
BRDA:228,13,1,0
BRDA:242,14,0,0
BRDA:242,14,1,0
BRDA:242,15,0,0
BRDA:242,15,1,0
BRDA:244,16,0,0
BRDA:244,16,1,0
BRDA:255,17,0,0
BRDA:255,17,1,0
BRDA:255,18,0,0
BRDA:255,18,1,0
BRDA:257,19,0,0
BRDA:257,19,1,0
BRDA:269,20,0,0
BRDA:269,20,1,0
BRDA:279,21,0,0
BRDA:279,21,1,0
BRDA:303,22,0,0
BRDA:311,23,0,0
BRDA:311,23,1,0
BRDA:319,24,0,0
BRDA:319,24,1,0
BRDA:321,25,0,0
BRDA:321,25,1,0
BRDA:331,26,0,0
BRDA:331,26,1,0
BRDA:336,27,0,0
BRDA:336,27,1,0
BRDA:336,28,0,0
BRDA:336,28,1,0
BRDA:342,29,0,0
BRDA:342,29,1,0
BRF:59
BRH:0
end_of_record
TN:
SF:src/cli/processor.js
FN:15,main
FNF:1
FNH:0
FNDA:0,main
DA:16,0
DA:17,0
DA:18,0
DA:19,0
DA:22,0
DA:25,0
DA:27,0
DA:28,0
DA:30,0
DA:31,0
DA:34,0
DA:37,0
DA:38,0
DA:39,0
DA:41,0
DA:42,0
DA:45,0
DA:50,0
LF:18
LH:0
BRDA:30,0,0,0
BRDA:30,0,1,0
BRDA:41,1,0,0
BRDA:41,1,1,0
BRF:4
BRH:0
end_of_record
TN:
SF:src/config/index.js
FN:68,(anonymous_0)
FN:77,(anonymous_1)
FN:129,(anonymous_2)
FN:137,(anonymous_3)
FN:146,(anonymous_4)
FN:156,(anonymous_5)
FN:173,(anonymous_6)
FNF:7
FNH:6
FNDA:21,(anonymous_0)
FNDA:21,(anonymous_1)
FNDA:63,(anonymous_2)
FNDA:0,(anonymous_3)
FNDA:3,(anonymous_4)
FNDA:1,(anonymous_5)
FNDA:1,(anonymous_6)
DA:11,14
DA:17,14
DA:69,21
DA:78,21
DA:130,63
DA:138,0
DA:147,3
DA:148,3
DA:157,1
DA:160,1
DA:161,1
DA:162,0
DA:165,1
DA:174,1
DA:179,14
LF:15
LH:13
BRDA:81,0,0,21
BRDA:81,0,1,0
BRDA:82,1,0,21
BRDA:82,1,1,0
BRDA:83,2,0,21
BRDA:83,2,1,0
BRDA:84,3,0,21
BRDA:84,3,1,0
BRDA:85,4,0,21
BRDA:85,4,1,21
BRDA:86,5,0,21
BRDA:86,5,1,21
BRDA:91,6,0,21
BRDA:91,6,1,21
BRDA:92,7,0,21
BRDA:92,7,1,0
BRDA:93,8,0,21
BRDA:93,8,1,0
BRDA:94,9,0,21
BRDA:94,9,1,0
BRDA:100,10,0,21
BRDA:100,10,1,0
BRDA:101,11,0,21
BRDA:101,11,1,0
BRDA:102,12,0,21
BRDA:102,12,1,0
BRDA:103,13,0,21
BRDA:103,13,1,0
BRDA:111,14,0,21
BRDA:111,14,1,0
BRDA:112,15,0,21
BRDA:112,15,1,0
BRDA:113,16,0,21
BRDA:113,16,1,0
BRDA:117,17,0,21
BRDA:117,17,1,0
BRDA:118,18,0,21
BRDA:118,18,1,0
BRDA:119,19,0,21
BRDA:119,19,1,0
BRDA:130,20,0,63
BRDA:130,20,1,1
BRDA:147,21,0,3
BRDA:147,21,1,0
BRDA:161,22,0,0
BRDA:161,22,1,1
BRDA:161,23,0,1
BRDA:161,23,1,1
BRDA:161,23,2,0
BRDA:161,23,3,0
BRDA:161,23,4,0
BRF:51
BRH:29
end_of_record
TN:
SF:src/core/csv-generator.js
FN:19,(anonymous_0)
FN:40,(anonymous_1)
FN:54,(anonymous_2)
FN:68,(anonymous_3)
FN:81,(anonymous_4)
FN:95,(anonymous_5)
FN:109,(anonymous_6)
FN:125,(anonymous_7)
FN:154,(anonymous_8)
FN:205,(anonymous_9)
FN:298,(anonymous_10)
FN:304,(anonymous_11)
FN:342,(anonymous_12)
FN:353,(anonymous_13)
FN:368,(anonymous_14)
FN:394,(anonymous_15)
FN:398,(anonymous_16)
FN:424,(anonymous_17)
FN:450,(anonymous_18)
FN:482,(anonymous_19)
FN:527,(anonymous_20)
FN:536,(anonymous_21)
FN:538,(anonymous_22)
FN:538,(anonymous_23)
FN:641,(anonymous_24)
FN:645,(anonymous_25)
FN:670,(anonymous_26)
FN:691,(anonymous_27)
FN:715,(anonymous_28)
FN:727,(anonymous_29)
FN:759,(anonymous_30)
FN:789,(anonymous_31)
FN:856,(anonymous_32)
FN:917,(anonymous_33)
FN:918,(anonymous_34)
FN:942,(anonymous_35)
FN:945,(anonymous_36)
FN:967,(anonymous_37)
FNF:38
FNH:17
FNDA:24,(anonymous_0)
FNDA:5,(anonymous_1)
FNDA:3,(anonymous_2)
FNDA:2,(anonymous_3)
FNDA:3,(anonymous_4)
FNDA:5,(anonymous_5)
FNDA:0,(anonymous_6)
FNDA:1,(anonymous_7)
FNDA:2,(anonymous_8)
FNDA:5,(anonymous_9)
FNDA:13,(anonymous_10)
FNDA:3,(anonymous_11)
FNDA:0,(anonymous_12)
FNDA:2,(anonymous_13)
FNDA:1,(anonymous_14)
FNDA:1,(anonymous_15)
FNDA:0,(anonymous_16)
FNDA:3,(anonymous_17)
FNDA:1,(anonymous_18)
FNDA:0,(anonymous_19)
FNDA:0,(anonymous_20)
FNDA:0,(anonymous_21)
FNDA:0,(anonymous_22)
FNDA:0,(anonymous_23)
FNDA:0,(anonymous_24)
FNDA:0,(anonymous_25)
FNDA:0,(anonymous_26)
FNDA:0,(anonymous_27)
FNDA:0,(anonymous_28)
FNDA:0,(anonymous_29)
FNDA:2,(anonymous_30)
FNDA:0,(anonymous_31)
FNDA:0,(anonymous_32)
FNDA:0,(anonymous_33)
FNDA:0,(anonymous_34)
FNDA:0,(anonymous_35)
FNDA:0,(anonymous_36)
FNDA:0,(anonymous_37)
DA:20,24
DA:21,24
DA:22,24
DA:26,1
DA:30,1
DA:32,1
DA:41,5
DA:43,2
DA:45,2
DA:55,3
DA:56,3
DA:57,0
DA:59,3
DA:69,2
DA:82,3
DA:96,5
DA:97,5
DA:98,5
DA:100,5
DA:110,0
DA:127,1
DA:128,3
DA:129,0
DA:134,1
DA:135,1
DA:139,0
DA:140,0
DA:144,0
DA:155,2
DA:156,2
DA:157,2
DA:160,2
DA:172,2
DA:173,11
DA:174,11
DA:177,1
DA:178,0
DA:179,0
DA:180,0
DA:184,1
DA:185,1
DA:186,1
DA:187,1
DA:191,1
DA:194,0
DA:195,0
DA:206,5
DA:208,5
DA:210,5
DA:221,5
DA:222,5
DA:223,2
DA:224,2
DA:225,2
DA:229,3
DA:230,3
DA:231,1
DA:232,1
DA:237,1
DA:238,1
DA:239,1
DA:243,2
DA:244,2
DA:245,1
DA:246,1
DA:247,1
DA:248,1
DA:252,1
DA:253,1
DA:254,0
DA:255,0
DA:260,0
DA:261,0
DA:262,0
DA:266,1
DA:267,1
DA:268,0
DA:269,0
DA:270,0
DA:271,0
DA:272,0
DA:273,0
DA:274,0
DA:277,1
DA:280,0
DA:299,13
DA:300,2
DA:301,2
DA:305,3
DA:306,3
DA:307,3
DA:310,3
DA:311,3
DA:312,1
DA:313,1
DA:314,1
DA:315,1
DA:320,2
DA:321,0
DA:323,2
DA:327,2
DA:328,2
DA:329,12
DA:330,12
DA:331,12
DA:332,1
DA:333,1
DA:338,1
DA:339,1
DA:340,0
DA:342,0
DA:344,0
DA:345,0
DA:349,1
DA:350,1
DA:353,2
DA:354,1
DA:357,0
DA:358,0
DA:369,1
DA:395,1
DA:397,1
DA:398,0
DA:401,0
DA:402,0
DA:403,0
DA:407,0
DA:408,0
DA:409,0
DA:413,0
DA:414,0
DA:415,0
DA:418,0
DA:421,1
DA:425,3
DA:426,3
DA:428,3
DA:429,2
DA:433,1
DA:434,1
DA:437,1
DA:438,1
DA:442,1
DA:443,0
DA:447,1
DA:450,1
DA:451,1
DA:457,1
DA:459,1
DA:460,0
DA:466,1
DA:467,1
DA:469,1
DA:484,0
DA:485,0
DA:493,0
DA:494,0
DA:495,0
DA:496,0
DA:499,0
DA:500,0
DA:508,0
DA:509,0
DA:518,0
DA:521,0
DA:522,0
DA:523,0
DA:524,0
DA:527,0
DA:528,0
DA:529,0
DA:530,0
DA:532,0
DA:536,0
DA:537,0
DA:538,0
DA:541,0
DA:542,0
DA:543,0
DA:544,0
DA:545,0
DA:554,0
DA:555,0
DA:556,0
DA:557,0
DA:558,0
DA:566,0
DA:570,0
DA:571,0
DA:574,0
DA:575,0
DA:578,0
DA:579,0
DA:580,0
DA:583,0
DA:584,0
DA:585,0
DA:588,0
DA:589,0
DA:592,0
DA:597,0
DA:598,0
DA:599,0
DA:600,0
DA:601,0
DA:602,0
DA:603,0
DA:611,0
DA:620,0
DA:621,0
DA:622,0
DA:623,0
DA:626,0
DA:633,0
DA:638,0
DA:639,0
DA:641,0
DA:642,0
DA:645,0
DA:646,0
DA:649,0
DA:650,0
DA:651,0
DA:652,0
DA:656,0
DA:659,0
DA:660,0
DA:673,0
DA:674,0
DA:677,0
DA:678,0
DA:679,0
DA:680,0
DA:682,0
DA:683,0
DA:688,0
DA:689,0
DA:691,0
DA:692,0
DA:693,0
DA:696,0
DA:698,0
DA:700,0
DA:704,0
DA:708,0
DA:709,0
DA:715,0
DA:716,0
DA:717,0
DA:718,0
DA:721,0
DA:726,0
DA:727,0
DA:728,0
DA:733,0
DA:734,0
DA:735,0
DA:737,0
DA:743,0
DA:746,0
DA:748,0
DA:760,2
DA:762,2
DA:764,2
DA:765,2
DA:768,2
DA:769,2
DA:773,2
DA:776,0
DA:777,0
DA:790,0
DA:791,0
DA:793,0
DA:795,0
DA:799,0
DA:802,0
DA:806,0
DA:807,0
DA:808,0
DA:811,0
DA:812,0
DA:816,0
DA:819,0
DA:823,0
DA:826,0
DA:829,0
DA:830,0
DA:833,0
DA:847,0
DA:848,0
DA:857,0
DA:858,0
DA:859,0
DA:860,0
DA:863,0
DA:864,0
DA:866,0
DA:867,0
DA:869,0
DA:870,0
DA:874,0
DA:875,0
DA:877,0
DA:879,0
DA:880,0
DA:884,0
DA:886,0
DA:887,0
DA:890,0
DA:891,0
DA:894,0
DA:895,0
DA:896,0
DA:897,0
DA:899,0
DA:900,0
DA:905,0
DA:906,0
DA:908,0
DA:909,0
DA:910,0
DA:911,0
DA:914,0
DA:917,0
DA:918,0
DA:920,0
DA:921,0
DA:922,0
DA:923,0
DA:926,0
DA:927,0
DA:930,0
DA:942,0
DA:944,0
DA:945,0
DA:946,0
DA:950,0
DA:951,0
DA:953,0
DA:954,0
DA:957,0
DA:967,0
DA:974,0
DA:975,0
DA:977,0
DA:978,0
DA:979,0
DA:980,0
DA:981,0
DA:983,0
DA:986,0
LF:351
LH:116
BRDA:19,0,0,1
BRDA:21,1,0,24
BRDA:21,1,1,2
BRDA:21,1,2,2
BRDA:22,2,0,24
BRDA:22,2,1,23
BRDA:22,2,2,23
BRDA:41,3,0,3
BRDA:41,3,1,2
BRDA:56,4,0,0
BRDA:56,4,1,3
BRDA:56,5,0,3
BRDA:56,5,1,0
BRDA:97,6,0,10
BRDA:97,6,1,5
BRDA:98,7,0,5
BRDA:98,7,1,0
BRDA:128,8,0,0
BRDA:128,8,1,3
BRDA:134,9,0,1
BRDA:134,9,1,0
BRDA:134,10,0,1
BRDA:134,10,1,1
BRDA:134,10,2,1
BRDA:139,11,0,0
BRDA:139,11,1,0
BRDA:139,12,0,0
BRDA:139,12,1,0
BRDA:174,13,0,10
BRDA:174,13,1,1
BRDA:177,14,0,0
BRDA:177,14,1,1
BRDA:180,15,0,0
BRDA:180,15,1,0
BRDA:185,16,0,1
BRDA:185,16,1,0
BRDA:187,17,0,1
BRDA:187,17,1,0
BRDA:206,18,0,0
BRDA:206,18,1,5
BRDA:222,19,0,2
BRDA:222,19,1,3
BRDA:224,20,0,2
BRDA:224,20,1,1
BRDA:230,21,0,1
BRDA:230,21,1,2
BRDA:244,22,0,1
BRDA:244,22,1,1
BRDA:253,23,0,0
BRDA:253,23,1,1
BRDA:267,24,0,0
BRDA:267,24,1,1
BRDA:299,25,0,11
BRDA:299,25,1,2
BRDA:299,26,0,13
BRDA:299,26,1,2
BRDA:301,27,0,2
BRDA:301,27,1,0
BRDA:313,28,0,1
BRDA:313,28,1,0
BRDA:314,29,0,0
BRDA:314,29,1,1
BRDA:320,30,0,0
BRDA:320,30,1,2
BRDA:331,31,0,1
BRDA:331,31,1,11
BRDA:332,32,0,0
BRDA:332,32,1,1
BRDA:339,33,0,0
BRDA:339,33,1,1
BRDA:339,34,0,1
BRDA:339,34,1,1
BRDA:339,34,2,0
BRDA:344,35,0,0
BRDA:344,35,1,0
BRDA:401,36,0,0
BRDA:401,36,1,0
BRDA:401,37,0,0
BRDA:401,37,1,0
BRDA:401,37,2,0
BRDA:407,38,0,0
BRDA:407,38,1,0
BRDA:407,39,0,0
BRDA:407,39,1,0
BRDA:413,40,0,0
BRDA:413,40,1,0
BRDA:413,41,0,0
BRDA:413,41,1,0
BRDA:428,42,0,2
BRDA:428,42,1,1
BRDA:437,43,0,2
BRDA:437,43,1,2
BRDA:442,44,0,1
BRDA:442,44,1,1
BRDA:451,45,0,1
BRDA:451,45,1,1
BRDA:451,45,2,1
BRDA:457,46,0,1
BRDA:457,46,1,0
BRDA:459,47,0,0
BRDA:459,47,1,1
BRDA:459,48,0,1
BRDA:459,48,1,1
BRDA:460,49,0,0
BRDA:460,49,1,0
BRDA:460,50,0,0
BRDA:460,50,1,0
BRDA:482,51,0,0
BRDA:482,52,0,0
BRDA:484,53,0,0
BRDA:484,53,1,0
BRDA:484,54,0,0
BRDA:484,54,1,0
BRDA:494,55,0,0
BRDA:494,55,1,0
BRDA:494,56,0,0
BRDA:494,56,1,0
BRDA:495,57,0,0
BRDA:495,57,1,0
BRDA:496,58,0,0
BRDA:496,58,1,0
BRDA:499,59,0,0
BRDA:499,59,1,0
BRDA:499,60,0,0
BRDA:499,60,1,0
BRDA:508,61,0,0
BRDA:508,61,1,0
BRDA:508,62,0,0
BRDA:508,62,1,0
BRDA:508,62,2,0
BRDA:521,63,0,0
BRDA:521,63,1,0
BRDA:528,64,0,0
BRDA:528,64,1,0
BRDA:529,65,0,0
BRDA:529,65,1,0
BRDA:529,66,0,0
BRDA:529,66,1,0
BRDA:537,67,0,0
BRDA:537,67,1,0
BRDA:544,68,0,0
BRDA:544,68,1,0
BRDA:556,69,0,0
BRDA:556,69,1,0
BRDA:557,70,0,0
BRDA:557,70,1,0
BRDA:571,71,0,0
BRDA:571,71,1,0
BRDA:575,72,0,0
BRDA:575,72,1,0
BRDA:578,73,0,0
BRDA:578,73,1,0
BRDA:578,74,0,0
BRDA:578,74,1,0
BRDA:583,75,0,0
BRDA:583,75,1,0
BRDA:583,76,0,0
BRDA:583,76,1,0
BRDA:588,77,0,0
BRDA:588,77,1,0
BRDA:588,78,0,0
BRDA:588,78,1,0
BRDA:597,79,0,0
BRDA:597,79,1,0
BRDA:602,80,0,0
BRDA:602,80,1,0
BRDA:602,81,0,0
BRDA:602,81,1,0
BRDA:642,82,0,0
BRDA:642,82,1,0
BRDA:646,83,0,0
BRDA:646,83,1,0
BRDA:649,84,0,0
BRDA:649,84,1,0
BRDA:651,85,0,0
BRDA:651,85,1,0
BRDA:673,86,0,0
BRDA:673,86,1,0
BRDA:673,87,0,0
BRDA:673,87,1,0
BRDA:682,88,0,0
BRDA:682,88,1,0
BRDA:692,89,0,0
BRDA:692,89,1,0
BRDA:693,90,0,0
BRDA:693,90,1,0
BRDA:698,91,0,0
BRDA:698,91,1,0
BRDA:700,92,0,0
BRDA:700,92,1,0
BRDA:704,93,0,0
BRDA:704,93,1,0
BRDA:708,94,0,0
BRDA:708,94,1,0
BRDA:708,95,0,0
BRDA:708,95,1,0
BRDA:717,96,0,0
BRDA:717,96,1,0
BRDA:733,97,0,0
BRDA:733,97,1,0
BRDA:735,98,0,0
BRDA:735,98,1,0
BRDA:760,99,0,0
BRDA:760,99,1,2
BRDA:765,100,0,2
BRDA:765,100,1,0
BRDA:769,101,0,1
BRDA:769,101,1,1
BRDA:777,102,0,0
BRDA:777,102,1,0
BRDA:826,103,0,0
BRDA:826,103,1,0
BRDA:829,104,0,0
BRDA:829,104,1,0
BRDA:841,105,0,0
BRDA:841,105,1,0
BRDA:869,106,0,0
BRDA:869,106,1,0
BRDA:869,107,0,0
BRDA:869,107,1,0
BRDA:874,108,0,0
BRDA:874,108,1,0
BRDA:875,109,0,0
BRDA:875,109,1,0
BRDA:879,110,0,0
BRDA:879,110,1,0
BRDA:886,111,0,0
BRDA:886,111,1,0
BRDA:891,112,0,0
BRDA:891,112,1,0
BRDA:894,113,0,0
BRDA:894,113,1,0
BRDA:894,114,0,0
BRDA:894,114,1,0
BRDA:896,115,0,0
BRDA:896,115,1,0
BRDA:899,116,0,0
BRDA:899,116,1,0
BRDA:945,117,0,0
BRDA:945,117,1,0
BRF:240
BRH:66
end_of_record
TN:
SF:src/core/image-downloader.js
FN:20,(anonymous_0)
FN:30,(anonymous_1)
FN:49,(anonymous_2)
FN:54,(anonymous_3)
FN:59,(anonymous_4)
FN:71,(anonymous_5)
FN:91,(anonymous_6)
FN:112,(anonymous_7)
FN:126,(anonymous_8)
FN:142,(anonymous_9)
FN:163,(anonymous_10)
FN:193,(anonymous_11)
FN:211,(anonymous_12)
FN:229,(anonymous_13)
FN:230,(anonymous_14)
FN:238,(anonymous_15)
FN:353,(anonymous_16)
FN:447,(anonymous_17)
FN:486,(anonymous_18)
FN:510,(anonymous_19)
FN:512,(anonymous_20)
FN:566,(anonymous_21)
FN:644,(anonymous_22)
FN:668,(anonymous_23)
FN:678,(anonymous_24)
FN:700,(anonymous_25)
FN:706,(anonymous_26)
FN:722,(anonymous_27)
FNF:28
FNH:4
FNDA:7,(anonymous_0)
FNDA:4,(anonymous_1)
FNDA:40,(anonymous_2)
FNDA:16,(anonymous_3)
FNDA:0,(anonymous_4)
FNDA:0,(anonymous_5)
FNDA:0,(anonymous_6)
FNDA:0,(anonymous_7)
FNDA:0,(anonymous_8)
FNDA:0,(anonymous_9)
FNDA:0,(anonymous_10)
FNDA:0,(anonymous_11)
FNDA:0,(anonymous_12)
FNDA:0,(anonymous_13)
FNDA:0,(anonymous_14)
FNDA:0,(anonymous_15)
FNDA:0,(anonymous_16)
FNDA:0,(anonymous_17)
FNDA:0,(anonymous_18)
FNDA:0,(anonymous_19)
FNDA:0,(anonymous_20)
FNDA:0,(anonymous_21)
FNDA:0,(anonymous_22)
FNDA:0,(anonymous_23)
FNDA:0,(anonymous_24)
FNDA:0,(anonymous_25)
FNDA:0,(anonymous_26)
FNDA:0,(anonymous_27)
DA:21,7
DA:31,4
DA:34,4
DA:42,4
DA:49,40
DA:50,2
DA:54,16
DA:55,1
DA:59,1
DA:60,0
DA:64,1
DA:65,0
DA:71,0
DA:72,0
DA:77,1
DA:78,0
DA:86,0
DA:87,0
DA:88,0
DA:91,0
DA:92,0
DA:94,0
DA:100,0
DA:105,1
DA:106,0
DA:107,0
DA:112,0
DA:113,0
DA:117,1
DA:127,0
DA:128,0
DA:130,0
DA:132,0
DA:143,0
DA:145,0
DA:146,0
DA:148,0
DA:149,0
DA:151,0
DA:153,0
DA:165,0
DA:166,0
DA:167,0
DA:168,0
DA:171,0
DA:172,0
DA:176,0
DA:177,0
DA:180,0
DA:183,0
DA:194,0
DA:195,0
DA:196,0
DA:197,0
DA:198,0
DA:199,0
DA:202,0
DA:204,0
DA:205,0
DA:206,0
DA:209,0
DA:211,0
DA:213,0
DA:214,0
DA:215,0
DA:218,0
DA:221,0
DA:222,0
DA:223,0
DA:226,0
DA:227,0
DA:228,0
DA:229,0
DA:230,0
DA:232,0
DA:233,0
DA:238,0
DA:239,0
DA:242,0
DA:243,0
DA:244,0
DA:245,0
DA:248,0
DA:252,0
DA:254,0
DA:257,0
DA:258,0
DA:259,0
DA:262,0
DA:272,0
DA:273,0
DA:274,0
DA:278,0
DA:281,0
DA:282,0
DA:283,0
DA:291,0
DA:292,0
DA:295,0
DA:296,0
DA:298,0
DA:301,0
DA:302,0
DA:303,0
DA:304,0
DA:306,0
DA:310,0
DA:312,0
DA:315,0
DA:316,0
DA:317,0
DA:320,0
DA:330,0
DA:331,0
DA:332,0
DA:336,0
DA:338,0
DA:339,0
DA:340,0
DA:341,0
DA:346,0
DA:347,0
DA:351,0
DA:353,0
DA:355,0
DA:356,0
DA:357,0
DA:360,0
DA:361,0
DA:363,0
DA:364,0
DA:367,0
DA:368,0
DA:369,0
DA:372,0
DA:377,0
DA:380,0
DA:381,0
DA:382,0
DA:385,0
DA:395,0
DA:396,0
DA:397,0
DA:401,0
DA:404,0
DA:405,0
DA:406,0
DA:407,0
DA:413,0
DA:417,0
DA:418,0
DA:422,0
DA:423,0
DA:427,0
DA:428,0
DA:432,0
DA:433,0
DA:436,0
DA:448,0
DA:449,0
DA:450,0
DA:451,0
DA:454,0
DA:455,0
DA:459,0
DA:462,0
DA:463,0
DA:464,0
DA:468,0
DA:473,0
DA:475,0
DA:476,0
DA:487,0
DA:499,0
DA:511,0
DA:512,0
DA:514,0
DA:515,0
DA:522,0
DA:524,0
DA:525,0
DA:529,0
DA:530,0
DA:531,0
DA:533,0
DA:534,0
DA:535,0
DA:537,0
DA:538,0
DA:539,0
DA:540,0
DA:544,0
DA:545,0
DA:546,0
DA:548,0
DA:557,0
DA:558,0
DA:567,0
DA:568,0
DA:569,0
DA:572,0
DA:573,0
DA:574,0
DA:576,0
DA:578,0
DA:579,0
DA:581,0
DA:582,0
DA:585,0
DA:588,0
DA:589,0
DA:591,0
DA:592,0
DA:593,0
DA:594,0
DA:596,0
DA:597,0
DA:598,0
DA:601,0
DA:602,0
DA:603,0
DA:607,0
DA:608,0
DA:610,0
DA:611,0
DA:612,0
DA:613,0
DA:617,0
DA:618,0
DA:619,0
DA:620,0
DA:621,0
DA:623,0
DA:624,0
DA:625,0
DA:629,0
DA:630,0
DA:632,0
DA:633,0
DA:634,0
DA:637,0
DA:638,0
DA:641,0
DA:642,0
DA:644,0
DA:645,0
DA:647,0
DA:648,0
DA:651,0
DA:654,0
DA:655,0
DA:656,0
DA:657,0
DA:666,0
DA:667,0
DA:668,0
DA:672,0
DA:676,0
DA:678,0
DA:679,0
DA:680,0
DA:682,0
DA:684,0
DA:688,0
DA:690,0
DA:691,0
DA:694,0
DA:700,0
DA:706,0
DA:712,0
DA:713,0
DA:715,0
DA:716,0
DA:717,0
DA:718,0
DA:719,0
DA:721,0
DA:722,0
DA:723,0
DA:726,0
DA:734,0
LF:281
LH:13
BRDA:20,0,0,6
BRDA:49,1,0,2
BRDA:49,1,1,2
BRDA:54,2,0,1
BRDA:54,2,1,1
BRDA:54,3,0,2
BRDA:54,3,1,2
BRDA:59,4,0,0
BRDA:59,4,1,1
BRDA:59,5,0,1
BRDA:59,5,1,0
BRDA:64,6,0,0
BRDA:64,6,1,1
BRDA:64,7,0,1
BRDA:64,7,1,0
BRDA:71,8,0,0
BRDA:71,8,1,0
BRDA:77,9,0,0
BRDA:77,9,1,1
BRDA:87,10,0,0
BRDA:87,10,1,0
BRDA:88,11,0,0
BRDA:88,11,1,0
BRDA:91,12,0,0
BRDA:91,12,1,0
BRDA:105,13,0,0
BRDA:105,13,1,1
BRDA:105,14,0,1
BRDA:105,14,1,0
BRDA:106,15,0,0
BRDA:106,15,1,0
BRDA:112,16,0,0
BRDA:112,16,1,0
BRDA:146,17,0,0
BRDA:146,17,1,0
BRDA:146,18,0,0
BRDA:146,18,1,0
BRDA:166,19,0,0
BRDA:166,19,1,0
BRDA:168,20,0,0
BRDA:168,20,1,0
BRDA:171,21,0,0
BRDA:171,21,1,0
BRDA:171,22,0,0
BRDA:171,22,1,0
BRDA:171,22,2,0
BRDA:176,23,0,0
BRDA:176,23,1,0
BRDA:213,24,0,0
BRDA:213,24,1,0
BRDA:221,25,0,0
BRDA:221,25,1,0
BRDA:222,26,0,0
BRDA:222,26,1,0
BRDA:223,27,0,0
BRDA:223,27,1,0
BRDA:227,28,0,0
BRDA:227,28,1,0
BRDA:230,29,0,0
BRDA:230,29,1,0
BRDA:230,29,2,0
BRDA:232,30,0,0
BRDA:232,30,1,0
BRDA:232,31,0,0
BRDA:232,31,1,0
BRDA:239,32,0,0
BRDA:239,32,1,0
BRDA:243,33,0,0
BRDA:243,33,1,0
BRDA:244,34,0,0
BRDA:244,34,1,0
BRDA:252,35,0,0
BRDA:252,35,1,0
BRDA:252,36,0,0
BRDA:252,36,1,0
BRDA:257,37,0,0
BRDA:257,37,1,0
BRDA:266,38,0,0
BRDA:266,38,1,0
BRDA:267,39,0,0
BRDA:267,39,1,0
BRDA:273,40,0,0
BRDA:273,40,1,0
BRDA:298,41,0,0
BRDA:298,41,1,0
BRDA:302,42,0,0
BRDA:302,42,1,0
BRDA:303,43,0,0
BRDA:303,43,1,0
BRDA:310,44,0,0
BRDA:310,44,1,0
BRDA:310,45,0,0
BRDA:310,45,1,0
BRDA:315,46,0,0
BRDA:315,46,1,0
BRDA:331,47,0,0
BRDA:331,47,1,0
BRDA:346,48,0,0
BRDA:346,48,1,0
BRDA:355,49,0,0
BRDA:355,49,1,0
BRDA:360,50,0,0
BRDA:360,50,1,0
BRDA:363,51,0,0
BRDA:363,51,1,0
BRDA:363,52,0,0
BRDA:363,52,1,0
BRDA:367,53,0,0
BRDA:367,53,1,0
BRDA:368,54,0,0
BRDA:368,54,1,0
BRDA:380,55,0,0
BRDA:380,55,1,0
BRDA:389,56,0,0
BRDA:389,56,1,0
BRDA:396,57,0,0
BRDA:396,57,1,0
BRDA:417,58,0,0
BRDA:417,58,1,0
BRDA:422,59,0,0
BRDA:422,59,1,0
BRDA:427,60,0,0
BRDA:427,60,1,0
BRDA:432,61,0,0
BRDA:432,61,1,0
BRDA:454,62,0,0
BRDA:454,62,1,0
BRDA:454,63,0,0
BRDA:454,63,1,0
BRDA:463,64,0,0
BRDA:463,64,1,0
BRDA:463,65,0,0
BRDA:463,65,1,0
BRDA:499,66,0,0
BRDA:499,66,1,0
BRDA:524,67,0,0
BRDA:524,67,1,0
BRDA:529,68,0,0
BRDA:529,68,1,0
BRDA:533,69,0,0
BRDA:533,69,1,0
BRDA:537,70,0,0
BRDA:537,70,1,0
BRDA:567,71,0,0
BRDA:567,71,1,0
BRDA:573,72,0,0
BRDA:573,72,1,0
BRDA:578,73,0,0
BRDA:578,73,1,0
BRDA:581,74,0,0
BRDA:581,74,1,0
BRDA:596,75,0,0
BRDA:596,75,1,0
BRDA:596,76,0,0
BRDA:596,76,1,0
BRDA:611,77,0,0
BRDA:611,77,1,0
BRDA:623,78,0,0
BRDA:623,78,1,0
BRDA:647,79,0,0
BRDA:647,79,1,0
BRDA:655,80,0,0
BRDA:655,80,1,0
BRDA:679,81,0,0
BRDA:679,81,1,0
BRDA:684,82,0,0
BRDA:684,82,1,0
BRDA:704,83,0,0
BRDA:704,83,1,0
BRDA:707,84,0,0
BRDA:707,84,1,0
BRDA:708,85,0,0
BRDA:708,85,1,0
BRDA:721,86,0,0
BRDA:721,86,1,0
BRDA:722,87,0,0
BRDA:722,87,1,0
BRF:177
BRH:14
end_of_record
TN:
SF:src/core/processor.js
FN:19,(anonymous_0)
FN:39,(anonymous_1)
FN:62,(anonymous_2)
FN:65,(anonymous_3)
FN:74,(anonymous_4)
FN:75,(anonymous_5)
FN:131,(anonymous_6)
FN:140,(anonymous_7)
FN:154,(anonymous_8)
FN:187,(anonymous_9)
FN:315,(anonymous_10)
FN:336,(anonymous_11)
FN:342,(anonymous_12)
FN:406,(anonymous_13)
FN:409,(anonymous_14)
FN:425,(anonymous_15)
FN:429,(anonymous_16)
FN:451,(anonymous_17)
FN:494,(anonymous_18)
FN:496,(anonymous_19)
FN:503,(anonymous_20)
FN:576,(anonymous_21)
FN:597,(anonymous_22)
FN:611,(anonymous_23)
FN:615,(anonymous_24)
FN:623,(anonymous_25)
FN:660,(anonymous_26)
FN:709,(anonymous_27)
FN:721,(anonymous_28)
FN:721,(anonymous_29)
FN:806,(anonymous_30)
FN:818,(anonymous_31)
FN:818,(anonymous_32)
FN:916,(anonymous_33)
FN:1014,(anonymous_34)
FN:1020,(anonymous_35)
FN:1050,(anonymous_36)
FN:1096,(anonymous_37)
FN:1139,(anonymous_38)
FN:1182,(anonymous_39)
FN:1184,(anonymous_40)
FN:1196,(anonymous_41)
FN:1239,(anonymous_42)
FN:1261,(anonymous_43)
FN:1268,(anonymous_44)
FN:1295,(anonymous_45)
FN:1322,(anonymous_46)
FN:1326,(anonymous_47)
FN:1347,(anonymous_48)
FN:1384,(anonymous_49)
FN:1397,(anonymous_50)
FN:1427,(anonymous_51)
FN:1435,(anonymous_52)
FN:1457,(anonymous_53)
FN:1469,(anonymous_54)
FN:1483,(anonymous_55)
FN:1507,(anonymous_56)
FN:1520,(anonymous_57)
FN:1524,(anonymous_58)
FN:1538,(anonymous_59)
FN:1571,(anonymous_60)
FN:1587,(anonymous_61)
FN:1602,(anonymous_62)
FN:1608,(anonymous_63)
FN:1622,(anonymous_64)
FN:1627,(anonymous_65)
FN:1640,(anonymous_66)
FN:1644,(anonymous_67)
FN:1668,(anonymous_68)
FN:1691,(anonymous_69)
FN:1694,(anonymous_70)
FN:1759,(anonymous_71)
FN:1761,(anonymous_72)
FN:1777,(anonymous_73)
FN:1789,(anonymous_74)
FN:1808,(anonymous_75)
FN:1816,(anonymous_76)
FN:1822,(anonymous_77)
FN:1823,(anonymous_78)
FN:1837,(anonymous_79)
FN:1847,(anonymous_80)
FN:1858,(anonymous_81)
FN:1864,(anonymous_82)
FN:1865,(anonymous_83)
FN:1879,(anonymous_84)
FN:1910,(anonymous_85)
FN:1927,(anonymous_86)
FN:1936,(anonymous_87)
FN:1972,(anonymous_88)
FN:2014,(anonymous_89)
FN:2039,(anonymous_90)
FN:2048,(anonymous_91)
FN:2061,(anonymous_92)
FN:2084,(anonymous_93)
FN:2093,(anonymous_94)
FN:2096,(anonymous_95)
FN:2108,(anonymous_96)
FN:2132,(anonymous_97)
FN:2151,(anonymous_98)
FN:2160,(anonymous_99)
FN:2176,(anonymous_100)
FN:2189,(anonymous_101)
FN:2213,(anonymous_102)
FN:2284,(anonymous_103)
FN:2293,(anonymous_104)
FN:2320,(anonymous_105)
FN:2391,(anonymous_106)
FN:2418,(anonymous_107)
FN:2485,(anonymous_108)
FN:2486,(anonymous_109)
FN:2494,(anonymous_110)
FN:2523,(anonymous_111)
FNF:112
FNH:1
FNDA:9,(anonymous_0)
FNDA:0,(anonymous_1)
FNDA:0,(anonymous_2)
FNDA:0,(anonymous_3)
FNDA:0,(anonymous_4)
FNDA:0,(anonymous_5)
FNDA:0,(anonymous_6)
FNDA:0,(anonymous_7)
FNDA:0,(anonymous_8)
FNDA:0,(anonymous_9)
FNDA:0,(anonymous_10)
FNDA:0,(anonymous_11)
FNDA:0,(anonymous_12)
FNDA:0,(anonymous_13)
FNDA:0,(anonymous_14)
FNDA:0,(anonymous_15)
FNDA:0,(anonymous_16)
FNDA:0,(anonymous_17)
FNDA:0,(anonymous_18)
FNDA:0,(anonymous_19)
FNDA:0,(anonymous_20)
FNDA:0,(anonymous_21)
FNDA:0,(anonymous_22)
FNDA:0,(anonymous_23)
FNDA:0,(anonymous_24)
FNDA:0,(anonymous_25)
FNDA:0,(anonymous_26)
FNDA:0,(anonymous_27)
FNDA:0,(anonymous_28)
FNDA:0,(anonymous_29)
FNDA:0,(anonymous_30)
FNDA:0,(anonymous_31)
FNDA:0,(anonymous_32)
FNDA:0,(anonymous_33)
FNDA:0,(anonymous_34)
FNDA:0,(anonymous_35)
FNDA:0,(anonymous_36)
FNDA:0,(anonymous_37)
FNDA:0,(anonymous_38)
FNDA:0,(anonymous_39)
FNDA:0,(anonymous_40)
FNDA:0,(anonymous_41)
FNDA:0,(anonymous_42)
FNDA:0,(anonymous_43)
FNDA:0,(anonymous_44)
FNDA:0,(anonymous_45)
FNDA:0,(anonymous_46)
FNDA:0,(anonymous_47)
FNDA:0,(anonymous_48)
FNDA:0,(anonymous_49)
FNDA:0,(anonymous_50)
FNDA:0,(anonymous_51)
FNDA:0,(anonymous_52)
FNDA:0,(anonymous_53)
FNDA:0,(anonymous_54)
FNDA:0,(anonymous_55)
FNDA:0,(anonymous_56)
FNDA:0,(anonymous_57)
FNDA:0,(anonymous_58)
FNDA:0,(anonymous_59)
FNDA:0,(anonymous_60)
FNDA:0,(anonymous_61)
FNDA:0,(anonymous_62)
FNDA:0,(anonymous_63)
FNDA:0,(anonymous_64)
FNDA:0,(anonymous_65)
FNDA:0,(anonymous_66)
FNDA:0,(anonymous_67)
FNDA:0,(anonymous_68)
FNDA:0,(anonymous_69)
FNDA:0,(anonymous_70)
FNDA:0,(anonymous_71)
FNDA:0,(anonymous_72)
FNDA:0,(anonymous_73)
FNDA:0,(anonymous_74)
FNDA:0,(anonymous_75)
FNDA:0,(anonymous_76)
FNDA:0,(anonymous_77)
FNDA:0,(anonymous_78)
FNDA:0,(anonymous_79)
FNDA:0,(anonymous_80)
FNDA:0,(anonymous_81)
FNDA:0,(anonymous_82)
FNDA:0,(anonymous_83)
FNDA:0,(anonymous_84)
FNDA:0,(anonymous_85)
FNDA:0,(anonymous_86)
FNDA:0,(anonymous_87)
FNDA:0,(anonymous_88)
FNDA:0,(anonymous_89)
FNDA:0,(anonymous_90)
FNDA:0,(anonymous_91)
FNDA:0,(anonymous_92)
FNDA:0,(anonymous_93)
FNDA:0,(anonymous_94)
FNDA:0,(anonymous_95)
FNDA:0,(anonymous_96)
FNDA:0,(anonymous_97)
FNDA:0,(anonymous_98)
FNDA:0,(anonymous_99)
FNDA:0,(anonymous_100)
FNDA:0,(anonymous_101)
FNDA:0,(anonymous_102)
FNDA:0,(anonymous_103)
FNDA:0,(anonymous_104)
FNDA:0,(anonymous_105)
FNDA:0,(anonymous_106)
FNDA:0,(anonymous_107)
FNDA:0,(anonymous_108)
FNDA:0,(anonymous_109)
FNDA:0,(anonymous_110)
FNDA:0,(anonymous_111)
DA:20,9
DA:21,9
DA:22,9
DA:23,9
DA:24,9
DA:41,0
DA:62,0
DA:67,0
DA:68,0
DA:69,0
DA:73,0
DA:74,0
DA:75,0
DA:78,0
DA:79,0
DA:80,0
DA:82,0
DA:83,0
DA:84,0
DA:85,0
DA:88,0
DA:90,0
DA:92,0
DA:95,0
DA:100,0
DA:101,0
DA:105,0
DA:108,0
DA:109,0
DA:110,0
DA:111,0
DA:112,0
DA:113,0
DA:114,0
DA:115,0
DA:116,0
DA:117,0
DA:118,0
DA:119,0
DA:123,0
DA:124,0
DA:125,0
DA:126,0
DA:127,0
DA:131,0
DA:141,0
DA:142,0
DA:144,0
DA:155,0
DA:157,0
DA:158,0
DA:159,0
DA:162,0
DA:165,0
DA:166,0
DA:168,0
DA:187,0
DA:188,0
DA:190,0
DA:191,0
DA:192,0
DA:195,0
DA:198,0
DA:202,0
DA:203,0
DA:204,0
DA:205,0
DA:206,0
DA:207,0
DA:208,0
DA:209,0
DA:210,0
DA:211,0
DA:212,0
DA:213,0
DA:214,0
DA:215,0
DA:216,0
DA:217,0
DA:218,0
DA:219,0
DA:220,0
DA:221,0
DA:222,0
DA:223,0
DA:224,0
DA:225,0
DA:226,0
DA:227,0
DA:228,0
DA:229,0
DA:230,0
DA:231,0
DA:232,0
DA:233,0
DA:234,0
DA:235,0
DA:236,0
DA:237,0
DA:238,0
DA:239,0
DA:240,0
DA:241,0
DA:242,0
DA:243,0
DA:244,0
DA:245,0
DA:246,0
DA:248,0
DA:250,0
DA:252,0
DA:253,0
DA:254,0
DA:255,0
DA:256,0
DA:258,0
DA:259,0
DA:260,0
DA:264,0
DA:265,0
DA:266,0
DA:267,0
DA:268,0
DA:270,0
DA:272,0
DA:273,0
DA:276,0
DA:277,0
DA:278,0
DA:279,0
DA:281,0
DA:285,0
DA:289,0
DA:290,0
DA:291,0
DA:292,0
DA:293,0
DA:294,0
DA:295,0
DA:296,0
DA:297,0
DA:298,0
DA:299,0
DA:300,0
DA:301,0
DA:302,0
DA:303,0
DA:304,0
DA:305,0
DA:317,0
DA:318,0
DA:322,0
DA:323,0
DA:324,0
DA:325,0
DA:328,0
DA:329,0
DA:330,0
DA:333,0
DA:334,0
DA:336,0
DA:337,0
DA:340,0
DA:341,0
DA:342,0
DA:344,0
DA:347,0
DA:350,0
DA:352,0
DA:353,0
DA:354,0
DA:357,0
DA:361,0
DA:365,0
DA:368,0
DA:369,0
DA:370,0
DA:373,0
DA:375,0
DA:377,0
DA:378,0
DA:379,0
DA:383,0
DA:385,0
DA:388,0
DA:389,0
DA:390,0
DA:391,0
DA:396,0
DA:397,0
DA:408,0
DA:409,0
DA:410,0
DA:411,0
DA:412,0
DA:415,0
DA:427,0
DA:428,0
DA:429,0
DA:430,0
DA:431,0
DA:432,0
DA:433,0
DA:436,0
DA:439,0
DA:440,0
DA:452,0
DA:455,0
DA:480,0
DA:494,0
DA:495,0
DA:496,0
DA:500,0
DA:501,0
DA:503,0
DA:504,0
DA:507,0
DA:510,0
DA:511,0
DA:513,0
DA:514,0
DA:518,0
DA:519,0
DA:520,0
DA:524,0
DA:526,0
DA:529,0
DA:530,0
DA:531,0
DA:533,0
DA:537,0
DA:540,0
DA:544,0
DA:546,0
DA:547,0
DA:548,0
DA:552,0
DA:553,0
DA:554,0
DA:559,0
DA:560,0
DA:565,0
DA:566,0
DA:568,0
DA:571,0
DA:576,0
DA:577,0
DA:578,0
DA:579,0
DA:580,0
DA:583,0
DA:587,0
DA:588,0
DA:598,0
DA:601,0
DA:608,0
DA:609,0
DA:611,0
DA:613,0
DA:615,0
DA:616,0
DA:617,0
DA:618,0
DA:621,0
DA:623,0
DA:624,0
DA:627,0
DA:628,0
DA:629,0
DA:630,0
DA:631,0
DA:634,0
DA:637,0
DA:640,0
DA:648,0
DA:649,0
DA:663,0
DA:664,0
DA:665,0
DA:666,0
DA:668,0
DA:669,0
DA:670,0
DA:672,0
DA:673,0
DA:674,0
DA:677,0
DA:678,0
DA:686,0
DA:687,0
DA:699,0
DA:700,0
DA:701,0
DA:702,0
DA:705,0
DA:706,0
DA:709,0
DA:710,0
DA:711,0
DA:714,0
DA:715,0
DA:717,0
DA:721,0
DA:724,0
DA:725,0
DA:726,0
DA:727,0
DA:730,0
DA:731,0
DA:732,0
DA:734,0
DA:736,0
DA:745,0
DA:746,0
DA:747,0
DA:748,0
DA:750,0
DA:751,0
DA:752,0
DA:753,0
DA:754,0
DA:758,0
DA:759,0
DA:766,0
DA:774,0
DA:775,0
DA:776,0
DA:777,0
DA:778,0
DA:779,0
DA:780,0
DA:784,0
DA:785,0
DA:792,0
DA:802,0
DA:803,0
DA:806,0
DA:807,0
DA:808,0
DA:811,0
DA:812,0
DA:814,0
DA:818,0
DA:820,0
DA:821,0
DA:822,0
DA:823,0
DA:826,0
DA:827,0
DA:828,0
DA:830,0
DA:831,0
DA:840,0
DA:841,0
DA:842,0
DA:843,0
DA:844,0
DA:845,0
DA:846,0
DA:847,0
DA:848,0
DA:852,0
DA:853,0
DA:861,0
DA:862,0
DA:863,0
DA:864,0
DA:865,0
DA:866,0
DA:867,0
DA:871,0
DA:872,0
DA:882,0
DA:883,0
DA:884,0
DA:885,0
DA:886,0
DA:887,0
DA:888,0
DA:889,0
DA:897,0
DA:898,0
DA:908,0
DA:915,0
DA:916,0
DA:917,0
DA:918,0
DA:922,0
DA:923,0
DA:924,0
DA:928,0
DA:932,0
DA:933,0
DA:937,0
DA:938,0
DA:939,0
DA:941,0
DA:942,0
DA:943,0
DA:945,0
DA:946,0
DA:947,0
DA:949,0
DA:950,0
DA:951,0
DA:955,0
DA:956,0
DA:957,0
DA:959,0
DA:960,0
DA:961,0
DA:963,0
DA:964,0
DA:965,0
DA:969,0
DA:970,0
DA:971,0
DA:975,0
DA:976,0
DA:977,0
DA:979,0
DA:980,0
DA:981,0
DA:985,0
DA:986,0
DA:987,0
DA:988,0
DA:990,0
DA:991,0
DA:992,0
DA:996,0
DA:997,0
DA:998,0
DA:1001,0
DA:1002,0
DA:1003,0
DA:1005,0
DA:1015,0
DA:1019,0
DA:1020,0
DA:1021,0
DA:1022,0
DA:1023,0
DA:1024,0
DA:1028,0
DA:1037,0
DA:1038,0
DA:1039,0
DA:1043,0
DA:1049,0
DA:1050,0
DA:1051,0
DA:1053,0
DA:1054,0
DA:1055,0
DA:1057,0
DA:1071,0
DA:1072,0
DA:1073,0
DA:1075,0
DA:1076,0
DA:1077,0
DA:1078,0
DA:1079,0
DA:1080,0
DA:1081,0
DA:1084,0
DA:1089,0
DA:1095,0
DA:1096,0
DA:1097,0
DA:1098,0
DA:1102,0
DA:1108,0
DA:1109,0
DA:1110,0
DA:1114,0
DA:1119,0
DA:1120,0
DA:1121,0
DA:1126,0
DA:1130,0
DA:1131,0
DA:1132,0
DA:1138,0
DA:1139,0
DA:1140,0
DA:1141,0
DA:1142,0
DA:1145,0
DA:1146,0
DA:1147,0
DA:1153,0
DA:1166,0
DA:1167,0
DA:1168,0
DA:1174,0
DA:1182,0
DA:1183,0
DA:1184,0
DA:1185,0
DA:1186,0
DA:1192,0
DA:1193,0
DA:1196,0
DA:1197,0
DA:1199,0
DA:1201,0
DA:1202,0
DA:1205,0
DA:1210,0
DA:1216,0
DA:1230,0
DA:1234,0
DA:1239,0
DA:1240,0
DA:1241,0
DA:1242,0
DA:1243,0
DA:1246,0
DA:1250,0
DA:1251,0
DA:1262,0
DA:1266,0
DA:1268,0
DA:1269,0
DA:1271,0
DA:1273,0
DA:1274,0
DA:1276,0
DA:1286,0
DA:1287,0
DA:1289,0
DA:1290,0
DA:1291,0
DA:1295,0
DA:1296,0
DA:1297,0
DA:1298,0
DA:1299,0
DA:1302,0
DA:1307,0
DA:1312,0
DA:1322,0
DA:1323,0
DA:1325,0
DA:1326,0
DA:1327,0
DA:1328,0
DA:1329,0
DA:1330,0
DA:1333,0
DA:1337,0
DA:1343,0
DA:1344,0
DA:1347,0
DA:1348,0
DA:1350,0
DA:1352,0
DA:1353,0
DA:1357,0
DA:1376,0
DA:1379,0
DA:1384,0
DA:1385,0
DA:1386,0
DA:1387,0
DA:1388,0
DA:1391,0
DA:1396,0
DA:1397,0
DA:1398,0
DA:1399,0
DA:1402,0
DA:1411,0
DA:1412,0
DA:1416,0
DA:1417,0
DA:1428,0
DA:1430,0
DA:1433,0
DA:1435,0
DA:1436,0
DA:1437,0
DA:1443,0
DA:1444,0
DA:1445,0
DA:1447,0
DA:1449,0
DA:1454,0
DA:1455,0
DA:1457,0
DA:1458,0
DA:1461,0
DA:1462,0
DA:1464,0
DA:1466,0
DA:1469,0
DA:1470,0
DA:1473,0
DA:1474,0
DA:1477,0
DA:1478,0
DA:1479,0
DA:1481,0
DA:1484,0
DA:1485,0
DA:1491,0
DA:1492,0
DA:1494,0
DA:1499,0
DA:1503,0
DA:1504,0
DA:1505,0
DA:1507,0
DA:1511,0
DA:1512,0
DA:1514,0
DA:1519,0
DA:1520,0
DA:1521,0
DA:1522,0
DA:1524,0
DA:1528,0
DA:1529,0
DA:1531,0
DA:1537,0
DA:1538,0
DA:1540,0
DA:1541,0
DA:1544,0
DA:1549,0
DA:1555,0
DA:1556,0
DA:1558,0
DA:1563,0
DA:1567,0
DA:1568,0
DA:1569,0
DA:1571,0
DA:1575,0
DA:1576,0
DA:1578,0
DA:1583,0
DA:1584,0
DA:1587,0
DA:1589,0
DA:1590,0
DA:1594,0
DA:1595,0
DA:1599,0
DA:1600,0
DA:1602,0
DA:1604,0
DA:1605,0
DA:1606,0
DA:1608,0
DA:1612,0
DA:1613,0
DA:1615,0
DA:1617,0
DA:1621,0
DA:1622,0
DA:1623,0
DA:1624,0
DA:1625,0
DA:1627,0
DA:1631,0
DA:1632,0
DA:1634,0
DA:1639,0
DA:1640,0
DA:1641,0
DA:1642,0
DA:1644,0
DA:1648,0
DA:1649,0
DA:1651,0
DA:1657,0
DA:1658,0
DA:1669,0
DA:1672,0
DA:1675,0
DA:1688,0
DA:1691,0
DA:1692,0
DA:1694,0
DA:1696,0
DA:1697,0
DA:1698,0
DA:1699,0
DA:1700,0
DA:1701,0
DA:1704,0
DA:1705,0
DA:1709,0
DA:1710,0
DA:1714,0
DA:1715,0
DA:1719,0
DA:1721,0
DA:1722,0
DA:1723,0
DA:1727,0
DA:1730,0
DA:1741,0
DA:1742,0
DA:1744,0
DA:1746,0
DA:1747,0
DA:1751,0
DA:1760,0
DA:1761,0
DA:1763,0
DA:1764,0
DA:1765,0
DA:1768,0
DA:1769,0
DA:1770,0
DA:1771,0
DA:1772,0
DA:1776,0
DA:1777,0
DA:1779,0
DA:1780,0
DA:1783,0
DA:1784,0
DA:1788,0
DA:1789,0
DA:1790,0
DA:1791,0
DA:1792,0
DA:1793,0
DA:1795,0
DA:1809,0
DA:1811,0
DA:1814,0
DA:1816,0
DA:1818,0
DA:1821,0
DA:1822,0
DA:1823,0
DA:1824,0
DA:1826,0
DA:1827,0
DA:1830,0
DA:1831,0
DA:1836,0
DA:1837,0
DA:1838,0
DA:1840,0
DA:1841,0
DA:1846,0
DA:1847,0
DA:1848,0
DA:1849,0
DA:1851,0
DA:1852,0
DA:1857,0
DA:1858,0
DA:1860,0
DA:1863,0
DA:1864,0
DA:1865,0
DA:1866,0
DA:1869,0
DA:1870,0
DA:1871,0
DA:1874,0
DA:1875,0
DA:1876,0
DA:1879,0
DA:1880,0
DA:1882,0
DA:1886,0
DA:1887,0
DA:1888,0
DA:1889,0
DA:1895,0
DA:1898,0
DA:1899,0
DA:1911,0
DA:1913,0
DA:1915,0
DA:1928,0
DA:1929,0
DA:1930,0
DA:1933,0
DA:1936,0
DA:1937,0
DA:1938,0
DA:1939,0
DA:1941,0
DA:1942,0
DA:1943,0
DA:1945,0
DA:1946,0
DA:1948,0
DA:1951,0
DA:1952,0
DA:1954,0
DA:1956,0
DA:1957,0
DA:1958,0
DA:1961,0
DA:1962,0
DA:1967,0
DA:1972,0
DA:1973,0
DA:1975,0
DA:1978,0
DA:1979,0
DA:1980,0
DA:1981,0
DA:1985,0
DA:1986,0
DA:1987,0
DA:1991,0
DA:1992,0
DA:1994,0
DA:1998,0
DA:1999,0
DA:2002,0
DA:2003,0
DA:2015,0
DA:2018,0
DA:2036,0
DA:2037,0
DA:2039,0
DA:2040,0
DA:2042,0
DA:2044,0
DA:2045,0
DA:2048,0
DA:2049,0
DA:2052,0
DA:2053,0
DA:2056,0
DA:2061,0
DA:2062,0
DA:2063,0
DA:2064,0
DA:2065,0
DA:2068,0
DA:2072,0
DA:2073,0
DA:2085,0
DA:2086,0
DA:2089,0
DA:2090,0
DA:2093,0
DA:2094,0
DA:2095,0
DA:2096,0
DA:2098,0
DA:2099,0
DA:2103,0
DA:2108,0
DA:2109,0
DA:2110,0
DA:2111,0
DA:2112,0
DA:2115,0
DA:2119,0
DA:2120,0
DA:2133,0
DA:2136,0
DA:2148,0
DA:2149,0
DA:2151,0
DA:2152,0
DA:2154,0
DA:2156,0
DA:2157,0
DA:2160,0
DA:2161,0
DA:2164,0
DA:2166,0
DA:2169,0
DA:2176,0
DA:2179,0
DA:2180,0
DA:2184,0
DA:2189,0
DA:2190,0
DA:2191,0
DA:2192,0
DA:2193,0
DA:2196,0
DA:2200,0
DA:2201,0
DA:2214,0
DA:2215,0
DA:2217,0
DA:2219,0
DA:2220,0
DA:2221,0
DA:2222,0
DA:2223,0
DA:2226,0
DA:2230,0
DA:2233,0
DA:2234,0
DA:2237,0
DA:2239,0
DA:2240,0
DA:2241,0
DA:2243,0
DA:2244,0
DA:2247,0
DA:2250,0
DA:2256,0
DA:2259,0
DA:2262,0
DA:2266,0
DA:2267,0
DA:2268,0
DA:2271,0
DA:2272,0
DA:2273,0
DA:2274,0
DA:2278,0
DA:2279,0
DA:2283,0
DA:2284,0
DA:2285,0
DA:2289,0
DA:2291,0
DA:2292,0
DA:2293,0
DA:2294,0
DA:2295,0
DA:2296,0
DA:2297,0
DA:2300,0
DA:2303,0
DA:2304,0
DA:2309,0
DA:2312,0
DA:2315,0
DA:2319,0
DA:2320,0
DA:2321,0
DA:2322,0
DA:2323,0
DA:2326,0
DA:2331,0
DA:2334,0
DA:2337,0
DA:2340,0
DA:2343,0
DA:2346,0
DA:2347,0
DA:2348,0
DA:2351,0
DA:2352,0
DA:2355,0
DA:2358,0
DA:2359,0
DA:2360,0
DA:2364,0
DA:2366,0
DA:2368,0
DA:2377,0
DA:2378,0
DA:2393,0
DA:2394,0
DA:2395,0
DA:2399,0
DA:2400,0
DA:2401,0
DA:2403,0
DA:2404,0
DA:2409,0
DA:2410,0
DA:2419,0
DA:2420,0
DA:2421,0
DA:2422,0
DA:2424,0
DA:2425,0
DA:2427,0
DA:2431,0
DA:2432,0
DA:2434,0
DA:2435,0
DA:2439,0
DA:2441,0
DA:2442,0
DA:2445,0
DA:2448,0
DA:2449,0
DA:2450,0
DA:2451,0
DA:2452,0
DA:2453,0
DA:2455,0
DA:2458,0
DA:2462,0
DA:2464,0
DA:2465,0
DA:2466,0
DA:2470,0
DA:2473,0
DA:2474,0
DA:2476,0
DA:2477,0
DA:2478,0
DA:2479,0
DA:2482,0
DA:2485,0
DA:2486,0
DA:2488,0
DA:2489,0
DA:2490,0
DA:2491,0
DA:2493,0
DA:2494,0
DA:2495,0
DA:2499,0
DA:2509,0
DA:2510,0
DA:2512,0
DA:2515,0
DA:2524,0
DA:2525,0
DA:2526,0
LF:1027
LH:5
BRDA:19,0,0,1
BRDA:22,1,0,9
BRDA:22,1,1,7
BRDA:23,2,0,9
BRDA:23,2,1,2
BRDA:24,3,0,9
BRDA:24,3,1,9
BRDA:67,4,0,0
BRDA:67,4,1,0
BRDA:67,5,0,0
BRDA:67,5,1,0
BRDA:67,5,2,0
BRDA:73,6,0,0
BRDA:73,6,1,0
BRDA:78,7,0,0
BRDA:78,7,1,0
BRDA:79,8,0,0
BRDA:79,8,1,0
BRDA:82,9,0,0
BRDA:82,9,1,0
BRDA:82,10,0,0
BRDA:82,10,1,0
BRDA:88,11,0,0
BRDA:88,11,1,0
BRDA:100,12,0,0
BRDA:100,12,1,0
BRDA:108,13,0,0
BRDA:108,13,1,0
BRDA:110,14,0,0
BRDA:110,14,1,0
BRDA:112,15,0,0
BRDA:112,15,1,0
BRDA:114,16,0,0
BRDA:114,16,1,0
BRDA:114,17,0,0
BRDA:114,17,1,0
BRDA:116,18,0,0
BRDA:116,18,1,0
BRDA:118,19,0,0
BRDA:118,19,1,0
BRDA:126,20,0,0
BRDA:126,20,1,0
BRDA:157,21,0,0
BRDA:157,21,1,0
BRDA:190,22,0,0
BRDA:190,22,1,0
BRDA:190,23,0,0
BRDA:190,23,1,0
BRDA:190,23,2,0
BRDA:190,23,3,0
BRDA:202,24,0,0
BRDA:202,24,1,0
BRDA:202,25,0,0
BRDA:202,25,1,0
BRDA:204,26,0,0
BRDA:204,26,1,0
BRDA:206,27,0,0
BRDA:206,27,1,0
BRDA:206,28,0,0
BRDA:206,28,1,0
BRDA:210,29,0,0
BRDA:210,29,1,0
BRDA:210,30,0,0
BRDA:210,30,1,0
BRDA:210,30,2,0
BRDA:210,30,3,0
BRDA:210,30,4,0
BRDA:214,31,0,0
BRDA:214,31,1,0
BRDA:214,32,0,0
BRDA:214,32,1,0
BRDA:214,32,2,0
BRDA:218,33,0,0
BRDA:218,33,1,0
BRDA:218,34,0,0
BRDA:218,34,1,0
BRDA:222,35,0,0
BRDA:222,35,1,0
BRDA:222,36,0,0
BRDA:222,36,1,0
BRDA:222,36,2,0
BRDA:222,36,3,0
BRDA:226,37,0,0
BRDA:226,37,1,0
BRDA:226,38,0,0
BRDA:226,38,1,0
BRDA:230,39,0,0
BRDA:230,39,1,0
BRDA:230,40,0,0
BRDA:230,40,1,0
BRDA:230,40,2,0
BRDA:230,40,3,0
BRDA:234,41,0,0
BRDA:234,41,1,0
BRDA:238,42,0,0
BRDA:238,42,1,0
BRDA:242,43,0,0
BRDA:242,43,1,0
BRDA:246,44,0,0
BRDA:246,44,1,0
BRDA:250,45,0,0
BRDA:250,45,1,0
BRDA:250,46,0,0
BRDA:250,46,1,0
BRDA:270,47,0,0
BRDA:270,47,1,0
BRDA:276,48,0,0
BRDA:276,48,1,0
BRDA:276,49,0,0
BRDA:276,49,1,0
BRDA:317,50,0,0
BRDA:317,50,1,0
BRDA:328,51,0,0
BRDA:328,51,1,0
BRDA:341,52,0,0
BRDA:341,52,1,0
BRDA:341,53,0,0
BRDA:341,53,1,0
BRDA:344,54,0,0
BRDA:344,54,1,0
BRDA:347,55,0,0
BRDA:347,55,1,0
BRDA:350,56,0,0
BRDA:350,56,1,0
BRDA:354,57,0,0
BRDA:354,57,1,0
BRDA:357,58,0,0
BRDA:357,58,1,0
BRDA:365,59,0,0
BRDA:365,59,1,0
BRDA:375,60,0,0
BRDA:375,60,1,0
BRDA:375,61,0,0
BRDA:375,61,1,0
BRDA:383,62,0,0
BRDA:383,62,1,0
BRDA:388,63,0,0
BRDA:388,63,1,0
BRDA:388,64,0,0
BRDA:388,64,1,0
BRDA:396,65,0,0
BRDA:396,65,1,0
BRDA:411,66,0,0
BRDA:411,66,1,0
BRDA:431,67,0,0
BRDA:431,67,1,0
BRDA:439,68,0,0
BRDA:439,68,1,0
BRDA:504,69,0,0
BRDA:504,69,1,0
BRDA:507,70,0,0
BRDA:507,70,1,0
BRDA:510,71,0,0
BRDA:510,71,1,0
BRDA:513,72,0,0
BRDA:513,72,1,0
BRDA:518,73,0,0
BRDA:518,73,1,0
BRDA:524,74,0,0
BRDA:524,74,1,0
BRDA:524,75,0,0
BRDA:524,75,1,0
BRDA:530,76,0,0
BRDA:530,76,1,0
BRDA:530,77,0,0
BRDA:530,77,1,0
BRDA:531,78,0,0
BRDA:531,78,1,0
BRDA:533,79,0,0
BRDA:533,79,1,0
BRDA:533,80,0,0
BRDA:533,80,1,0
BRDA:533,80,2,0
BRDA:533,80,3,0
BRDA:544,81,0,0
BRDA:544,81,1,0
BRDA:546,82,0,0
BRDA:546,82,1,0
BRDA:546,83,0,0
BRDA:546,83,1,0
BRDA:552,84,0,0
BRDA:552,84,1,0
BRDA:552,85,0,0
BRDA:552,85,1,0
BRDA:559,86,0,0
BRDA:559,86,1,0
BRDA:559,87,0,0
BRDA:559,87,1,0
BRDA:565,88,0,0
BRDA:565,88,1,0
BRDA:568,89,0,0
BRDA:568,89,1,0
BRDA:568,90,0,0
BRDA:568,90,1,0
BRDA:568,90,2,0
BRDA:578,91,0,0
BRDA:578,91,1,0
BRDA:587,92,0,0
BRDA:587,92,1,0
BRDA:616,93,0,0
BRDA:616,93,1,0
BRDA:621,94,0,0
BRDA:621,94,1,0
BRDA:621,95,0,0
BRDA:621,95,1,0
BRDA:621,95,2,0
BRDA:627,96,0,0
BRDA:627,96,1,0
BRDA:634,97,0,0
BRDA:634,97,1,0
BRDA:634,98,0,0
BRDA:634,98,1,0
BRDA:634,98,2,0
BRDA:634,98,3,0
BRDA:648,99,0,0
BRDA:648,99,1,0
BRDA:668,100,0,0
BRDA:668,100,1,0
BRDA:672,101,0,0
BRDA:672,101,1,0
BRDA:672,102,0,0
BRDA:672,102,1,0
BRDA:673,103,0,0
BRDA:673,103,1,0
BRDA:674,104,0,0
BRDA:674,104,1,0
BRDA:677,105,0,0
BRDA:677,105,1,0
BRDA:677,106,0,0
BRDA:677,106,1,0
BRDA:686,107,0,0
BRDA:686,107,1,0
BRDA:686,108,0,0
BRDA:686,108,1,0
BRDA:686,108,2,0
BRDA:705,109,0,0
BRDA:705,109,1,0
BRDA:705,110,0,0
BRDA:705,110,1,0
BRDA:710,111,0,0
BRDA:710,111,1,0
BRDA:714,112,0,0
BRDA:714,112,1,0
BRDA:714,113,0,0
BRDA:714,113,1,0
BRDA:734,114,0,0
BRDA:734,114,1,0
BRDA:734,115,0,0
BRDA:734,115,1,0
BRDA:750,116,0,0
BRDA:750,116,1,0
BRDA:751,117,0,0
BRDA:751,117,1,0
BRDA:758,118,0,0
BRDA:758,118,1,0
BRDA:777,119,0,0
BRDA:777,119,1,0
BRDA:784,120,0,0
BRDA:784,120,1,0
BRDA:802,121,0,0
BRDA:802,121,1,0
BRDA:802,122,0,0
BRDA:802,122,1,0
BRDA:807,123,0,0
BRDA:807,123,1,0
BRDA:811,124,0,0
BRDA:811,124,1,0
BRDA:811,125,0,0
BRDA:811,125,1,0
BRDA:830,126,0,0
BRDA:830,126,1,0
BRDA:830,127,0,0
BRDA:830,127,1,0
BRDA:844,128,0,0
BRDA:844,128,1,0
BRDA:845,129,0,0
BRDA:845,129,1,0
BRDA:852,130,0,0
BRDA:852,130,1,0
BRDA:864,131,0,0
BRDA:864,131,1,0
BRDA:871,132,0,0
BRDA:871,132,1,0
BRDA:882,133,0,0
BRDA:882,133,1,0
BRDA:882,134,0,0
BRDA:882,134,1,0
BRDA:888,135,0,0
BRDA:888,135,1,0
BRDA:888,136,0,0
BRDA:888,136,1,0
BRDA:897,137,0,0
BRDA:897,137,1,0
BRDA:917,138,0,0
BRDA:917,138,1,0
BRDA:922,139,0,0
BRDA:922,139,1,0
BRDA:928,140,0,0
BRDA:928,140,1,0
BRDA:928,141,0,0
BRDA:928,141,1,0
BRDA:928,141,2,0
BRDA:928,141,3,0
BRDA:937,142,0,0
BRDA:937,142,1,0
BRDA:937,143,0,0
BRDA:937,143,1,0
BRDA:941,144,0,0
BRDA:941,144,1,0
BRDA:941,145,0,0
BRDA:941,145,1,0
BRDA:945,146,0,0
BRDA:945,146,1,0
BRDA:945,147,0,0
BRDA:945,147,1,0
BRDA:949,148,0,0
BRDA:949,148,1,0
BRDA:949,149,0,0
BRDA:949,149,1,0
BRDA:955,150,0,0
BRDA:955,150,1,0
BRDA:955,151,0,0
BRDA:955,151,1,0
BRDA:959,152,0,0
BRDA:959,152,1,0
BRDA:959,153,0,0
BRDA:959,153,1,0
BRDA:963,154,0,0
BRDA:963,154,1,0
BRDA:963,155,0,0
BRDA:963,155,1,0
BRDA:963,155,2,0
BRDA:969,156,0,0
BRDA:969,156,1,0
BRDA:969,157,0,0
BRDA:969,157,1,0
BRDA:975,158,0,0
BRDA:975,158,1,0
BRDA:975,159,0,0
BRDA:975,159,1,0
BRDA:979,160,0,0
BRDA:979,160,1,0
BRDA:979,161,0,0
BRDA:979,161,1,0
BRDA:986,162,0,0
BRDA:986,162,1,0
BRDA:986,163,0,0
BRDA:986,163,1,0
BRDA:986,163,2,0
BRDA:990,164,0,0
BRDA:990,164,1,0
BRDA:990,165,0,0
BRDA:990,165,1,0
BRDA:990,165,2,0
BRDA:996,166,0,0
BRDA:996,166,1,0
BRDA:996,167,0,0
BRDA:996,167,1,0
BRDA:1001,168,0,0
BRDA:1001,168,1,0
BRDA:1022,169,0,0
BRDA:1022,169,1,0
BRDA:1023,170,0,0
BRDA:1023,170,1,0
BRDA:1028,171,0,0
BRDA:1028,171,1,0
BRDA:1028,171,2,0
BRDA:1028,171,3,0
BRDA:1028,171,4,0
BRDA:1028,171,5,0
BRDA:1028,171,6,0
BRDA:1037,172,0,0
BRDA:1037,172,1,0
BRDA:1053,173,0,0
BRDA:1053,173,1,0
BRDA:1054,174,0,0
BRDA:1054,174,1,0
BRDA:1057,175,0,0
BRDA:1057,175,1,0
BRDA:1057,176,0,0
BRDA:1057,176,1,0
BRDA:1057,176,2,0
BRDA:1057,176,3,0
BRDA:1057,176,4,0
BRDA:1057,176,5,0
BRDA:1057,176,6,0
BRDA:1057,176,7,0
BRDA:1057,176,8,0
BRDA:1057,176,9,0
BRDA:1057,176,10,0
BRDA:1057,176,11,0
BRDA:1057,176,12,0
BRDA:1057,176,13,0
BRDA:1057,176,14,0
BRDA:1057,176,15,0
BRDA:1057,176,16,0
BRDA:1057,176,17,0
BRDA:1057,176,18,0
BRDA:1057,176,19,0
BRDA:1057,176,20,0
BRDA:1057,176,21,0
BRDA:1057,176,22,0
BRDA:1057,176,23,0
BRDA:1075,177,0,0
BRDA:1075,177,1,0
BRDA:1079,178,0,0
BRDA:1079,178,1,0
BRDA:1097,179,0,0
BRDA:1097,179,1,0
BRDA:1102,180,0,0
BRDA:1102,180,1,0
BRDA:1102,181,0,0
BRDA:1102,181,1,0
BRDA:1102,181,2,0
BRDA:1102,181,3,0
BRDA:1102,181,4,0
BRDA:1102,181,5,0
BRDA:1102,181,6,0
BRDA:1114,182,0,0
BRDA:1114,182,1,0
BRDA:1114,183,0,0
BRDA:1114,183,1,0
BRDA:1114,183,2,0
BRDA:1114,183,3,0
BRDA:1114,183,4,0
BRDA:1114,183,5,0
BRDA:1126,184,0,0
BRDA:1126,184,1,0
BRDA:1126,185,0,0
BRDA:1126,185,1,0
BRDA:1126,185,2,0
BRDA:1126,185,3,0
BRDA:1126,185,4,0
BRDA:1140,186,0,0
BRDA:1140,186,1,0
BRDA:1141,187,0,0
BRDA:1141,187,1,0
BRDA:1146,188,0,0
BRDA:1146,188,1,0
BRDA:1153,189,0,0
BRDA:1153,189,1,0
BRDA:1153,189,2,0
BRDA:1153,189,3,0
BRDA:1153,189,4,0
BRDA:1153,189,5,0
BRDA:1153,189,6,0
BRDA:1153,189,7,0
BRDA:1153,189,8,0
BRDA:1153,189,9,0
BRDA:1166,190,0,0
BRDA:1166,190,1,0
BRDA:1166,191,0,0
BRDA:1166,191,1,0
BRDA:1199,192,0,0
BRDA:1199,192,1,0
BRDA:1201,193,0,0
BRDA:1201,193,1,0
BRDA:1205,194,0,0
BRDA:1205,194,1,0
BRDA:1205,195,0,0
BRDA:1205,195,1,0
BRDA:1205,195,2,0
BRDA:1205,195,3,0
BRDA:1205,195,4,0
BRDA:1205,195,5,0
BRDA:1216,196,0,0
BRDA:1216,196,1,0
BRDA:1216,197,0,0
BRDA:1216,197,1,0
BRDA:1216,197,2,0
BRDA:1216,197,3,0
BRDA:1216,197,4,0
BRDA:1216,197,5,0
BRDA:1216,197,6,0
BRDA:1216,197,7,0
BRDA:1216,197,8,0
BRDA:1216,197,9,0
BRDA:1216,197,10,0
BRDA:1216,197,11,0
BRDA:1216,197,12,0
BRDA:1216,197,13,0
BRDA:1216,197,14,0
BRDA:1241,198,0,0
BRDA:1241,198,1,0
BRDA:1250,199,0,0
BRDA:1250,199,1,0
BRDA:1271,200,0,0
BRDA:1271,200,1,0
BRDA:1273,201,0,0
BRDA:1273,201,1,0
BRDA:1276,202,0,0
BRDA:1276,202,1,0
BRDA:1276,203,0,0
BRDA:1276,203,1,0
BRDA:1276,203,2,0
BRDA:1276,203,3,0
BRDA:1276,203,4,0
BRDA:1276,203,5,0
BRDA:1276,203,6,0
BRDA:1276,203,7,0
BRDA:1289,204,0,0
BRDA:1289,204,1,0
BRDA:1297,205,0,0
BRDA:1297,205,1,0
BRDA:1328,206,0,0
BRDA:1328,206,1,0
BRDA:1350,207,0,0
BRDA:1350,207,1,0
BRDA:1352,208,0,0
BRDA:1352,208,1,0
BRDA:1357,209,0,0
BRDA:1357,209,1,0
BRDA:1357,210,0,0
BRDA:1357,210,1,0
BRDA:1357,210,2,0
BRDA:1357,210,3,0
BRDA:1357,210,4,0
BRDA:1357,210,5,0
BRDA:1357,210,6,0
BRDA:1357,210,7,0
BRDA:1357,210,8,0
BRDA:1357,210,9,0
BRDA:1357,210,10,0
BRDA:1357,210,11,0
BRDA:1357,210,12,0
BRDA:1357,210,13,0
BRDA:1357,210,14,0
BRDA:1357,210,15,0
BRDA:1357,210,16,0
BRDA:1357,210,17,0
BRDA:1357,210,18,0
BRDA:1357,210,19,0
BRDA:1357,210,20,0
BRDA:1357,210,21,0
BRDA:1357,210,22,0
BRDA:1357,210,23,0
BRDA:1357,210,24,0
BRDA:1386,211,0,0
BRDA:1386,211,1,0
BRDA:1398,212,0,0
BRDA:1398,212,1,0
BRDA:1402,213,0,0
BRDA:1402,213,1,0
BRDA:1402,214,0,0
BRDA:1402,214,1,0
BRDA:1402,214,2,0
BRDA:1402,214,3,0
BRDA:1402,214,4,0
BRDA:1402,214,5,0
BRDA:1402,214,6,0
BRDA:1402,214,7,0
BRDA:1402,214,8,0
BRDA:1402,214,9,0
BRDA:1402,214,10,0
BRDA:1402,214,11,0
BRDA:1416,215,0,0
BRDA:1416,215,1,0
BRDA:1436,216,0,0
BRDA:1436,216,1,0
BRDA:1437,217,0,0
BRDA:1437,217,1,0
BRDA:1445,218,0,0
BRDA:1445,218,1,0
BRDA:1447,219,0,0
BRDA:1447,219,1,0
BRDA:1447,220,0,0
BRDA:1447,220,1,0
BRDA:1447,220,2,0
BRDA:1462,221,0,0
BRDA:1462,221,1,0
BRDA:1464,222,0,0
BRDA:1464,222,1,0
BRDA:1464,223,0,0
BRDA:1464,223,1,0
BRDA:1477,224,0,0
BRDA:1477,224,1,0
BRDA:1478,225,0,0
BRDA:1478,225,1,0
BRDA:1479,226,0,0
BRDA:1479,226,1,0
BRDA:1485,227,0,0
BRDA:1485,227,1,0
BRDA:1491,228,0,0
BRDA:1491,228,1,0
BRDA:1503,229,0,0
BRDA:1503,229,1,0
BRDA:1504,230,0,0
BRDA:1504,230,1,0
BRDA:1504,231,0,0
BRDA:1504,231,1,0
BRDA:1511,232,0,0
BRDA:1511,232,1,0
BRDA:1521,233,0,0
BRDA:1521,233,1,0
BRDA:1528,234,0,0
BRDA:1528,234,1,0
BRDA:1556,235,0,0
BRDA:1556,235,1,0
BRDA:1556,236,0,0
BRDA:1556,236,1,0
BRDA:1567,237,0,0
BRDA:1567,237,1,0
BRDA:1568,238,0,0
BRDA:1568,238,1,0
BRDA:1568,239,0,0
BRDA:1568,239,1,0
BRDA:1575,240,0,0
BRDA:1575,240,1,0
BRDA:1594,241,0,0
BRDA:1594,241,1,0
BRDA:1604,242,0,0
BRDA:1604,242,1,0
BRDA:1605,243,0,0
BRDA:1605,243,1,0
BRDA:1605,244,0,0
BRDA:1605,244,1,0
BRDA:1612,245,0,0
BRDA:1612,245,1,0
BRDA:1623,246,0,0
BRDA:1623,246,1,0
BRDA:1624,247,0,0
BRDA:1624,247,1,0
BRDA:1624,248,0,0
BRDA:1624,248,1,0
BRDA:1631,249,0,0
BRDA:1631,249,1,0
BRDA:1641,250,0,0
BRDA:1641,250,1,0
BRDA:1648,251,0,0
BRDA:1648,251,1,0
BRDA:1657,252,0,0
BRDA:1657,252,1,0
BRDA:1696,253,0,0
BRDA:1696,253,1,0
BRDA:1704,254,0,0
BRDA:1704,254,1,0
BRDA:1704,255,0,0
BRDA:1704,255,1,0
BRDA:1704,255,2,0
BRDA:1704,255,3,0
BRDA:1704,255,4,0
BRDA:1704,255,5,0
BRDA:1709,256,0,0
BRDA:1709,256,1,0
BRDA:1709,257,0,0
BRDA:1709,257,1,0
BRDA:1714,258,0,0
BRDA:1714,258,1,0
BRDA:1714,259,0,0
BRDA:1714,259,1,0
BRDA:1719,260,0,0
BRDA:1719,260,1,0
BRDA:1722,261,0,0
BRDA:1722,261,1,0
BRDA:1727,262,0,0
BRDA:1727,262,1,0
BRDA:1741,263,0,0
BRDA:1741,263,1,0
BRDA:1741,264,0,0
BRDA:1741,264,1,0
BRDA:1768,265,0,0
BRDA:1768,265,1,0
BRDA:1783,266,0,0
BRDA:1783,266,1,0
BRDA:1784,267,0,0
BRDA:1784,267,1,0
BRDA:1791,268,0,0
BRDA:1791,268,1,0
BRDA:1818,269,0,0
BRDA:1818,269,1,0
BRDA:1821,270,0,0
BRDA:1821,270,1,0
BRDA:1824,271,0,0
BRDA:1824,271,1,0
BRDA:1830,272,0,0
BRDA:1830,272,1,0
BRDA:1830,273,0,0
BRDA:1830,273,1,0
BRDA:1830,273,2,0
BRDA:1830,273,3,0
BRDA:1830,273,4,0
BRDA:1840,274,0,0
BRDA:1840,274,1,0
BRDA:1840,275,0,0
BRDA:1840,275,1,0
BRDA:1840,275,2,0
BRDA:1840,275,3,0
BRDA:1840,275,4,0
BRDA:1840,275,5,0
BRDA:1851,276,0,0
BRDA:1851,276,1,0
BRDA:1851,277,0,0
BRDA:1851,277,1,0
BRDA:1851,277,2,0
BRDA:1851,277,3,0
BRDA:1851,277,4,0
BRDA:1860,278,0,0
BRDA:1860,278,1,0
BRDA:1863,279,0,0
BRDA:1863,279,1,0
BRDA:1866,280,0,0
BRDA:1866,280,1,0
BRDA:1869,281,0,0
BRDA:1869,281,1,0
BRDA:1869,282,0,0
BRDA:1869,282,1,0
BRDA:1874,283,0,0
BRDA:1874,283,1,0
BRDA:1874,284,0,0
BRDA:1874,284,1,0
BRDA:1874,284,2,0
BRDA:1875,285,0,0
BRDA:1875,285,1,0
BRDA:1886,286,0,0
BRDA:1886,286,1,0
BRDA:1886,287,0,0
BRDA:1886,287,1,0
BRDA:1938,288,0,0
BRDA:1938,288,1,0
BRDA:1941,289,0,0
BRDA:1941,289,1,0
BRDA:1941,290,0,0
BRDA:1941,290,1,0
BRDA:1946,291,0,0
BRDA:1946,291,1,0
BRDA:1954,292,0,0
BRDA:1954,292,1,0
BRDA:1954,293,0,0
BRDA:1954,293,1,0
BRDA:1975,294,0,0
BRDA:1975,294,1,0
BRDA:1980,295,0,0
BRDA:1980,295,1,0
BRDA:1986,296,0,0
BRDA:1986,296,1,0
BRDA:1998,297,0,0
BRDA:1998,297,1,0
BRDA:2002,298,0,0
BRDA:2002,298,1,0
BRDA:2042,299,0,0
BRDA:2042,299,1,0
BRDA:2044,300,0,0
BRDA:2044,300,1,0
BRDA:2052,301,0,0
BRDA:2052,301,1,0
BRDA:2063,302,0,0
BRDA:2063,302,1,0
BRDA:2072,303,0,0
BRDA:2072,303,1,0
BRDA:2085,304,0,0
BRDA:2085,304,1,0
BRDA:2085,305,0,0
BRDA:2085,305,1,0
BRDA:2098,306,0,0
BRDA:2098,306,1,0
BRDA:2110,307,0,0
BRDA:2110,307,1,0
BRDA:2119,308,0,0
BRDA:2119,308,1,0
BRDA:2154,309,0,0
BRDA:2154,309,1,0
BRDA:2156,310,0,0
BRDA:2156,310,1,0
BRDA:2164,311,0,0
BRDA:2164,311,1,0
BRDA:2166,312,0,0
BRDA:2166,312,1,0
BRDA:2179,313,0,0
BRDA:2179,313,1,0
BRDA:2179,314,0,0
BRDA:2179,314,1,0
BRDA:2191,315,0,0
BRDA:2191,315,1,0
BRDA:2200,316,0,0
BRDA:2200,316,1,0
BRDA:2223,317,0,0
BRDA:2223,317,1,0
BRDA:2233,318,0,0
BRDA:2233,318,1,0
BRDA:2237,319,0,0
BRDA:2237,319,1,0
BRDA:2243,320,0,0
BRDA:2243,320,1,0
BRDA:2243,321,0,0
BRDA:2243,321,1,0
BRDA:2271,322,0,0
BRDA:2271,322,1,0
BRDA:2289,323,0,0
BRDA:2289,323,1,0
BRDA:2295,324,0,0
BRDA:2295,324,1,0
BRDA:2303,325,0,0
BRDA:2303,325,1,0
BRDA:2322,326,0,0
BRDA:2322,326,1,0
BRDA:2358,327,0,0
BRDA:2358,327,1,0
BRDA:2359,328,0,0
BRDA:2359,328,1,0
BRDA:2393,329,0,0
BRDA:2393,329,1,0
BRDA:2403,330,0,0
BRDA:2403,330,1,0
BRDA:2403,331,0,0
BRDA:2403,331,1,0
BRDA:2403,331,2,0
BRDA:2418,332,0,0
BRDA:2424,333,0,0
BRDA:2424,333,1,0
BRDA:2434,334,0,0
BRDA:2434,334,1,0
BRDA:2441,335,0,0
BRDA:2441,335,1,0
BRDA:2449,336,0,0
BRDA:2449,336,1,0
BRDA:2451,337,0,0
BRDA:2451,337,1,0
BRDA:2464,338,0,0
BRDA:2464,338,1,0
BRDA:2479,339,0,0
BRDA:2479,339,1,0
BRDA:2493,340,0,0
BRDA:2493,340,1,0
BRF:823
BRH:7
end_of_record
TN:
SF:src/core/scraper.js
FN:18,(anonymous_0)
FN:28,(anonymous_1)
FN:45,(anonymous_2)
FN:57,(anonymous_3)
FN:58,(anonymous_4)
FN:58,(anonymous_5)
FN:78,(anonymous_6)
FN:95,(anonymous_7)
FN:111,(anonymous_8)
FN:125,(anonymous_9)
FN:148,(anonymous_10)
FN:161,(anonymous_11)
FN:164,(anonymous_12)
FN:188,(anonymous_13)
FN:211,(anonymous_14)
FN:226,(anonymous_15)
FN:238,(anonymous_16)
FN:342,(anonymous_17)
FN:369,(anonymous_18)
FN:420,(anonymous_19)
FN:424,(anonymous_20)
FN:452,(anonymous_21)
FNF:22
FNH:6
FNDA:6,(anonymous_0)
FNDA:0,(anonymous_1)
FNDA:6,(anonymous_2)
FNDA:6,(anonymous_3)
FNDA:13,(anonymous_4)
FNDA:13,(anonymous_5)
FNDA:4,(anonymous_6)
FNDA:0,(anonymous_7)
FNDA:0,(anonymous_8)
FNDA:0,(anonymous_9)
FNDA:0,(anonymous_10)
FNDA:0,(anonymous_11)
FNDA:0,(anonymous_12)
FNDA:0,(anonymous_13)
FNDA:0,(anonymous_14)
FNDA:0,(anonymous_15)
FNDA:0,(anonymous_16)
FNDA:0,(anonymous_17)
FNDA:0,(anonymous_18)
FNDA:0,(anonymous_19)
FNDA:0,(anonymous_20)
FNDA:0,(anonymous_21)
DA:19,6
DA:20,6
DA:29,0
DA:31,0
DA:32,0
DA:37,0
DA:46,6
DA:47,0
DA:48,0
DA:58,13
DA:59,6
DA:61,6
DA:63,13
DA:64,2
DA:68,11
DA:69,11
DA:70,11
DA:73,11
DA:75,10
DA:78,10
DA:79,9
DA:88,6
DA:96,0
DA:97,0
DA:100,0
DA:101,0
DA:102,0
DA:104,0
DA:105,0
DA:107,0
DA:108,0
DA:110,0
DA:111,0
DA:112,0
DA:114,0
DA:115,0
DA:116,0
DA:118,0
DA:119,0
DA:123,0
DA:125,0
DA:130,0
DA:134,0
DA:138,0
DA:139,0
DA:140,0
DA:142,0
DA:143,0
DA:146,0
DA:148,0
DA:152,0
DA:162,0
DA:163,0
DA:164,0
DA:165,0
DA:167,0
DA:168,0
DA:172,0
DA:173,0
DA:174,0
DA:175,0
DA:178,0
DA:189,0
DA:202,0
DA:212,0
DA:227,0
DA:234,0
DA:236,0
DA:238,0
DA:239,0
DA:240,0
DA:241,0
DA:243,0
DA:248,0
DA:253,0
DA:254,0
DA:257,0
DA:258,0
DA:259,0
DA:263,0
DA:266,0
DA:267,0
DA:270,0
DA:284,0
DA:285,0
DA:286,0
DA:287,0
DA:288,0
DA:289,0
DA:290,0
DA:291,0
DA:292,0
DA:300,0
DA:301,0
DA:305,0
DA:306,0
DA:307,0
DA:308,0
DA:310,0
DA:313,0
DA:314,0
DA:317,0
DA:318,0
DA:320,0
DA:331,0
DA:333,0
DA:343,0
DA:345,0
DA:346,0
DA:349,0
DA:350,0
DA:353,0
DA:356,0
DA:358,0
DA:359,0
DA:360,0
DA:363,0
DA:364,0
DA:365,0
DA:367,0
DA:368,0
DA:369,0
DA:373,0
DA:374,0
DA:377,0
DA:378,0
DA:379,0
DA:380,0
DA:384,0
DA:385,0
DA:389,0
DA:392,0
DA:401,0
DA:402,0
DA:405,0
DA:407,0
DA:410,0
DA:421,0
DA:422,0
DA:424,0
DA:425,0
DA:426,0
DA:427,0
DA:428,0
DA:430,0
DA:438,0
DA:439,0
DA:440,0
DA:441,0
DA:444,0
DA:453,0
DA:454,0
DA:455,0
LF:153
LH:16
BRDA:18,0,0,6
BRDA:29,1,0,0
BRDA:29,1,1,0
BRDA:46,2,0,0
BRDA:46,2,1,6
BRDA:63,3,0,2
BRDA:63,3,1,11
BRDA:63,4,0,13
BRDA:63,4,1,12
BRDA:70,5,0,2
BRDA:70,5,1,9
BRDA:70,6,0,11
BRDA:70,6,1,2
BRDA:73,7,0,10
BRDA:73,7,1,1
BRDA:78,8,0,9
BRDA:78,8,1,1
BRDA:104,9,0,0
BRDA:104,9,1,0
BRDA:107,10,0,0
BRDA:107,10,1,0
BRDA:110,11,0,0
BRDA:110,11,1,0
BRDA:115,12,0,0
BRDA:115,12,1,0
BRDA:118,13,0,0
BRDA:118,13,1,0
BRDA:134,14,0,0
BRDA:134,14,1,0
BRDA:134,14,2,0
BRDA:134,14,3,0
BRDA:138,15,0,0
BRDA:138,15,1,0
BRDA:142,16,0,0
BRDA:142,16,1,0
BRDA:165,17,0,0
BRDA:165,17,1,0
BRDA:172,18,0,0
BRDA:172,18,1,0
BRDA:240,19,0,0
BRDA:240,19,1,0
BRDA:253,20,0,0
BRDA:253,20,1,0
BRDA:258,21,0,0
BRDA:258,21,1,0
BRDA:287,22,0,0
BRDA:287,22,1,0
BRDA:289,23,0,0
BRDA:289,23,1,0
BRDA:289,24,0,0
BRDA:289,24,1,0
BRDA:300,25,0,0
BRDA:300,25,1,0
BRDA:300,26,0,0
BRDA:300,26,1,0
BRDA:342,27,0,0
BRDA:345,28,0,0
BRDA:345,28,1,0
BRDA:349,29,0,0
BRDA:349,29,1,0
BRDA:384,30,0,0
BRDA:384,30,1,0
BRDA:384,31,0,0
BRDA:384,31,1,0
BRDA:425,32,0,0
BRDA:425,32,1,0
BRDA:425,33,0,0
BRDA:425,33,1,0
BRDA:425,33,2,0
BRDA:438,34,0,0
BRDA:438,34,1,0
BRF:71
BRH:14
end_of_record
TN:
SF:src/lib/db/client.js
FN:33,disconnectPrisma
FN:41,connectDatabase
FNF:2
FNH:0
FNDA:0,disconnectPrisma
FNDA:0,connectDatabase
DA:12,0
DA:15,0
DA:16,0
DA:20,0
DA:25,0
DA:26,0
DA:34,0
DA:42,0
DA:43,0
DA:44,0
DA:46,0
DA:47,0
LF:12
LH:0
BRDA:15,0,0,0
BRDA:15,0,1,0
BRDA:20,1,0,0
BRDA:20,1,1,0
BRDA:22,2,0,0
BRDA:22,2,1,0
BRDA:25,3,0,0
BRDA:25,3,1,0
BRF:8
BRH:0
end_of_record
TN:
SF:src/lib/db/index.js
FNF:0
FNH:0
LF:0
LH:0
BRF:0
BRH:0
end_of_record
TN:
SF:src/lib/db/migrate.js
FN:14,runMigrations
FN:41,createMigration
FN:59,generatePrismaClient
FNF:3
FNH:0
FNDA:0,runMigrations
FNDA:0,createMigration
FNDA:0,generatePrismaClient
DA:15,0
DA:16,0
DA:17,0
DA:18,0
DA:23,0
DA:24,0
DA:29,0
DA:31,0
DA:32,0
DA:42,0
DA:43,0
DA:44,0
DA:48,0
DA:50,0
DA:51,0
DA:60,0
DA:61,0
DA:62,0
DA:66,0
DA:68,0
DA:69,0
LF:21
LH:0
BRDA:14,0,0,0
BRDA:16,1,0,0
BRDA:16,1,1,0
BRF:3
BRH:0
end_of_record
TN:
SF:src/lib/db/test-connection.js
FN:12,testConnection
FNF:1
FNH:0
FNDA:0,testConnection
DA:13,0
DA:14,0
DA:15,0
DA:18,0
DA:19,0
DA:21,0
DA:22,0
DA:23,0
DA:25,0
DA:26,0
DA:30,0
LF:11
LH:0
BRF:0
BRH:0
end_of_record
TN:
SF:src/lib/supabase/client.js
FN:8,createClient
FNF:1
FNH:0
FNDA:0,createClient
DA:9,0
LF:1
LH:0
BRF:0
BRH:0
end_of_record
TN:
SF:src/lib/supabase/server.js
FN:9,createClient
FN:17,(anonymous_1)
FN:20,(anonymous_2)
FN:22,(anonymous_3)
FNF:4
FNH:0
FNDA:0,createClient
FNDA:0,(anonymous_1)
FNDA:0,(anonymous_2)
FNDA:0,(anonymous_3)
DA:10,0
DA:12,0
DA:18,0
DA:21,0
DA:22,0
DA:23,0
LF:6
LH:0
BRF:0
BRH:0
end_of_record
TN:
SF:src/services/run-executor.js
FN:28,(anonymous_0)
FN:40,(anonymous_1)
FN:51,(anonymous_2)
FN:72,(anonymous_3)
FN:101,(anonymous_4)
FN:245,(anonymous_5)
FNF:6
FNH:0
FNDA:0,(anonymous_0)
FNDA:0,(anonymous_1)
FNDA:0,(anonymous_2)
FNDA:0,(anonymous_3)
FNDA:0,(anonymous_4)
FNDA:0,(anonymous_5)
DA:29,0
DA:30,0
DA:31,0
DA:32,0
DA:33,0
DA:41,0
DA:52,0
DA:53,0
DA:64,0
DA:73,0
DA:74,0
DA:75,0
DA:76,0
DA:77,0
DA:80,0
DA:93,0
DA:114,0
DA:116,0
DA:118,0
DA:119,0
DA:122,0
DA:129,0
DA:130,0
DA:134,0
DA:137,0
DA:143,0
DA:144,0
DA:145,0
DA:147,0
DA:150,0
DA:153,0
DA:154,0
DA:158,0
DA:159,0
DA:160,0
DA:164,0
DA:165,0
DA:166,0
DA:167,0
DA:171,0
DA:174,0
DA:175,0
DA:177,0
DA:190,0
DA:191,0
DA:192,0
DA:195,0
DA:196,0
DA:197,0
DA:200,0
DA:201,0
DA:202,0
DA:203,0
DA:204,0
DA:208,0
DA:209,0
DA:210,0
DA:211,0
DA:212,0
DA:213,0
DA:214,0
DA:217,0
DA:218,0
DA:219,0
DA:221,0
DA:222,0
DA:223,0
DA:224,0
DA:227,0
DA:230,0
DA:231,0
DA:232,0
DA:233,0
DA:237,0
DA:238,0
DA:242,0
DA:243,0
DA:244,0
DA:245,0
DA:246,0
DA:252,0
DA:256,0
DA:257,0
DA:258,0
DA:263,0
DA:264,0
DA:265,0
DA:266,0
DA:267,0
DA:270,0
DA:271,0
DA:272,0
DA:273,0
DA:274,0
DA:276,0
DA:277,0
DA:278,0
DA:279,0
DA:282,0
DA:285,0
DA:292,0
DA:296,0
DA:297,0
DA:298,0
DA:300,0
DA:301,0
DA:302,0
DA:303,0
DA:306,0
DA:307,0
DA:308,0
DA:313,0
DA:314,0
DA:316,0
DA:317,0
DA:320,0
DA:329,0
DA:345,0
DA:349,0
DA:354,0
DA:365,0
DA:366,0
DA:367,0
DA:368,0
LF:124
LH:0
BRDA:40,0,0,0
BRDA:51,1,0,0
BRDA:75,2,0,0
BRDA:75,2,1,0
BRDA:85,3,0,0
BRDA:85,3,1,0
BRDA:105,4,0,0
BRDA:106,5,0,0
BRDA:107,6,0,0
BRDA:108,7,0,0
BRDA:109,8,0,0
BRDA:110,9,0,0
BRDA:111,10,0,0
BRDA:112,11,0,0
BRDA:113,12,0,0
BRDA:124,13,0,0
BRDA:124,13,1,0
BRDA:143,14,0,0
BRDA:143,14,1,0
BRDA:153,15,0,0
BRDA:153,15,1,0
BRDA:158,16,0,0
BRDA:158,16,1,0
BRDA:190,17,0,0
BRDA:190,17,1,0
BRDA:201,18,0,0
BRDA:201,18,1,0
BRDA:202,19,0,0
BRDA:202,19,1,0
BRDA:209,20,0,0
BRDA:209,20,1,0
BRDA:209,21,0,0
BRDA:209,21,1,0
BRDA:213,22,0,0
BRDA:213,22,1,0
BRDA:214,23,0,0
BRDA:214,23,1,0
BRDA:221,24,0,0
BRDA:221,24,1,0
BRDA:232,25,0,0
BRDA:232,25,1,0
BRDA:237,26,0,0
BRDA:237,26,1,0
BRDA:244,27,0,0
BRDA:244,27,1,0
BRDA:245,28,0,0
BRDA:245,28,1,0
BRDA:257,29,0,0
BRDA:257,29,1,0
BRDA:265,30,0,0
BRDA:265,30,1,0
BRDA:266,31,0,0
BRDA:266,31,1,0
BRDA:267,32,0,0
BRDA:267,32,1,0
BRDA:276,33,0,0
BRDA:276,33,1,0
BRDA:297,34,0,0
BRDA:297,34,1,0
BRDA:297,35,0,0
BRDA:297,35,1,0
BRDA:307,36,0,0
BRDA:307,36,1,0
BRDA:313,37,0,0
BRDA:313,37,1,0
BRDA:316,38,0,0
BRDA:316,38,1,0
BRF:67
BRH:0
end_of_record
TN:
SF:src/utils/cleanup-output.js
FN:16,cleanupOutputDirectories
FNF:1
FNH:0
FNDA:0,cleanupOutputDirectories
DA:17,0
DA:18,0
DA:23,0
DA:24,0
DA:25,0
DA:32,0
DA:33,0
DA:34,0
DA:35,0
DA:36,0
DA:37,0
DA:40,0
DA:45,0
DA:46,0
DA:47,0
DA:48,0
DA:49,0
DA:50,0
DA:53,0
DA:57,0
DA:59,0
LF:21
LH:0
BRDA:16,0,0,0
BRDA:17,1,0,0
BRDA:35,2,0,0
BRDA:35,2,1,0
BRDA:45,3,0,0
BRDA:45,3,1,0
BRDA:48,4,0,0
BRDA:48,4,1,0
BRF:8
BRH:0
end_of_record
TN:
SF:src/utils/cli.js
FN:13,(anonymous_0)
FN:23,(anonymous_1)
FN:31,(anonymous_2)
FN:33,(anonymous_3)
FN:49,(anonymous_4)
FN:57,(anonymous_5)
FN:59,(anonymous_6)
FN:69,(anonymous_7)
FN:96,(anonymous_8)
FN:128,(anonymous_9)
FN:144,(anonymous_10)
FN:157,(anonymous_11)
FN:159,(anonymous_12)
FN:168,(anonymous_13)
FN:176,(anonymous_14)
FN:184,(anonymous_15)
FN:192,(anonymous_16)
FN:196,(anonymous_17)
FN:208,(anonymous_18)
FN:228,(anonymous_19)
FN:230,(anonymous_20)
FN:237,(anonymous_21)
FN:239,(anonymous_22)
FN:247,(anonymous_23)
FN:263,(anonymous_24)
FN:264,(anonymous_25)
FN:268,(anonymous_26)
FNF:27
FNH:0
FNDA:0,(anonymous_0)
FNDA:0,(anonymous_1)
FNDA:0,(anonymous_2)
FNDA:0,(anonymous_3)
FNDA:0,(anonymous_4)
FNDA:0,(anonymous_5)
FNDA:0,(anonymous_6)
FNDA:0,(anonymous_7)
FNDA:0,(anonymous_8)
FNDA:0,(anonymous_9)
FNDA:0,(anonymous_10)
FNDA:0,(anonymous_11)
FNDA:0,(anonymous_12)
FNDA:0,(anonymous_13)
FNDA:0,(anonymous_14)
FNDA:0,(anonymous_15)
FNDA:0,(anonymous_16)
FNDA:0,(anonymous_17)
FNDA:0,(anonymous_18)
FNDA:0,(anonymous_19)
FNDA:0,(anonymous_20)
FNDA:0,(anonymous_21)
FNDA:0,(anonymous_22)
FNDA:0,(anonymous_23)
FNDA:0,(anonymous_24)
FNDA:0,(anonymous_25)
FNDA:0,(anonymous_26)
DA:14,0
DA:24,0
DA:25,0
DA:31,0
DA:32,0
DA:33,0
DA:34,0
DA:35,0
DA:37,0
DA:50,0
DA:51,0
DA:57,0
DA:58,0
DA:59,0
DA:60,0
DA:70,0
DA:72,0
DA:74,0
DA:76,0
DA:77,0
DA:78,0
DA:79,0
DA:81,0
DA:82,0
DA:85,0
DA:86,0
DA:89,0
DA:97,0
DA:98,0
DA:99,0
DA:100,0
DA:101,0
DA:102,0
DA:103,0
DA:104,0
DA:105,0
DA:107,0
DA:108,0
DA:109,0
DA:111,0
DA:112,0
DA:117,0
DA:118,0
DA:119,0
DA:120,0
DA:122,0
DA:126,0
DA:127,0
DA:128,0
DA:129,0
DA:132,0
DA:135,0
DA:145,0
DA:146,0
DA:147,0
DA:148,0
DA:149,0
DA:158,0
DA:159,0
DA:160,0
DA:169,0
DA:177,0
DA:185,0
DA:193,0
DA:194,0
DA:196,0
DA:197,0
DA:198,0
DA:209,0
DA:219,0
DA:229,0
DA:230,0
DA:238,0
DA:239,0
DA:240,0
DA:248,0
DA:249,0
DA:250,0
DA:258,0
DA:263,0
DA:264,0
DA:265,0
DA:266,0
DA:268,0
DA:269,0
DA:270,0
LF:86
LH:0
BRDA:23,0,0,0
BRDA:24,1,0,0
BRDA:24,1,1,0
BRDA:32,2,0,0
BRDA:32,2,1,0
BRDA:34,3,0,0
BRDA:34,3,1,0
BRDA:49,4,0,0
BRDA:50,5,0,0
BRDA:50,5,1,0
BRDA:58,6,0,0
BRDA:58,6,1,0
BRDA:60,7,0,0
BRDA:60,7,1,0
BRDA:76,8,0,0
BRDA:76,8,1,0
BRDA:117,9,0,0
BRDA:117,9,1,0
BRDA:126,10,0,0
BRDA:126,10,1,0
BRDA:157,11,0,0
BRDA:219,12,0,0
BRDA:219,12,1,0
BRDA:248,13,0,0
BRDA:248,13,1,0
BRF:25
BRH:0
end_of_record
TN:
SF:src/utils/content-migration-path.js
FN:15,getContentMigrationPath
FN:58,ensureContentMigrationFolders
FN:83,copyToContentMigration
FNF:3
FNH:0
FNDA:0,getContentMigrationPath
FNDA:0,ensureContentMigrationFolders
FNDA:0,copyToContentMigration
DA:17,0
DA:18,0
DA:21,0
DA:23,0
DA:27,0
DA:28,0
DA:29,0
DA:31,0
DA:34,0
DA:35,0
DA:36,0
DA:37,0
DA:39,0
DA:42,0
DA:46,0
DA:49,0
DA:59,0
DA:61,0
DA:70,0
DA:71,0
DA:73,0
DA:84,0
DA:85,0
DA:86,0
DA:88,0
DA:89,0
DA:92,0
DA:93,0
LF:28
LH:0
BRDA:17,0,0,0
BRDA:17,0,1,0
BRDA:27,1,0,0
BRDA:27,1,1,0
BRDA:29,2,0,0
BRDA:29,2,1,0
BRDA:36,3,0,0
BRDA:36,3,1,0
BRDA:83,4,0,0
BRDA:85,5,0,0
BRDA:85,5,1,0
BRF:11
BRH:0
end_of_record
TN:
SF:src/utils/errors.js
FN:13,(anonymous_0)
FN:21,(anonymous_1)
FN:30,(anonymous_2)
FN:39,(anonymous_3)
FN:79,handleError
FN:107,getUserFriendlyMessage
FN:136,(anonymous_6)
FN:148,(anonymous_7)
FN:161,(anonymous_8)
FN:174,retry
FN:194,(anonymous_10)
FNF:11
FNH:11
FNDA:3,(anonymous_0)
FNDA:1,(anonymous_1)
FNDA:1,(anonymous_2)
FNDA:1,(anonymous_3)
FNDA:2,handleError
FNDA:2,getUserFriendlyMessage
FNDA:3,(anonymous_6)
FNDA:2,(anonymous_7)
FNDA:1,(anonymous_8)
FNDA:3,retry
FNDA:3,(anonymous_10)
DA:14,3
DA:15,3
DA:16,3
DA:22,1
DA:23,1
DA:24,1
DA:25,1
DA:31,1
DA:32,1
DA:33,1
DA:34,1
DA:40,1
DA:41,1
DA:42,1
DA:49,5
DA:64,5
DA:65,5
DA:80,2
DA:88,2
DA:95,2
DA:108,2
DA:110,1
DA:111,0
DA:113,1
DA:114,0
DA:116,1
DA:119,0
DA:122,0
DA:125,0
DA:128,1
DA:137,3
DA:138,3
DA:139,3
DA:140,3
DA:149,2
DA:150,2
DA:151,2
DA:152,2
DA:153,2
DA:155,2
DA:162,1
DA:163,1
DA:177,3
DA:178,6
DA:179,6
DA:181,4
DA:183,4
DA:184,1
DA:187,3
DA:188,3
DA:194,3
DA:198,0
LF:52
LH:46
BRDA:13,0,0,2
BRDA:21,1,0,0
BRDA:21,2,0,1
BRDA:30,3,0,0
BRDA:30,4,0,1
BRDA:39,5,0,1
BRDA:50,6,0,5
BRDA:50,6,1,5
BRDA:64,7,0,5
BRDA:64,7,1,0
BRDA:79,8,0,1
BRDA:81,9,0,2
BRDA:81,9,1,0
BRDA:108,10,0,1
BRDA:108,10,1,0
BRDA:108,10,2,0
BRDA:108,10,3,0
BRDA:108,10,4,1
BRDA:110,11,0,0
BRDA:110,11,1,1
BRDA:113,12,0,0
BRDA:113,12,1,1
BRDA:119,13,0,0
BRDA:119,13,1,0
BRDA:122,14,0,0
BRDA:122,14,1,0
BRDA:136,15,0,0
BRDA:148,16,0,0
BRDA:148,17,0,0
BRDA:153,18,0,2
BRDA:153,18,1,0
BRDA:155,19,0,2
BRDA:155,19,1,0
BRDA:174,20,0,0
BRDA:174,21,0,1
BRDA:183,22,0,1
BRDA:183,22,1,3
BRF:37
BRH:18
end_of_record
TN:
SF:src/utils/filesystem.js
FN:15,ensureDir
FN:24,exists
FN:34,readJSON
FN:53,writeJSON
FN:64,readFile
FN:82,writeFile
FN:93,getFiles
FN:103,(anonymous_7)
FN:106,(anonymous_8)
FN:122,cleanupOldFiles
FN:154,getDirectorySize
FN:186,formatFileSize
FNF:12
FNH:0
FNDA:0,ensureDir
FNDA:0,exists
FNDA:0,readJSON
FNDA:0,writeJSON
FNDA:0,readFile
FNDA:0,writeFile
FNDA:0,getFiles
FNDA:0,(anonymous_7)
FNDA:0,(anonymous_8)
FNDA:0,cleanupOldFiles
FNDA:0,getDirectorySize
FNDA:0,formatFileSize
DA:16,0
DA:25,0
DA:35,0
DA:36,0
DA:37,0
DA:39,0
DA:41,0
DA:42,0
DA:54,0
DA:55,0
DA:65,0
DA:66,0
DA:67,0
DA:69,0
DA:71,0
DA:72,0
DA:83,0
DA:84,0
DA:94,0
DA:95,0
DA:96,0
DA:99,0
DA:101,0
DA:103,0
DA:104,0
DA:106,0
DA:109,0
DA:111,0
DA:112,0
DA:123,0
DA:124,0
DA:125,0
DA:128,0
DA:129,0
DA:130,0
DA:132,0
DA:133,0
DA:134,0
DA:136,0
DA:137,0
DA:138,0
DA:142,0
DA:144,0
DA:145,0
DA:155,0
DA:156,0
DA:157,0
DA:160,0
DA:161,0
DA:163,0
DA:164,0
DA:166,0
DA:167,0
DA:169,0
DA:170,0
DA:174,0
DA:176,0
DA:177,0
DA:187,0
DA:188,0
DA:189,0
DA:191,0
DA:192,0
DA:193,0
DA:196,0
LF:65
LH:0
BRDA:34,0,0,0
BRDA:36,1,0,0
BRDA:36,1,1,0
BRDA:53,2,0,0
BRDA:64,3,0,0
BRDA:66,4,0,0
BRDA:66,4,1,0
BRDA:95,5,0,0
BRDA:95,5,1,0
BRDA:101,6,0,0
BRDA:101,6,1,0
BRDA:104,7,0,0
BRDA:104,7,1,0
BRDA:122,8,0,0
BRDA:124,9,0,0
BRDA:124,9,1,0
BRDA:136,10,0,0
BRDA:136,10,1,0
BRDA:156,11,0,0
BRDA:156,11,1,0
BRDA:166,12,0,0
BRDA:166,12,1,0
BRDA:191,13,0,0
BRDA:191,13,1,0
BRF:24
BRH:0
end_of_record
