TN:
SF:src/middleware.js
FN:4,middleware
FN:16,(anonymous_1)
FN:19,(anonymous_2)
FN:20,(anonymous_3)
FN:24,(anonymous_4)
FN:37,(anonymous_5)
FNF:6
FNH:0
FNDA:0,middleware
FNDA:0,(anonymous_1)
FNDA:0,(anonymous_2)
FNDA:0,(anonymous_3)
FNDA:0,(anonymous_4)
FNDA:0,(anonymous_5)
DA:5,0
DA:11,0
DA:17,0
DA:20,0
DA:21,0
DA:24,0
DA:25,0
DA:33,0
DA:36,0
DA:37,0
DA:40,0
DA:42,0
DA:46,0
DA:47,0
DA:48,0
DA:49,0
DA:50,0
DA:53,0
DA:56,0
LF:19
LH:0
BRDA:40,0,0,0
BRDA:40,0,1,0
BRDA:40,1,0,0
BRDA:40,1,1,0
BRDA:46,2,0,0
BRDA:46,2,1,0
BRDA:46,3,0,0
BRDA:46,3,1,0
BRF:8
BRH:0
end_of_record
TN:
SF:src/cli/automation.js
FN:23,(anonymous_0)
FN:41,(anonymous_1)
FN:141,(anonymous_2)
FN:190,(anonymous_3)
FN:214,(anonymous_4)
FN:246,(anonymous_5)
FN:270,(anonymous_6)
FN:310,(anonymous_7)
FN:359,(anonymous_8)
FN:437,(anonymous_9)
FN:486,(anonymous_10)
FN:487,(anonymous_11)
FN:501,(anonymous_12)
FN:504,(anonymous_13)
FN:535,(anonymous_14)
FN:614,(anonymous_15)
FN:674,(anonymous_16)
FN:687,(anonymous_17)
FN:703,(anonymous_18)
FN:719,(anonymous_19)
FN:735,(anonymous_20)
FN:750,(anonymous_21)
FN:763,(anonymous_22)
FN:773,(anonymous_23)
FN:783,(anonymous_24)
FN:803,(anonymous_25)
FN:804,(anonymous_26)
FN:811,main
FN:815,(anonymous_28)
FN:827,(anonymous_29)
FNF:30
FNH:0
FNDA:0,(anonymous_0)
FNDA:0,(anonymous_1)
FNDA:0,(anonymous_2)
FNDA:0,(anonymous_3)
FNDA:0,(anonymous_4)
FNDA:0,(anonymous_5)
FNDA:0,(anonymous_6)
FNDA:0,(anonymous_7)
FNDA:0,(anonymous_8)
FNDA:0,(anonymous_9)
FNDA:0,(anonymous_10)
FNDA:0,(anonymous_11)
FNDA:0,(anonymous_12)
FNDA:0,(anonymous_13)
FNDA:0,(anonymous_14)
FNDA:0,(anonymous_15)
FNDA:0,(anonymous_16)
FNDA:0,(anonymous_17)
FNDA:0,(anonymous_18)
FNDA:0,(anonymous_19)
FNDA:0,(anonymous_20)
FNDA:0,(anonymous_21)
FNDA:0,(anonymous_22)
FNDA:0,(anonymous_23)
FNDA:0,(anonymous_24)
FNDA:0,(anonymous_25)
FNDA:0,(anonymous_26)
FNDA:0,main
FNDA:0,(anonymous_28)
FNDA:0,(anonymous_29)
DA:24,0
DA:25,0
DA:26,0
DA:27,0
DA:28,0
DA:31,0
DA:32,0
DA:33,0
DA:42,0
DA:43,0
DA:44,0
DA:45,0
DA:48,0
DA:49,0
DA:50,0
DA:51,0
DA:52,0
DA:53,0
DA:54,0
DA:55,0
DA:56,0
DA:57,0
DA:59,0
DA:64,0
DA:65,0
DA:66,0
DA:67,0
DA:72,0
DA:75,0
DA:80,0
DA:81,0
DA:82,0
DA:85,0
DA:86,0
DA:87,0
DA:88,0
DA:89,0
DA:91,0
DA:94,0
DA:99,0
DA:100,0
DA:101,0
DA:105,0
DA:110,0
DA:111,0
DA:112,0
DA:115,0
DA:116,0
DA:117,0
DA:121,0
DA:122,0
DA:125,0
DA:126,0
DA:127,0
DA:128,0
DA:130,0
DA:133,0
DA:134,0
DA:142,0
DA:143,0
DA:144,0
DA:147,0
DA:153,0
DA:156,0
DA:158,0
DA:161,0
DA:164,0
DA:165,0
DA:167,0
DA:171,0
DA:174,0
DA:177,0
DA:180,0
DA:181,0
DA:182,0
DA:191,0
DA:192,0
DA:200,0
DA:215,0
DA:219,0
DA:220,0
DA:222,0
DA:223,0
DA:224,0
DA:230,0
DA:231,0
DA:236,0
DA:237,0
DA:238,0
DA:241,0
DA:242,0
DA:245,0
DA:246,0
DA:252,0
DA:253,0
DA:256,0
DA:258,0
DA:262,0
DA:271,0
DA:275,0
DA:276,0
DA:277,0
DA:279,0
DA:280,0
DA:282,0
DA:283,0
DA:284,0
DA:291,0
DA:292,0
DA:297,0
DA:298,0
DA:299,0
DA:300,0
DA:301,0
DA:304,0
DA:305,0
DA:306,0
DA:309,0
DA:310,0
DA:316,0
DA:317,0
DA:318,0
DA:319,0
DA:320,0
DA:324,0
DA:325,0
DA:328,0
DA:331,0
DA:332,0
DA:337,0
DA:338,0
DA:341,0
DA:342,0
DA:343,0
DA:346,0
DA:350,0
DA:352,0
DA:360,0
DA:361,0
DA:362,0
DA:363,0
DA:365,0
DA:368,0
DA:369,0
DA:370,0
DA:371,0
DA:372,0
DA:374,0
DA:379,0
DA:380,0
DA:381,0
DA:386,0
DA:391,0
DA:392,0
DA:393,0
DA:397,0
DA:398,0
DA:399,0
DA:402,0
DA:408,0
DA:414,0
DA:415,0
DA:416,0
DA:417,0
DA:421,0
DA:428,0
DA:429,0
DA:438,0
DA:442,0
DA:443,0
DA:444,0
DA:446,0
DA:447,0
DA:449,0
DA:450,0
DA:451,0
DA:458,0
DA:459,0
DA:464,0
DA:465,0
DA:466,0
DA:470,0
DA:472,0
DA:474,0
DA:476,0
DA:480,0
DA:482,0
DA:485,0
DA:486,0
DA:487,0
DA:493,0
DA:494,0
DA:497,0
DA:500,0
DA:501,0
DA:502,0
DA:503,0
DA:504,0
DA:505,0
DA:510,0
DA:512,0
DA:517,0
DA:518,0
DA:521,0
DA:524,0
DA:527,0
DA:536,0
DA:540,0
DA:541,0
DA:542,0
DA:544,0
DA:545,0
DA:547,0
DA:548,0
DA:549,0
DA:556,0
DA:557,0
DA:562,0
DA:563,0
DA:564,0
DA:568,0
DA:571,0
DA:573,0
DA:574,0
DA:576,0
DA:577,0
DA:580,0
DA:582,0
DA:583,0
DA:584,0
DA:585,0
DA:586,0
DA:589,0
DA:591,0
DA:596,0
DA:597,0
DA:600,0
DA:603,0
DA:606,0
DA:615,0
DA:617,0
DA:620,0
DA:627,0
DA:630,0
DA:632,0
DA:633,0
DA:634,0
DA:635,0
DA:636,0
DA:638,0
DA:639,0
DA:641,0
DA:642,0
DA:650,0
DA:662,0
DA:663,0
DA:664,0
DA:665,0
DA:675,0
DA:676,0
DA:678,0
DA:688,0
DA:689,0
DA:690,0
DA:691,0
DA:692,0
DA:694,0
DA:704,0
DA:705,0
DA:706,0
DA:707,0
DA:708,0
DA:710,0
DA:720,0
DA:721,0
DA:722,0
DA:723,0
DA:724,0
DA:726,0
DA:736,0
DA:737,0
DA:738,0
DA:739,0
DA:740,0
DA:742,0
DA:751,0
DA:753,0
DA:754,0
DA:757,0
DA:758,0
DA:760,0
DA:761,0
DA:762,0
DA:763,0
DA:764,0
DA:765,0
DA:766,0
DA:770,0
DA:771,0
DA:772,0
DA:773,0
DA:774,0
DA:775,0
DA:776,0
DA:780,0
DA:781,0
DA:782,0
DA:783,0
DA:784,0
DA:785,0
DA:786,0
DA:790,0
DA:791,0
DA:792,0
DA:793,0
DA:794,0
DA:804,0
DA:812,0
DA:815,0
DA:816,0
DA:817,0
DA:818,0
DA:819,0
DA:822,0
DA:826,0
DA:827,0
DA:828,0
DA:829,0
DA:830,0
LF:329
LH:0
BRDA:51,0,0,0
BRDA:51,0,1,0
BRDA:53,1,0,0
BRDA:53,1,1,0
BRDA:55,2,0,0
BRDA:55,2,1,0
BRDA:56,3,0,0
BRDA:56,3,1,0
BRDA:64,4,0,0
BRDA:64,4,1,0
BRDA:80,5,0,0
BRDA:80,5,1,0
BRDA:96,6,0,0
BRDA:96,6,1,0
BRDA:99,7,0,0
BRDA:99,7,1,0
BRDA:107,8,0,0
BRDA:107,8,1,0
BRDA:110,9,0,0
BRDA:110,9,1,0
BRDA:115,10,0,0
BRDA:115,10,1,0
BRDA:164,11,0,0
BRDA:164,11,1,0
BRDA:191,12,0,0
BRDA:191,12,1,0
BRDA:222,13,0,0
BRDA:222,13,1,0
BRDA:230,14,0,0
BRDA:230,14,1,0
BRDA:236,15,0,0
BRDA:236,15,1,0
BRDA:245,16,0,0
BRDA:245,16,1,0
BRDA:245,17,0,0
BRDA:245,17,1,0
BRDA:247,18,0,0
BRDA:247,18,1,0
BRDA:248,19,0,0
BRDA:248,19,1,0
BRDA:252,20,0,0
BRDA:252,20,1,0
BRDA:279,21,0,0
BRDA:279,21,1,0
BRDA:282,22,0,0
BRDA:282,22,1,0
BRDA:291,23,0,0
BRDA:291,23,1,0
BRDA:297,24,0,0
BRDA:297,24,1,0
BRDA:309,25,0,0
BRDA:309,25,1,0
BRDA:309,26,0,0
BRDA:309,26,1,0
BRDA:311,27,0,0
BRDA:311,27,1,0
BRDA:312,28,0,0
BRDA:312,28,1,0
BRDA:316,29,0,0
BRDA:316,29,1,0
BRDA:319,30,0,0
BRDA:319,30,1,0
BRDA:319,31,0,0
BRDA:319,31,1,0
BRDA:324,32,0,0
BRDA:324,32,1,0
BRDA:337,33,0,0
BRDA:337,33,1,0
BRDA:368,34,0,0
BRDA:368,34,1,0
BRDA:368,35,0,0
BRDA:368,35,1,0
BRDA:368,35,2,0
BRDA:379,36,0,0
BRDA:379,36,1,0
BRDA:388,37,0,0
BRDA:388,37,1,0
BRDA:391,38,0,0
BRDA:391,38,1,0
BRDA:404,39,0,0
BRDA:404,39,1,0
BRDA:410,40,0,0
BRDA:410,40,1,0
BRDA:415,41,0,0
BRDA:415,41,1,0
BRDA:415,42,0,0
BRDA:415,42,1,0
BRDA:415,42,2,0
BRDA:446,43,0,0
BRDA:446,43,1,0
BRDA:449,44,0,0
BRDA:449,44,1,0
BRDA:458,45,0,0
BRDA:458,45,1,0
BRDA:464,46,0,0
BRDA:464,46,1,0
BRDA:478,47,0,0
BRDA:478,47,1,0
BRDA:485,48,0,0
BRDA:485,48,1,0
BRDA:489,49,0,0
BRDA:489,49,1,0
BRDA:493,50,0,0
BRDA:493,50,1,0
BRDA:500,51,0,0
BRDA:500,51,1,0
BRDA:500,52,0,0
BRDA:500,52,1,0
BRDA:502,53,0,0
BRDA:502,53,1,0
BRDA:517,54,0,0
BRDA:517,54,1,0
BRDA:544,55,0,0
BRDA:544,55,1,0
BRDA:547,56,0,0
BRDA:547,56,1,0
BRDA:556,57,0,0
BRDA:556,57,1,0
BRDA:562,58,0,0
BRDA:562,58,1,0
BRDA:576,59,0,0
BRDA:576,59,1,0
BRDA:596,60,0,0
BRDA:596,60,1,0
BRDA:615,61,0,0
BRDA:615,61,1,0
BRDA:615,61,2,0
BRDA:618,62,0,0
BRDA:618,62,1,0
BRDA:623,63,0,0
BRDA:623,63,1,0
BRDA:635,64,0,0
BRDA:635,64,1,0
BRDA:641,65,0,0
BRDA:641,65,1,0
BRDA:663,66,0,0
BRDA:663,66,1,0
BRDA:751,67,0,0
BRDA:751,67,1,0
BRDA:751,67,2,0
BRDA:753,68,0,0
BRDA:753,68,1,0
BRDA:760,69,0,0
BRDA:760,69,1,0
BRDA:766,70,0,0
BRDA:766,70,1,0
BRDA:770,71,0,0
BRDA:770,71,1,0
BRDA:776,72,0,0
BRDA:776,72,1,0
BRDA:780,73,0,0
BRDA:780,73,1,0
BRDA:784,74,0,0
BRDA:784,74,1,0
BRDA:786,75,0,0
BRDA:786,75,1,0
BRDA:826,76,0,0
BRDA:826,76,1,0
BRF:158
BRH:0
end_of_record
TN:
SF:src/cli/cleanup.js
FN:35,getPathStats
FN:93,formatSize
FN:107,cleanupPath
FN:133,displayCleanupPreview
FN:199,cleanup
FN:241,(anonymous_5)
FN:254,(anonymous_6)
FN:303,quickClean
FN:338,(anonymous_8)
FN:344,(anonymous_9)
FN:350,(anonymous_10)
FNF:11
FNH:0
FNDA:0,getPathStats
FNDA:0,formatSize
FNDA:0,cleanupPath
FNDA:0,displayCleanupPreview
FNDA:0,cleanup
FNDA:0,(anonymous_5)
FNDA:0,(anonymous_6)
FNDA:0,quickClean
FNDA:0,(anonymous_8)
FNDA:0,(anonymous_9)
FNDA:0,(anonymous_10)
DA:15,0
DA:24,0
DA:36,0
DA:37,0
DA:39,0
DA:40,0
DA:43,0
DA:45,0
DA:46,0
DA:54,0
DA:55,0
DA:56,0
DA:57,0
DA:59,0
DA:60,0
DA:61,0
DA:63,0
DA:64,0
DA:65,0
DA:66,0
DA:68,0
DA:69,0
DA:70,0
DA:74,0
DA:82,0
DA:84,0
DA:94,0
DA:95,0
DA:96,0
DA:97,0
DA:98,0
DA:108,0
DA:109,0
DA:111,0
DA:112,0
DA:113,0
DA:114,0
DA:115,0
DA:116,0
DA:118,0
DA:119,0
DA:120,0
DA:123,0
DA:124,0
DA:134,0
DA:135,0
DA:136,0
DA:137,0
DA:139,0
DA:140,0
DA:141,0
DA:142,0
DA:145,0
DA:146,0
DA:147,0
DA:148,0
DA:150,0
DA:151,0
DA:152,0
DA:153,0
DA:155,0
DA:156,0
DA:158,0
DA:161,0
DA:166,0
DA:167,0
DA:168,0
DA:169,0
DA:171,0
DA:172,0
DA:173,0
DA:174,0
DA:175,0
DA:177,0
DA:181,0
DA:182,0
DA:183,0
DA:184,0
DA:185,0
DA:186,0
DA:188,0
DA:200,0
DA:201,0
DA:204,0
DA:206,0
DA:207,0
DA:208,0
DA:209,0
DA:213,0
DA:214,0
DA:215,0
DA:216,0
DA:217,0
DA:218,0
DA:219,0
DA:220,0
DA:223,0
DA:228,0
DA:229,0
DA:230,0
DA:231,0
DA:235,0
DA:236,0
DA:237,0
DA:240,0
DA:241,0
DA:242,0
DA:243,0
DA:244,0
DA:245,0
DA:247,0
DA:253,0
DA:254,0
DA:255,0
DA:256,0
DA:257,0
DA:258,0
DA:260,0
DA:266,0
DA:267,0
DA:268,0
DA:269,0
DA:270,0
DA:272,0
DA:274,0
DA:275,0
DA:276,0
DA:277,0
DA:279,0
DA:280,0
DA:281,0
DA:283,0
DA:284,0
DA:288,0
DA:289,0
DA:290,0
DA:292,0
DA:304,0
DA:311,0
DA:313,0
DA:314,0
DA:316,0
DA:317,0
DA:318,0
DA:319,0
DA:320,0
DA:321,0
DA:322,0
DA:323,0
DA:327,0
DA:331,0
DA:333,0
DA:334,0
DA:336,0
DA:338,0
DA:339,0
DA:340,0
DA:342,0
DA:344,0
DA:345,0
DA:346,0
DA:350,0
DA:351,0
DA:352,0
LF:164
LH:0
BRDA:39,0,0,0
BRDA:39,0,1,0
BRDA:45,1,0,0
BRDA:45,1,1,0
BRDA:54,2,0,0
BRDA:54,2,1,0
BRDA:63,3,0,0
BRDA:63,3,1,0
BRDA:66,4,0,0
BRDA:66,4,1,0
BRDA:94,5,0,0
BRDA:94,5,1,0
BRDA:111,6,0,0
BRDA:111,6,1,0
BRDA:112,7,0,0
BRDA:112,7,1,0
BRDA:118,8,0,0
BRDA:118,8,1,0
BRDA:150,9,0,0
BRDA:150,9,1,0
BRDA:155,10,0,0
BRDA:155,10,1,0
BRDA:171,11,0,0
BRDA:171,11,1,0
BRDA:206,12,0,0
BRDA:206,12,1,0
BRDA:228,13,0,0
BRDA:228,13,1,0
BRDA:242,14,0,0
BRDA:242,14,1,0
BRDA:242,15,0,0
BRDA:242,15,1,0
BRDA:244,16,0,0
BRDA:244,16,1,0
BRDA:255,17,0,0
BRDA:255,17,1,0
BRDA:255,18,0,0
BRDA:255,18,1,0
BRDA:257,19,0,0
BRDA:257,19,1,0
BRDA:269,20,0,0
BRDA:269,20,1,0
BRDA:279,21,0,0
BRDA:279,21,1,0
BRDA:303,22,0,0
BRDA:311,23,0,0
BRDA:311,23,1,0
BRDA:319,24,0,0
BRDA:319,24,1,0
BRDA:321,25,0,0
BRDA:321,25,1,0
BRDA:331,26,0,0
BRDA:331,26,1,0
BRDA:336,27,0,0
BRDA:336,27,1,0
BRDA:336,28,0,0
BRDA:336,28,1,0
BRDA:342,29,0,0
BRDA:342,29,1,0
BRF:59
BRH:0
end_of_record
TN:
SF:src/cli/csv.js
FN:14,main
FNF:1
FNH:0
FNDA:0,main
DA:15,0
DA:16,0
DA:17,0
DA:18,0
DA:21,0
DA:24,0
DA:26,0
DA:27,0
DA:28,0
DA:29,0
DA:31,0
DA:34,0
DA:35,0
DA:36,0
DA:38,0
DA:39,0
DA:42,0
DA:47,0
LF:18
LH:0
BRDA:38,0,0,0
BRDA:38,0,1,0
BRF:2
BRH:0
end_of_record
TN:
SF:src/cli/images.js
FN:14,main
FNF:1
FNH:0
FNDA:0,main
DA:15,0
DA:16,0
DA:17,0
DA:18,0
DA:21,0
DA:24,0
DA:26,0
DA:27,0
DA:29,0
DA:30,0
DA:33,0
DA:36,0
DA:37,0
DA:38,0
DA:40,0
DA:41,0
DA:44,0
DA:49,0
LF:18
LH:0
BRDA:29,0,0,0
BRDA:29,0,1,0
BRDA:40,1,0,0
BRDA:40,1,1,0
BRF:4
BRH:0
end_of_record
TN:
SF:src/cli/processor.js
FN:14,main
FNF:1
FNH:0
FNDA:0,main
DA:15,0
DA:16,0
DA:17,0
DA:18,0
DA:21,0
DA:24,0
DA:26,0
DA:27,0
DA:29,0
DA:30,0
DA:33,0
DA:36,0
DA:37,0
DA:38,0
DA:40,0
DA:41,0
DA:44,0
DA:49,0
LF:18
LH:0
BRDA:29,0,0,0
BRDA:29,0,1,0
BRDA:40,1,0,0
BRDA:40,1,1,0
BRF:4
BRH:0
end_of_record
TN:
SF:src/cli/scraper.js
FN:14,main
FNF:1
FNH:0
FNDA:0,main
DA:15,0
DA:16,0
DA:17,0
DA:18,0
DA:21,0
DA:24,0
DA:26,0
DA:27,0
DA:29,0
DA:30,0
DA:33,0
DA:36,0
DA:37,0
DA:38,0
DA:40,0
DA:41,0
DA:44,0
DA:49,0
LF:18
LH:0
BRDA:29,0,0,0
BRDA:29,0,1,0
BRDA:40,1,0,0
BRDA:40,1,1,0
BRF:4
BRH:0
end_of_record
TN:
SF:src/config/index.js
FN:68,(anonymous_0)
FN:77,(anonymous_1)
FN:129,(anonymous_2)
FN:137,(anonymous_3)
FN:146,(anonymous_4)
FN:156,(anonymous_5)
FN:173,(anonymous_6)
FNF:7
FNH:6
FNDA:21,(anonymous_0)
FNDA:21,(anonymous_1)
FNDA:63,(anonymous_2)
FNDA:0,(anonymous_3)
FNDA:3,(anonymous_4)
FNDA:1,(anonymous_5)
FNDA:1,(anonymous_6)
DA:11,14
DA:17,14
DA:69,21
DA:78,21
DA:130,63
DA:138,0
DA:147,3
DA:148,3
DA:157,1
DA:160,1
DA:161,1
DA:162,0
DA:165,1
DA:174,1
DA:179,14
LF:15
LH:13
BRDA:81,0,0,21
BRDA:81,0,1,0
BRDA:82,1,0,21
BRDA:82,1,1,0
BRDA:83,2,0,21
BRDA:83,2,1,0
BRDA:84,3,0,21
BRDA:84,3,1,0
BRDA:85,4,0,21
BRDA:85,4,1,21
BRDA:86,5,0,21
BRDA:86,5,1,21
BRDA:91,6,0,21
BRDA:91,6,1,21
BRDA:92,7,0,21
BRDA:92,7,1,0
BRDA:93,8,0,21
BRDA:93,8,1,0
BRDA:94,9,0,21
BRDA:94,9,1,0
BRDA:100,10,0,21
BRDA:100,10,1,0
BRDA:101,11,0,21
BRDA:101,11,1,0
BRDA:102,12,0,21
BRDA:102,12,1,0
BRDA:103,13,0,21
BRDA:103,13,1,0
BRDA:111,14,0,21
BRDA:111,14,1,0
BRDA:112,15,0,21
BRDA:112,15,1,0
BRDA:113,16,0,21
BRDA:113,16,1,0
BRDA:117,17,0,21
BRDA:117,17,1,0
BRDA:118,18,0,21
BRDA:118,18,1,0
BRDA:119,19,0,21
BRDA:119,19,1,0
BRDA:130,20,0,63
BRDA:130,20,1,1
BRDA:147,21,0,3
BRDA:147,21,1,0
BRDA:161,22,0,0
BRDA:161,22,1,1
BRDA:161,23,0,1
BRDA:161,23,1,1
BRDA:161,23,2,0
BRDA:161,23,3,0
BRDA:161,23,4,0
BRF:51
BRH:29
end_of_record
TN:
SF:src/core/csv-generator.js
FN:19,(anonymous_0)
FN:43,(anonymous_1)
FN:57,(anonymous_2)
FN:71,(anonymous_3)
FN:84,(anonymous_4)
FN:98,(anonymous_5)
FN:112,(anonymous_6)
FN:128,(anonymous_7)
FN:157,(anonymous_8)
FN:208,(anonymous_9)
FN:301,(anonymous_10)
FN:307,(anonymous_11)
FN:345,(anonymous_12)
FN:356,(anonymous_13)
FN:371,(anonymous_14)
FN:397,(anonymous_15)
FN:401,(anonymous_16)
FN:427,(anonymous_17)
FN:453,(anonymous_18)
FN:485,(anonymous_19)
FN:530,(anonymous_20)
FN:539,(anonymous_21)
FN:541,(anonymous_22)
FN:541,(anonymous_23)
FN:644,(anonymous_24)
FN:648,(anonymous_25)
FN:673,(anonymous_26)
FN:695,(anonymous_27)
FN:731,(anonymous_28)
FN:743,(anonymous_29)
FN:775,(anonymous_30)
FN:805,(anonymous_31)
FN:883,(anonymous_32)
FN:944,(anonymous_33)
FN:945,(anonymous_34)
FN:969,(anonymous_35)
FN:972,(anonymous_36)
FN:994,(anonymous_37)
FNF:38
FNH:17
FNDA:24,(anonymous_0)
FNDA:5,(anonymous_1)
FNDA:3,(anonymous_2)
FNDA:2,(anonymous_3)
FNDA:3,(anonymous_4)
FNDA:5,(anonymous_5)
FNDA:0,(anonymous_6)
FNDA:1,(anonymous_7)
FNDA:2,(anonymous_8)
FNDA:5,(anonymous_9)
FNDA:13,(anonymous_10)
FNDA:3,(anonymous_11)
FNDA:0,(anonymous_12)
FNDA:2,(anonymous_13)
FNDA:1,(anonymous_14)
FNDA:1,(anonymous_15)
FNDA:0,(anonymous_16)
FNDA:3,(anonymous_17)
FNDA:1,(anonymous_18)
FNDA:0,(anonymous_19)
FNDA:0,(anonymous_20)
FNDA:0,(anonymous_21)
FNDA:0,(anonymous_22)
FNDA:0,(anonymous_23)
FNDA:0,(anonymous_24)
FNDA:0,(anonymous_25)
FNDA:0,(anonymous_26)
FNDA:0,(anonymous_27)
FNDA:0,(anonymous_28)
FNDA:0,(anonymous_29)
FNDA:2,(anonymous_30)
FNDA:0,(anonymous_31)
FNDA:0,(anonymous_32)
FNDA:0,(anonymous_33)
FNDA:0,(anonymous_34)
FNDA:0,(anonymous_35)
FNDA:0,(anonymous_36)
FNDA:0,(anonymous_37)
DA:20,24
DA:23,24
DA:24,24
DA:25,24
DA:29,1
DA:33,1
DA:35,1
DA:44,5
DA:46,2
DA:48,2
DA:58,3
DA:59,3
DA:60,0
DA:62,3
DA:72,2
DA:85,3
DA:99,5
DA:100,5
DA:101,5
DA:103,5
DA:113,0
DA:130,1
DA:131,3
DA:132,0
DA:137,1
DA:138,1
DA:142,0
DA:143,0
DA:147,0
DA:158,2
DA:159,2
DA:160,2
DA:163,2
DA:175,2
DA:176,11
DA:177,11
DA:180,1
DA:181,0
DA:182,0
DA:183,0
DA:187,1
DA:188,1
DA:189,1
DA:190,1
DA:194,1
DA:197,0
DA:198,0
DA:209,5
DA:211,5
DA:213,5
DA:224,5
DA:225,5
DA:226,2
DA:227,2
DA:228,2
DA:232,3
DA:233,3
DA:234,1
DA:235,1
DA:240,1
DA:241,1
DA:242,1
DA:246,2
DA:247,2
DA:248,1
DA:249,1
DA:250,1
DA:251,1
DA:255,1
DA:256,1
DA:257,0
DA:258,0
DA:263,0
DA:264,0
DA:265,0
DA:269,1
DA:270,1
DA:271,0
DA:272,0
DA:273,0
DA:274,0
DA:275,0
DA:276,0
DA:277,0
DA:280,1
DA:283,0
DA:302,13
DA:303,2
DA:304,2
DA:308,3
DA:309,3
DA:310,3
DA:313,3
DA:314,3
DA:315,1
DA:316,1
DA:317,1
DA:318,1
DA:323,2
DA:324,0
DA:326,2
DA:330,2
DA:331,2
DA:332,12
DA:333,12
DA:334,12
DA:335,1
DA:336,1
DA:341,1
DA:342,1
DA:343,0
DA:345,0
DA:347,0
DA:348,0
DA:352,1
DA:353,1
DA:356,2
DA:357,1
DA:360,0
DA:361,0
DA:372,1
DA:398,1
DA:400,1
DA:401,0
DA:404,0
DA:405,0
DA:406,0
DA:410,0
DA:411,0
DA:412,0
DA:416,0
DA:417,0
DA:418,0
DA:421,0
DA:424,1
DA:428,3
DA:429,3
DA:431,3
DA:432,2
DA:436,1
DA:437,1
DA:440,1
DA:441,1
DA:445,1
DA:446,0
DA:450,1
DA:453,1
DA:454,1
DA:460,1
DA:462,1
DA:463,0
DA:469,1
DA:470,1
DA:472,1
DA:487,0
DA:488,0
DA:496,0
DA:497,0
DA:498,0
DA:499,0
DA:502,0
DA:503,0
DA:511,0
DA:512,0
DA:521,0
DA:524,0
DA:525,0
DA:526,0
DA:527,0
DA:530,0
DA:531,0
DA:532,0
DA:533,0
DA:535,0
DA:539,0
DA:540,0
DA:541,0
DA:544,0
DA:545,0
DA:546,0
DA:547,0
DA:548,0
DA:557,0
DA:558,0
DA:559,0
DA:560,0
DA:561,0
DA:569,0
DA:573,0
DA:574,0
DA:577,0
DA:578,0
DA:581,0
DA:582,0
DA:583,0
DA:586,0
DA:587,0
DA:588,0
DA:591,0
DA:592,0
DA:595,0
DA:600,0
DA:601,0
DA:602,0
DA:603,0
DA:604,0
DA:605,0
DA:606,0
DA:614,0
DA:623,0
DA:624,0
DA:625,0
DA:626,0
DA:629,0
DA:636,0
DA:641,0
DA:642,0
DA:644,0
DA:645,0
DA:648,0
DA:649,0
DA:652,0
DA:653,0
DA:654,0
DA:655,0
DA:659,0
DA:662,0
DA:663,0
DA:676,0
DA:677,0
DA:680,0
DA:681,0
DA:682,0
DA:683,0
DA:685,0
DA:686,0
DA:692,0
DA:693,0
DA:695,0
DA:696,0
DA:697,0
DA:698,0
DA:702,0
DA:705,0
DA:709,0
DA:711,0
DA:713,0
DA:717,0
DA:722,0
DA:724,0
DA:725,0
DA:731,0
DA:732,0
DA:733,0
DA:734,0
DA:737,0
DA:742,0
DA:743,0
DA:744,0
DA:749,0
DA:750,0
DA:751,0
DA:753,0
DA:759,0
DA:762,0
DA:764,0
DA:776,2
DA:778,2
DA:780,2
DA:781,2
DA:784,2
DA:785,2
DA:789,2
DA:792,0
DA:793,0
DA:806,0
DA:807,0
DA:809,0
DA:811,0
DA:815,0
DA:818,0
DA:822,0
DA:823,0
DA:824,0
DA:827,0
DA:828,0
DA:832,0
DA:835,0
DA:840,0
DA:842,0
DA:843,0
DA:844,0
DA:845,0
DA:849,0
DA:852,0
DA:855,0
DA:856,0
DA:860,0
DA:874,0
DA:875,0
DA:884,0
DA:885,0
DA:886,0
DA:887,0
DA:890,0
DA:891,0
DA:893,0
DA:894,0
DA:896,0
DA:897,0
DA:901,0
DA:902,0
DA:904,0
DA:906,0
DA:907,0
DA:911,0
DA:913,0
DA:914,0
DA:917,0
DA:918,0
DA:921,0
DA:922,0
DA:923,0
DA:924,0
DA:926,0
DA:927,0
DA:932,0
DA:933,0
DA:935,0
DA:936,0
DA:937,0
DA:938,0
DA:941,0
DA:944,0
DA:945,0
DA:947,0
DA:948,0
DA:949,0
DA:950,0
DA:953,0
DA:954,0
DA:957,0
DA:969,0
DA:971,0
DA:972,0
DA:973,0
DA:977,0
DA:978,0
DA:980,0
DA:981,0
DA:984,0
DA:994,0
DA:1001,0
DA:1002,0
DA:1004,0
DA:1005,0
DA:1006,0
DA:1007,0
DA:1008,0
DA:1010,0
DA:1013,0
LF:361
LH:117
BRDA:19,0,0,1
BRDA:23,1,0,24
BRDA:23,1,1,2
BRDA:24,2,0,24
BRDA:24,2,1,2
BRDA:24,2,2,2
BRDA:25,3,0,24
BRDA:25,3,1,23
BRDA:25,3,2,23
BRDA:44,4,0,3
BRDA:44,4,1,2
BRDA:59,5,0,0
BRDA:59,5,1,3
BRDA:59,6,0,3
BRDA:59,6,1,0
BRDA:100,7,0,10
BRDA:100,7,1,5
BRDA:101,8,0,5
BRDA:101,8,1,0
BRDA:131,9,0,0
BRDA:131,9,1,3
BRDA:137,10,0,1
BRDA:137,10,1,0
BRDA:137,11,0,1
BRDA:137,11,1,1
BRDA:137,11,2,1
BRDA:142,12,0,0
BRDA:142,12,1,0
BRDA:142,13,0,0
BRDA:142,13,1,0
BRDA:177,14,0,10
BRDA:177,14,1,1
BRDA:180,15,0,0
BRDA:180,15,1,1
BRDA:183,16,0,0
BRDA:183,16,1,0
BRDA:188,17,0,1
BRDA:188,17,1,0
BRDA:190,18,0,1
BRDA:190,18,1,0
BRDA:209,19,0,0
BRDA:209,19,1,5
BRDA:225,20,0,2
BRDA:225,20,1,3
BRDA:227,21,0,2
BRDA:227,21,1,1
BRDA:233,22,0,1
BRDA:233,22,1,2
BRDA:247,23,0,1
BRDA:247,23,1,1
BRDA:256,24,0,0
BRDA:256,24,1,1
BRDA:270,25,0,0
BRDA:270,25,1,1
BRDA:302,26,0,11
BRDA:302,26,1,2
BRDA:302,27,0,13
BRDA:302,27,1,2
BRDA:304,28,0,2
BRDA:304,28,1,0
BRDA:316,29,0,1
BRDA:316,29,1,0
BRDA:317,30,0,0
BRDA:317,30,1,1
BRDA:323,31,0,0
BRDA:323,31,1,2
BRDA:334,32,0,1
BRDA:334,32,1,11
BRDA:335,33,0,0
BRDA:335,33,1,1
BRDA:342,34,0,0
BRDA:342,34,1,1
BRDA:342,35,0,1
BRDA:342,35,1,1
BRDA:342,35,2,0
BRDA:347,36,0,0
BRDA:347,36,1,0
BRDA:404,37,0,0
BRDA:404,37,1,0
BRDA:404,38,0,0
BRDA:404,38,1,0
BRDA:404,38,2,0
BRDA:410,39,0,0
BRDA:410,39,1,0
BRDA:410,40,0,0
BRDA:410,40,1,0
BRDA:416,41,0,0
BRDA:416,41,1,0
BRDA:416,42,0,0
BRDA:416,42,1,0
BRDA:431,43,0,2
BRDA:431,43,1,1
BRDA:440,44,0,2
BRDA:440,44,1,2
BRDA:445,45,0,1
BRDA:445,45,1,1
BRDA:454,46,0,1
BRDA:454,46,1,1
BRDA:454,46,2,1
BRDA:460,47,0,1
BRDA:460,47,1,0
BRDA:462,48,0,0
BRDA:462,48,1,1
BRDA:462,49,0,1
BRDA:462,49,1,1
BRDA:463,50,0,0
BRDA:463,50,1,0
BRDA:463,51,0,0
BRDA:463,51,1,0
BRDA:485,52,0,0
BRDA:485,53,0,0
BRDA:487,54,0,0
BRDA:487,54,1,0
BRDA:487,55,0,0
BRDA:487,55,1,0
BRDA:497,56,0,0
BRDA:497,56,1,0
BRDA:497,57,0,0
BRDA:497,57,1,0
BRDA:498,58,0,0
BRDA:498,58,1,0
BRDA:499,59,0,0
BRDA:499,59,1,0
BRDA:502,60,0,0
BRDA:502,60,1,0
BRDA:502,61,0,0
BRDA:502,61,1,0
BRDA:511,62,0,0
BRDA:511,62,1,0
BRDA:511,63,0,0
BRDA:511,63,1,0
BRDA:511,63,2,0
BRDA:524,64,0,0
BRDA:524,64,1,0
BRDA:531,65,0,0
BRDA:531,65,1,0
BRDA:532,66,0,0
BRDA:532,66,1,0
BRDA:532,67,0,0
BRDA:532,67,1,0
BRDA:540,68,0,0
BRDA:540,68,1,0
BRDA:547,69,0,0
BRDA:547,69,1,0
BRDA:559,70,0,0
BRDA:559,70,1,0
BRDA:560,71,0,0
BRDA:560,71,1,0
BRDA:574,72,0,0
BRDA:574,72,1,0
BRDA:578,73,0,0
BRDA:578,73,1,0
BRDA:581,74,0,0
BRDA:581,74,1,0
BRDA:581,75,0,0
BRDA:581,75,1,0
BRDA:586,76,0,0
BRDA:586,76,1,0
BRDA:586,77,0,0
BRDA:586,77,1,0
BRDA:591,78,0,0
BRDA:591,78,1,0
BRDA:591,79,0,0
BRDA:591,79,1,0
BRDA:600,80,0,0
BRDA:600,80,1,0
BRDA:605,81,0,0
BRDA:605,81,1,0
BRDA:605,82,0,0
BRDA:605,82,1,0
BRDA:645,83,0,0
BRDA:645,83,1,0
BRDA:649,84,0,0
BRDA:649,84,1,0
BRDA:652,85,0,0
BRDA:652,85,1,0
BRDA:654,86,0,0
BRDA:654,86,1,0
BRDA:676,87,0,0
BRDA:676,87,1,0
BRDA:676,88,0,0
BRDA:676,88,1,0
BRDA:685,89,0,0
BRDA:685,89,1,0
BRDA:696,90,0,0
BRDA:696,90,1,0
BRDA:697,91,0,0
BRDA:697,91,1,0
BRDA:702,92,0,0
BRDA:702,92,1,0
BRDA:702,93,0,0
BRDA:702,93,1,0
BRDA:702,93,2,0
BRDA:711,94,0,0
BRDA:711,94,1,0
BRDA:713,95,0,0
BRDA:713,95,1,0
BRDA:717,96,0,0
BRDA:717,96,1,0
BRDA:724,97,0,0
BRDA:724,97,1,0
BRDA:724,98,0,0
BRDA:724,98,1,0
BRDA:724,98,2,0
BRDA:733,99,0,0
BRDA:733,99,1,0
BRDA:749,100,0,0
BRDA:749,100,1,0
BRDA:751,101,0,0
BRDA:751,101,1,0
BRDA:776,102,0,0
BRDA:776,102,1,2
BRDA:781,103,0,2
BRDA:781,103,1,0
BRDA:785,104,0,1
BRDA:785,104,1,1
BRDA:793,105,0,0
BRDA:793,105,1,0
BRDA:840,106,0,0
BRDA:840,106,1,0
BRDA:852,107,0,0
BRDA:852,107,1,0
BRDA:855,108,0,0
BRDA:855,108,1,0
BRDA:868,109,0,0
BRDA:868,109,1,0
BRDA:896,110,0,0
BRDA:896,110,1,0
BRDA:896,111,0,0
BRDA:896,111,1,0
BRDA:901,112,0,0
BRDA:901,112,1,0
BRDA:902,113,0,0
BRDA:902,113,1,0
BRDA:906,114,0,0
BRDA:906,114,1,0
BRDA:913,115,0,0
BRDA:913,115,1,0
BRDA:918,116,0,0
BRDA:918,116,1,0
BRDA:921,117,0,0
BRDA:921,117,1,0
BRDA:921,118,0,0
BRDA:921,118,1,0
BRDA:923,119,0,0
BRDA:923,119,1,0
BRDA:926,120,0,0
BRDA:926,120,1,0
BRDA:972,121,0,0
BRDA:972,121,1,0
BRF:250
BRH:68
end_of_record
TN:
SF:src/core/image-downloader.js
FN:20,(anonymous_0)
FN:30,(anonymous_1)
FN:49,(anonymous_2)
FN:54,(anonymous_3)
FN:59,(anonymous_4)
FN:71,(anonymous_5)
FN:91,(anonymous_6)
FN:112,(anonymous_7)
FN:126,(anonymous_8)
FN:142,(anonymous_9)
FN:163,(anonymous_10)
FN:193,(anonymous_11)
FN:211,(anonymous_12)
FN:229,(anonymous_13)
FN:230,(anonymous_14)
FN:238,(anonymous_15)
FN:374,(anonymous_16)
FN:477,(anonymous_17)
FN:516,(anonymous_18)
FN:540,(anonymous_19)
FN:542,(anonymous_20)
FN:634,(anonymous_21)
FN:712,(anonymous_22)
FN:736,(anonymous_23)
FN:746,(anonymous_24)
FN:768,(anonymous_25)
FN:774,(anonymous_26)
FN:790,(anonymous_27)
FNF:28
FNH:4
FNDA:7,(anonymous_0)
FNDA:4,(anonymous_1)
FNDA:40,(anonymous_2)
FNDA:16,(anonymous_3)
FNDA:0,(anonymous_4)
FNDA:0,(anonymous_5)
FNDA:0,(anonymous_6)
FNDA:0,(anonymous_7)
FNDA:0,(anonymous_8)
FNDA:0,(anonymous_9)
FNDA:0,(anonymous_10)
FNDA:0,(anonymous_11)
FNDA:0,(anonymous_12)
FNDA:0,(anonymous_13)
FNDA:0,(anonymous_14)
FNDA:0,(anonymous_15)
FNDA:0,(anonymous_16)
FNDA:0,(anonymous_17)
FNDA:0,(anonymous_18)
FNDA:0,(anonymous_19)
FNDA:0,(anonymous_20)
FNDA:0,(anonymous_21)
FNDA:0,(anonymous_22)
FNDA:0,(anonymous_23)
FNDA:0,(anonymous_24)
FNDA:0,(anonymous_25)
FNDA:0,(anonymous_26)
FNDA:0,(anonymous_27)
DA:21,7
DA:31,4
DA:34,4
DA:42,4
DA:49,40
DA:50,2
DA:54,16
DA:55,1
DA:59,1
DA:60,0
DA:64,1
DA:65,0
DA:71,0
DA:72,0
DA:77,1
DA:78,0
DA:86,0
DA:87,0
DA:88,0
DA:91,0
DA:92,0
DA:94,0
DA:100,0
DA:105,1
DA:106,0
DA:107,0
DA:112,0
DA:113,0
DA:117,1
DA:127,0
DA:128,0
DA:130,0
DA:132,0
DA:143,0
DA:145,0
DA:146,0
DA:148,0
DA:149,0
DA:151,0
DA:153,0
DA:165,0
DA:166,0
DA:167,0
DA:168,0
DA:171,0
DA:172,0
DA:176,0
DA:177,0
DA:180,0
DA:183,0
DA:194,0
DA:195,0
DA:196,0
DA:197,0
DA:198,0
DA:199,0
DA:202,0
DA:204,0
DA:205,0
DA:206,0
DA:209,0
DA:211,0
DA:213,0
DA:214,0
DA:215,0
DA:218,0
DA:221,0
DA:222,0
DA:223,0
DA:226,0
DA:227,0
DA:228,0
DA:229,0
DA:230,0
DA:232,0
DA:233,0
DA:238,0
DA:239,0
DA:243,0
DA:245,0
DA:254,0
DA:255,0
DA:256,0
DA:257,0
DA:260,0
DA:264,0
DA:266,0
DA:269,0
DA:270,0
DA:271,0
DA:274,0
DA:284,0
DA:285,0
DA:286,0
DA:290,0
DA:293,0
DA:294,0
DA:295,0
DA:303,0
DA:304,0
DA:307,0
DA:308,0
DA:310,0
DA:313,0
DA:322,0
DA:323,0
DA:324,0
DA:325,0
DA:327,0
DA:331,0
DA:333,0
DA:336,0
DA:337,0
DA:338,0
DA:341,0
DA:351,0
DA:352,0
DA:353,0
DA:357,0
DA:359,0
DA:360,0
DA:361,0
DA:362,0
DA:367,0
DA:368,0
DA:372,0
DA:374,0
DA:376,0
DA:377,0
DA:378,0
DA:381,0
DA:382,0
DA:384,0
DA:385,0
DA:388,0
DA:397,0
DA:398,0
DA:399,0
DA:402,0
DA:407,0
DA:410,0
DA:411,0
DA:412,0
DA:415,0
DA:425,0
DA:426,0
DA:427,0
DA:431,0
DA:434,0
DA:435,0
DA:436,0
DA:437,0
DA:443,0
DA:447,0
DA:448,0
DA:452,0
DA:453,0
DA:457,0
DA:458,0
DA:462,0
DA:463,0
DA:466,0
DA:478,0
DA:479,0
DA:480,0
DA:481,0
DA:484,0
DA:485,0
DA:489,0
DA:492,0
DA:493,0
DA:494,0
DA:498,0
DA:503,0
DA:505,0
DA:506,0
DA:517,0
DA:529,0
DA:541,0
DA:542,0
DA:544,0
DA:546,0
DA:547,0
DA:556,0
DA:557,0
DA:558,0
DA:559,0
DA:564,0
DA:576,0
DA:578,0
DA:579,0
DA:583,0
DA:584,0
DA:585,0
DA:587,0
DA:588,0
DA:589,0
DA:591,0
DA:592,0
DA:593,0
DA:594,0
DA:598,0
DA:599,0
DA:602,0
DA:603,0
DA:607,0
DA:608,0
DA:609,0
DA:610,0
DA:614,0
DA:616,0
DA:625,0
DA:626,0
DA:635,0
DA:636,0
DA:637,0
DA:640,0
DA:641,0
DA:642,0
DA:644,0
DA:646,0
DA:647,0
DA:649,0
DA:650,0
DA:653,0
DA:656,0
DA:657,0
DA:659,0
DA:660,0
DA:661,0
DA:662,0
DA:664,0
DA:665,0
DA:666,0
DA:669,0
DA:670,0
DA:671,0
DA:675,0
DA:676,0
DA:678,0
DA:679,0
DA:680,0
DA:681,0
DA:685,0
DA:686,0
DA:687,0
DA:688,0
DA:689,0
DA:691,0
DA:692,0
DA:693,0
DA:697,0
DA:698,0
DA:700,0
DA:701,0
DA:702,0
DA:705,0
DA:706,0
DA:709,0
DA:710,0
DA:712,0
DA:713,0
DA:715,0
DA:716,0
DA:719,0
DA:722,0
DA:723,0
DA:724,0
DA:725,0
DA:734,0
DA:735,0
DA:736,0
DA:740,0
DA:744,0
DA:746,0
DA:747,0
DA:748,0
DA:750,0
DA:752,0
DA:756,0
DA:758,0
DA:759,0
DA:762,0
DA:768,0
DA:774,0
DA:780,0
DA:781,0
DA:783,0
DA:784,0
DA:785,0
DA:786,0
DA:787,0
DA:789,0
DA:790,0
DA:791,0
DA:794,0
DA:802,0
LF:297
LH:13
BRDA:20,0,0,6
BRDA:49,1,0,2
BRDA:49,1,1,2
BRDA:54,2,0,1
BRDA:54,2,1,1
BRDA:54,3,0,2
BRDA:54,3,1,2
BRDA:59,4,0,0
BRDA:59,4,1,1
BRDA:59,5,0,1
BRDA:59,5,1,0
BRDA:64,6,0,0
BRDA:64,6,1,1
BRDA:64,7,0,1
BRDA:64,7,1,0
BRDA:71,8,0,0
BRDA:71,8,1,0
BRDA:77,9,0,0
BRDA:77,9,1,1
BRDA:87,10,0,0
BRDA:87,10,1,0
BRDA:88,11,0,0
BRDA:88,11,1,0
BRDA:91,12,0,0
BRDA:91,12,1,0
BRDA:105,13,0,0
BRDA:105,13,1,1
BRDA:105,14,0,1
BRDA:105,14,1,0
BRDA:106,15,0,0
BRDA:106,15,1,0
BRDA:112,16,0,0
BRDA:112,16,1,0
BRDA:146,17,0,0
BRDA:146,17,1,0
BRDA:146,18,0,0
BRDA:146,18,1,0
BRDA:166,19,0,0
BRDA:166,19,1,0
BRDA:168,20,0,0
BRDA:168,20,1,0
BRDA:171,21,0,0
BRDA:171,21,1,0
BRDA:171,22,0,0
BRDA:171,22,1,0
BRDA:171,22,2,0
BRDA:176,23,0,0
BRDA:176,23,1,0
BRDA:213,24,0,0
BRDA:213,24,1,0
BRDA:221,25,0,0
BRDA:221,25,1,0
BRDA:222,26,0,0
BRDA:222,26,1,0
BRDA:223,27,0,0
BRDA:223,27,1,0
BRDA:227,28,0,0
BRDA:227,28,1,0
BRDA:230,29,0,0
BRDA:230,29,1,0
BRDA:230,29,2,0
BRDA:232,30,0,0
BRDA:232,30,1,0
BRDA:232,31,0,0
BRDA:232,31,1,0
BRDA:239,32,0,0
BRDA:239,32,1,0
BRDA:255,33,0,0
BRDA:255,33,1,0
BRDA:256,34,0,0
BRDA:256,34,1,0
BRDA:264,35,0,0
BRDA:264,35,1,0
BRDA:264,36,0,0
BRDA:264,36,1,0
BRDA:269,37,0,0
BRDA:269,37,1,0
BRDA:278,38,0,0
BRDA:278,38,1,0
BRDA:279,39,0,0
BRDA:279,39,1,0
BRDA:285,40,0,0
BRDA:285,40,1,0
BRDA:310,41,0,0
BRDA:310,41,1,0
BRDA:323,42,0,0
BRDA:323,42,1,0
BRDA:324,43,0,0
BRDA:324,43,1,0
BRDA:331,44,0,0
BRDA:331,44,1,0
BRDA:331,45,0,0
BRDA:331,45,1,0
BRDA:336,46,0,0
BRDA:336,46,1,0
BRDA:352,47,0,0
BRDA:352,47,1,0
BRDA:367,48,0,0
BRDA:367,48,1,0
BRDA:376,49,0,0
BRDA:376,49,1,0
BRDA:381,50,0,0
BRDA:381,50,1,0
BRDA:384,51,0,0
BRDA:384,51,1,0
BRDA:384,52,0,0
BRDA:384,52,1,0
BRDA:397,53,0,0
BRDA:397,53,1,0
BRDA:398,54,0,0
BRDA:398,54,1,0
BRDA:410,55,0,0
BRDA:410,55,1,0
BRDA:419,56,0,0
BRDA:419,56,1,0
BRDA:426,57,0,0
BRDA:426,57,1,0
BRDA:447,58,0,0
BRDA:447,58,1,0
BRDA:452,59,0,0
BRDA:452,59,1,0
BRDA:457,60,0,0
BRDA:457,60,1,0
BRDA:462,61,0,0
BRDA:462,61,1,0
BRDA:484,62,0,0
BRDA:484,62,1,0
BRDA:484,63,0,0
BRDA:484,63,1,0
BRDA:493,64,0,0
BRDA:493,64,1,0
BRDA:493,65,0,0
BRDA:493,65,1,0
BRDA:529,66,0,0
BRDA:529,66,1,0
BRDA:578,67,0,0
BRDA:578,67,1,0
BRDA:583,68,0,0
BRDA:583,68,1,0
BRDA:587,69,0,0
BRDA:587,69,1,0
BRDA:591,70,0,0
BRDA:591,70,1,0
BRDA:602,71,0,0
BRDA:602,71,1,0
BRDA:607,72,0,0
BRDA:607,72,1,0
BRDA:609,73,0,0
BRDA:609,73,1,0
BRDA:609,74,0,0
BRDA:609,74,1,0
BRDA:609,74,2,0
BRDA:609,74,3,0
BRDA:635,75,0,0
BRDA:635,75,1,0
BRDA:641,76,0,0
BRDA:641,76,1,0
BRDA:646,77,0,0
BRDA:646,77,1,0
BRDA:649,78,0,0
BRDA:649,78,1,0
BRDA:664,79,0,0
BRDA:664,79,1,0
BRDA:664,80,0,0
BRDA:664,80,1,0
BRDA:679,81,0,0
BRDA:679,81,1,0
BRDA:691,82,0,0
BRDA:691,82,1,0
BRDA:715,83,0,0
BRDA:715,83,1,0
BRDA:723,84,0,0
BRDA:723,84,1,0
BRDA:747,85,0,0
BRDA:747,85,1,0
BRDA:752,86,0,0
BRDA:752,86,1,0
BRDA:772,87,0,0
BRDA:772,87,1,0
BRDA:775,88,0,0
BRDA:775,88,1,0
BRDA:776,89,0,0
BRDA:776,89,1,0
BRDA:789,90,0,0
BRDA:789,90,1,0
BRDA:790,91,0,0
BRDA:790,91,1,0
BRF:187
BRH:14
end_of_record
TN:
SF:src/core/processor.js
FN:19,(anonymous_0)
FN:41,(anonymous_1)
FN:64,(anonymous_2)
FN:67,(anonymous_3)
FN:76,(anonymous_4)
FN:77,(anonymous_5)
FN:133,(anonymous_6)
FN:142,(anonymous_7)
FN:156,(anonymous_8)
FN:189,(anonymous_9)
FN:317,(anonymous_10)
FN:338,(anonymous_11)
FN:344,(anonymous_12)
FN:408,(anonymous_13)
FN:411,(anonymous_14)
FN:427,(anonymous_15)
FN:431,(anonymous_16)
FN:453,(anonymous_17)
FN:496,(anonymous_18)
FN:498,(anonymous_19)
FN:505,(anonymous_20)
FN:578,(anonymous_21)
FN:599,(anonymous_22)
FN:613,(anonymous_23)
FN:617,(anonymous_24)
FN:625,(anonymous_25)
FN:662,(anonymous_26)
FN:711,(anonymous_27)
FN:723,(anonymous_28)
FN:723,(anonymous_29)
FN:808,(anonymous_30)
FN:820,(anonymous_31)
FN:820,(anonymous_32)
FN:918,(anonymous_33)
FN:1016,(anonymous_34)
FN:1022,(anonymous_35)
FN:1052,(anonymous_36)
FN:1098,(anonymous_37)
FN:1141,(anonymous_38)
FN:1184,(anonymous_39)
FN:1186,(anonymous_40)
FN:1198,(anonymous_41)
FN:1241,(anonymous_42)
FN:1263,(anonymous_43)
FN:1270,(anonymous_44)
FN:1297,(anonymous_45)
FN:1324,(anonymous_46)
FN:1328,(anonymous_47)
FN:1349,(anonymous_48)
FN:1386,(anonymous_49)
FN:1399,(anonymous_50)
FN:1429,(anonymous_51)
FN:1437,(anonymous_52)
FN:1459,(anonymous_53)
FN:1471,(anonymous_54)
FN:1485,(anonymous_55)
FN:1509,(anonymous_56)
FN:1522,(anonymous_57)
FN:1526,(anonymous_58)
FN:1540,(anonymous_59)
FN:1573,(anonymous_60)
FN:1589,(anonymous_61)
FN:1604,(anonymous_62)
FN:1610,(anonymous_63)
FN:1624,(anonymous_64)
FN:1629,(anonymous_65)
FN:1642,(anonymous_66)
FN:1646,(anonymous_67)
FN:1670,(anonymous_68)
FN:1693,(anonymous_69)
FN:1696,(anonymous_70)
FN:1761,(anonymous_71)
FN:1763,(anonymous_72)
FN:1779,(anonymous_73)
FN:1791,(anonymous_74)
FN:1810,(anonymous_75)
FN:1818,(anonymous_76)
FN:1824,(anonymous_77)
FN:1825,(anonymous_78)
FN:1839,(anonymous_79)
FN:1849,(anonymous_80)
FN:1860,(anonymous_81)
FN:1866,(anonymous_82)
FN:1867,(anonymous_83)
FN:1881,(anonymous_84)
FN:1912,(anonymous_85)
FN:1929,(anonymous_86)
FN:1938,(anonymous_87)
FN:1974,(anonymous_88)
FN:2016,(anonymous_89)
FN:2041,(anonymous_90)
FN:2050,(anonymous_91)
FN:2063,(anonymous_92)
FN:2086,(anonymous_93)
FN:2095,(anonymous_94)
FN:2098,(anonymous_95)
FN:2110,(anonymous_96)
FN:2134,(anonymous_97)
FN:2153,(anonymous_98)
FN:2162,(anonymous_99)
FN:2178,(anonymous_100)
FN:2191,(anonymous_101)
FN:2215,(anonymous_102)
FN:2227,(anonymous_103)
FN:2330,(anonymous_104)
FN:2339,(anonymous_105)
FN:2366,(anonymous_106)
FN:2437,(anonymous_107)
FN:2464,(anonymous_108)
FN:2531,(anonymous_109)
FN:2532,(anonymous_110)
FN:2540,(anonymous_111)
FN:2569,(anonymous_112)
FNF:113
FNH:1
FNDA:9,(anonymous_0)
FNDA:0,(anonymous_1)
FNDA:0,(anonymous_2)
FNDA:0,(anonymous_3)
FNDA:0,(anonymous_4)
FNDA:0,(anonymous_5)
FNDA:0,(anonymous_6)
FNDA:0,(anonymous_7)
FNDA:0,(anonymous_8)
FNDA:0,(anonymous_9)
FNDA:0,(anonymous_10)
FNDA:0,(anonymous_11)
FNDA:0,(anonymous_12)
FNDA:0,(anonymous_13)
FNDA:0,(anonymous_14)
FNDA:0,(anonymous_15)
FNDA:0,(anonymous_16)
FNDA:0,(anonymous_17)
FNDA:0,(anonymous_18)
FNDA:0,(anonymous_19)
FNDA:0,(anonymous_20)
FNDA:0,(anonymous_21)
FNDA:0,(anonymous_22)
FNDA:0,(anonymous_23)
FNDA:0,(anonymous_24)
FNDA:0,(anonymous_25)
FNDA:0,(anonymous_26)
FNDA:0,(anonymous_27)
FNDA:0,(anonymous_28)
FNDA:0,(anonymous_29)
FNDA:0,(anonymous_30)
FNDA:0,(anonymous_31)
FNDA:0,(anonymous_32)
FNDA:0,(anonymous_33)
FNDA:0,(anonymous_34)
FNDA:0,(anonymous_35)
FNDA:0,(anonymous_36)
FNDA:0,(anonymous_37)
FNDA:0,(anonymous_38)
FNDA:0,(anonymous_39)
FNDA:0,(anonymous_40)
FNDA:0,(anonymous_41)
FNDA:0,(anonymous_42)
FNDA:0,(anonymous_43)
FNDA:0,(anonymous_44)
FNDA:0,(anonymous_45)
FNDA:0,(anonymous_46)
FNDA:0,(anonymous_47)
FNDA:0,(anonymous_48)
FNDA:0,(anonymous_49)
FNDA:0,(anonymous_50)
FNDA:0,(anonymous_51)
FNDA:0,(anonymous_52)
FNDA:0,(anonymous_53)
FNDA:0,(anonymous_54)
FNDA:0,(anonymous_55)
FNDA:0,(anonymous_56)
FNDA:0,(anonymous_57)
FNDA:0,(anonymous_58)
FNDA:0,(anonymous_59)
FNDA:0,(anonymous_60)
FNDA:0,(anonymous_61)
FNDA:0,(anonymous_62)
FNDA:0,(anonymous_63)
FNDA:0,(anonymous_64)
FNDA:0,(anonymous_65)
FNDA:0,(anonymous_66)
FNDA:0,(anonymous_67)
FNDA:0,(anonymous_68)
FNDA:0,(anonymous_69)
FNDA:0,(anonymous_70)
FNDA:0,(anonymous_71)
FNDA:0,(anonymous_72)
FNDA:0,(anonymous_73)
FNDA:0,(anonymous_74)
FNDA:0,(anonymous_75)
FNDA:0,(anonymous_76)
FNDA:0,(anonymous_77)
FNDA:0,(anonymous_78)
FNDA:0,(anonymous_79)
FNDA:0,(anonymous_80)
FNDA:0,(anonymous_81)
FNDA:0,(anonymous_82)
FNDA:0,(anonymous_83)
FNDA:0,(anonymous_84)
FNDA:0,(anonymous_85)
FNDA:0,(anonymous_86)
FNDA:0,(anonymous_87)
FNDA:0,(anonymous_88)
FNDA:0,(anonymous_89)
FNDA:0,(anonymous_90)
FNDA:0,(anonymous_91)
FNDA:0,(anonymous_92)
FNDA:0,(anonymous_93)
FNDA:0,(anonymous_94)
FNDA:0,(anonymous_95)
FNDA:0,(anonymous_96)
FNDA:0,(anonymous_97)
FNDA:0,(anonymous_98)
FNDA:0,(anonymous_99)
FNDA:0,(anonymous_100)
FNDA:0,(anonymous_101)
FNDA:0,(anonymous_102)
FNDA:0,(anonymous_103)
FNDA:0,(anonymous_104)
FNDA:0,(anonymous_105)
FNDA:0,(anonymous_106)
FNDA:0,(anonymous_107)
FNDA:0,(anonymous_108)
FNDA:0,(anonymous_109)
FNDA:0,(anonymous_110)
FNDA:0,(anonymous_111)
FNDA:0,(anonymous_112)
DA:20,9
DA:21,9
DA:22,9
DA:25,9
DA:26,9
DA:43,0
DA:64,0
DA:69,0
DA:70,0
DA:71,0
DA:75,0
DA:76,0
DA:77,0
DA:80,0
DA:81,0
DA:82,0
DA:84,0
DA:85,0
DA:86,0
DA:87,0
DA:90,0
DA:92,0
DA:94,0
DA:97,0
DA:102,0
DA:103,0
DA:107,0
DA:110,0
DA:111,0
DA:112,0
DA:113,0
DA:114,0
DA:115,0
DA:116,0
DA:117,0
DA:118,0
DA:119,0
DA:120,0
DA:121,0
DA:125,0
DA:126,0
DA:127,0
DA:128,0
DA:129,0
DA:133,0
DA:143,0
DA:144,0
DA:146,0
DA:157,0
DA:159,0
DA:160,0
DA:161,0
DA:164,0
DA:167,0
DA:168,0
DA:170,0
DA:189,0
DA:190,0
DA:192,0
DA:193,0
DA:194,0
DA:197,0
DA:200,0
DA:204,0
DA:205,0
DA:206,0
DA:207,0
DA:208,0
DA:209,0
DA:210,0
DA:211,0
DA:212,0
DA:213,0
DA:214,0
DA:215,0
DA:216,0
DA:217,0
DA:218,0
DA:219,0
DA:220,0
DA:221,0
DA:222,0
DA:223,0
DA:224,0
DA:225,0
DA:226,0
DA:227,0
DA:228,0
DA:229,0
DA:230,0
DA:231,0
DA:232,0
DA:233,0
DA:234,0
DA:235,0
DA:236,0
DA:237,0
DA:238,0
DA:239,0
DA:240,0
DA:241,0
DA:242,0
DA:243,0
DA:244,0
DA:245,0
DA:246,0
DA:247,0
DA:248,0
DA:250,0
DA:252,0
DA:254,0
DA:255,0
DA:256,0
DA:257,0
DA:258,0
DA:260,0
DA:261,0
DA:262,0
DA:266,0
DA:267,0
DA:268,0
DA:269,0
DA:270,0
DA:272,0
DA:274,0
DA:275,0
DA:278,0
DA:279,0
DA:280,0
DA:281,0
DA:283,0
DA:287,0
DA:291,0
DA:292,0
DA:293,0
DA:294,0
DA:295,0
DA:296,0
DA:297,0
DA:298,0
DA:299,0
DA:300,0
DA:301,0
DA:302,0
DA:303,0
DA:304,0
DA:305,0
DA:306,0
DA:307,0
DA:319,0
DA:320,0
DA:324,0
DA:325,0
DA:326,0
DA:327,0
DA:330,0
DA:331,0
DA:332,0
DA:335,0
DA:336,0
DA:338,0
DA:339,0
DA:342,0
DA:343,0
DA:344,0
DA:346,0
DA:349,0
DA:352,0
DA:354,0
DA:355,0
DA:356,0
DA:359,0
DA:363,0
DA:367,0
DA:370,0
DA:371,0
DA:372,0
DA:375,0
DA:377,0
DA:379,0
DA:380,0
DA:381,0
DA:385,0
DA:387,0
DA:390,0
DA:391,0
DA:392,0
DA:393,0
DA:398,0
DA:399,0
DA:410,0
DA:411,0
DA:412,0
DA:413,0
DA:414,0
DA:417,0
DA:429,0
DA:430,0
DA:431,0
DA:432,0
DA:433,0
DA:434,0
DA:435,0
DA:438,0
DA:441,0
DA:442,0
DA:454,0
DA:457,0
DA:482,0
DA:496,0
DA:497,0
DA:498,0
DA:502,0
DA:503,0
DA:505,0
DA:506,0
DA:509,0
DA:512,0
DA:513,0
DA:515,0
DA:516,0
DA:520,0
DA:521,0
DA:522,0
DA:526,0
DA:528,0
DA:531,0
DA:532,0
DA:533,0
DA:535,0
DA:539,0
DA:542,0
DA:546,0
DA:548,0
DA:549,0
DA:550,0
DA:554,0
DA:555,0
DA:556,0
DA:561,0
DA:562,0
DA:567,0
DA:568,0
DA:570,0
DA:573,0
DA:578,0
DA:579,0
DA:580,0
DA:581,0
DA:582,0
DA:585,0
DA:589,0
DA:590,0
DA:600,0
DA:603,0
DA:610,0
DA:611,0
DA:613,0
DA:615,0
DA:617,0
DA:618,0
DA:619,0
DA:620,0
DA:623,0
DA:625,0
DA:626,0
DA:629,0
DA:630,0
DA:631,0
DA:632,0
DA:633,0
DA:636,0
DA:639,0
DA:642,0
DA:650,0
DA:651,0
DA:665,0
DA:666,0
DA:667,0
DA:668,0
DA:670,0
DA:671,0
DA:672,0
DA:674,0
DA:675,0
DA:676,0
DA:679,0
DA:680,0
DA:688,0
DA:689,0
DA:701,0
DA:702,0
DA:703,0
DA:704,0
DA:707,0
DA:708,0
DA:711,0
DA:712,0
DA:713,0
DA:716,0
DA:717,0
DA:719,0
DA:723,0
DA:726,0
DA:727,0
DA:728,0
DA:729,0
DA:732,0
DA:733,0
DA:734,0
DA:736,0
DA:738,0
DA:747,0
DA:748,0
DA:749,0
DA:750,0
DA:752,0
DA:753,0
DA:754,0
DA:755,0
DA:756,0
DA:760,0
DA:761,0
DA:768,0
DA:776,0
DA:777,0
DA:778,0
DA:779,0
DA:780,0
DA:781,0
DA:782,0
DA:786,0
DA:787,0
DA:794,0
DA:804,0
DA:805,0
DA:808,0
DA:809,0
DA:810,0
DA:813,0
DA:814,0
DA:816,0
DA:820,0
DA:822,0
DA:823,0
DA:824,0
DA:825,0
DA:828,0
DA:829,0
DA:830,0
DA:832,0
DA:833,0
DA:842,0
DA:843,0
DA:844,0
DA:845,0
DA:846,0
DA:847,0
DA:848,0
DA:849,0
DA:850,0
DA:854,0
DA:855,0
DA:863,0
DA:864,0
DA:865,0
DA:866,0
DA:867,0
DA:868,0
DA:869,0
DA:873,0
DA:874,0
DA:884,0
DA:885,0
DA:886,0
DA:887,0
DA:888,0
DA:889,0
DA:890,0
DA:891,0
DA:899,0
DA:900,0
DA:910,0
DA:917,0
DA:918,0
DA:919,0
DA:920,0
DA:924,0
DA:925,0
DA:926,0
DA:930,0
DA:934,0
DA:935,0
DA:939,0
DA:940,0
DA:941,0
DA:943,0
DA:944,0
DA:945,0
DA:947,0
DA:948,0
DA:949,0
DA:951,0
DA:952,0
DA:953,0
DA:957,0
DA:958,0
DA:959,0
DA:961,0
DA:962,0
DA:963,0
DA:965,0
DA:966,0
DA:967,0
DA:971,0
DA:972,0
DA:973,0
DA:977,0
DA:978,0
DA:979,0
DA:981,0
DA:982,0
DA:983,0
DA:987,0
DA:988,0
DA:989,0
DA:990,0
DA:992,0
DA:993,0
DA:994,0
DA:998,0
DA:999,0
DA:1000,0
DA:1003,0
DA:1004,0
DA:1005,0
DA:1007,0
DA:1017,0
DA:1021,0
DA:1022,0
DA:1023,0
DA:1024,0
DA:1025,0
DA:1026,0
DA:1030,0
DA:1039,0
DA:1040,0
DA:1041,0
DA:1045,0
DA:1051,0
DA:1052,0
DA:1053,0
DA:1055,0
DA:1056,0
DA:1057,0
DA:1059,0
DA:1073,0
DA:1074,0
DA:1075,0
DA:1077,0
DA:1078,0
DA:1079,0
DA:1080,0
DA:1081,0
DA:1082,0
DA:1083,0
DA:1086,0
DA:1091,0
DA:1097,0
DA:1098,0
DA:1099,0
DA:1100,0
DA:1104,0
DA:1110,0
DA:1111,0
DA:1112,0
DA:1116,0
DA:1121,0
DA:1122,0
DA:1123,0
DA:1128,0
DA:1132,0
DA:1133,0
DA:1134,0
DA:1140,0
DA:1141,0
DA:1142,0
DA:1143,0
DA:1144,0
DA:1147,0
DA:1148,0
DA:1149,0
DA:1155,0
DA:1168,0
DA:1169,0
DA:1170,0
DA:1176,0
DA:1184,0
DA:1185,0
DA:1186,0
DA:1187,0
DA:1188,0
DA:1194,0
DA:1195,0
DA:1198,0
DA:1199,0
DA:1201,0
DA:1203,0
DA:1204,0
DA:1207,0
DA:1212,0
DA:1218,0
DA:1232,0
DA:1236,0
DA:1241,0
DA:1242,0
DA:1243,0
DA:1244,0
DA:1245,0
DA:1248,0
DA:1252,0
DA:1253,0
DA:1264,0
DA:1268,0
DA:1270,0
DA:1271,0
DA:1273,0
DA:1275,0
DA:1276,0
DA:1278,0
DA:1288,0
DA:1289,0
DA:1291,0
DA:1292,0
DA:1293,0
DA:1297,0
DA:1298,0
DA:1299,0
DA:1300,0
DA:1301,0
DA:1304,0
DA:1309,0
DA:1314,0
DA:1324,0
DA:1325,0
DA:1327,0
DA:1328,0
DA:1329,0
DA:1330,0
DA:1331,0
DA:1332,0
DA:1335,0
DA:1339,0
DA:1345,0
DA:1346,0
DA:1349,0
DA:1350,0
DA:1352,0
DA:1354,0
DA:1355,0
DA:1359,0
DA:1378,0
DA:1381,0
DA:1386,0
DA:1387,0
DA:1388,0
DA:1389,0
DA:1390,0
DA:1393,0
DA:1398,0
DA:1399,0
DA:1400,0
DA:1401,0
DA:1404,0
DA:1413,0
DA:1414,0
DA:1418,0
DA:1419,0
DA:1430,0
DA:1432,0
DA:1435,0
DA:1437,0
DA:1438,0
DA:1439,0
DA:1445,0
DA:1446,0
DA:1447,0
DA:1449,0
DA:1451,0
DA:1456,0
DA:1457,0
DA:1459,0
DA:1460,0
DA:1463,0
DA:1464,0
DA:1466,0
DA:1468,0
DA:1471,0
DA:1472,0
DA:1475,0
DA:1476,0
DA:1479,0
DA:1480,0
DA:1481,0
DA:1483,0
DA:1486,0
DA:1487,0
DA:1493,0
DA:1494,0
DA:1496,0
DA:1501,0
DA:1505,0
DA:1506,0
DA:1507,0
DA:1509,0
DA:1513,0
DA:1514,0
DA:1516,0
DA:1521,0
DA:1522,0
DA:1523,0
DA:1524,0
DA:1526,0
DA:1530,0
DA:1531,0
DA:1533,0
DA:1539,0
DA:1540,0
DA:1542,0
DA:1543,0
DA:1546,0
DA:1551,0
DA:1557,0
DA:1558,0
DA:1560,0
DA:1565,0
DA:1569,0
DA:1570,0
DA:1571,0
DA:1573,0
DA:1577,0
DA:1578,0
DA:1580,0
DA:1585,0
DA:1586,0
DA:1589,0
DA:1591,0
DA:1592,0
DA:1596,0
DA:1597,0
DA:1601,0
DA:1602,0
DA:1604,0
DA:1606,0
DA:1607,0
DA:1608,0
DA:1610,0
DA:1614,0
DA:1615,0
DA:1617,0
DA:1619,0
DA:1623,0
DA:1624,0
DA:1625,0
DA:1626,0
DA:1627,0
DA:1629,0
DA:1633,0
DA:1634,0
DA:1636,0
DA:1641,0
DA:1642,0
DA:1643,0
DA:1644,0
DA:1646,0
DA:1650,0
DA:1651,0
DA:1653,0
DA:1659,0
DA:1660,0
DA:1671,0
DA:1674,0
DA:1677,0
DA:1690,0
DA:1693,0
DA:1694,0
DA:1696,0
DA:1698,0
DA:1699,0
DA:1700,0
DA:1701,0
DA:1702,0
DA:1703,0
DA:1706,0
DA:1707,0
DA:1711,0
DA:1712,0
DA:1716,0
DA:1717,0
DA:1721,0
DA:1723,0
DA:1724,0
DA:1725,0
DA:1729,0
DA:1732,0
DA:1743,0
DA:1744,0
DA:1746,0
DA:1748,0
DA:1749,0
DA:1753,0
DA:1762,0
DA:1763,0
DA:1765,0
DA:1766,0
DA:1767,0
DA:1770,0
DA:1771,0
DA:1772,0
DA:1773,0
DA:1774,0
DA:1778,0
DA:1779,0
DA:1781,0
DA:1782,0
DA:1785,0
DA:1786,0
DA:1790,0
DA:1791,0
DA:1792,0
DA:1793,0
DA:1794,0
DA:1795,0
DA:1797,0
DA:1811,0
DA:1813,0
DA:1816,0
DA:1818,0
DA:1820,0
DA:1823,0
DA:1824,0
DA:1825,0
DA:1826,0
DA:1828,0
DA:1829,0
DA:1832,0
DA:1833,0
DA:1838,0
DA:1839,0
DA:1840,0
DA:1842,0
DA:1843,0
DA:1848,0
DA:1849,0
DA:1850,0
DA:1851,0
DA:1853,0
DA:1854,0
DA:1859,0
DA:1860,0
DA:1862,0
DA:1865,0
DA:1866,0
DA:1867,0
DA:1868,0
DA:1871,0
DA:1872,0
DA:1873,0
DA:1876,0
DA:1877,0
DA:1878,0
DA:1881,0
DA:1882,0
DA:1884,0
DA:1888,0
DA:1889,0
DA:1890,0
DA:1891,0
DA:1897,0
DA:1900,0
DA:1901,0
DA:1913,0
DA:1915,0
DA:1917,0
DA:1930,0
DA:1931,0
DA:1932,0
DA:1935,0
DA:1938,0
DA:1939,0
DA:1940,0
DA:1941,0
DA:1943,0
DA:1944,0
DA:1945,0
DA:1947,0
DA:1948,0
DA:1950,0
DA:1953,0
DA:1954,0
DA:1956,0
DA:1958,0
DA:1959,0
DA:1960,0
DA:1963,0
DA:1964,0
DA:1969,0
DA:1974,0
DA:1975,0
DA:1977,0
DA:1980,0
DA:1981,0
DA:1982,0
DA:1983,0
DA:1987,0
DA:1988,0
DA:1989,0
DA:1993,0
DA:1994,0
DA:1996,0
DA:2000,0
DA:2001,0
DA:2004,0
DA:2005,0
DA:2017,0
DA:2020,0
DA:2038,0
DA:2039,0
DA:2041,0
DA:2042,0
DA:2044,0
DA:2046,0
DA:2047,0
DA:2050,0
DA:2051,0
DA:2054,0
DA:2055,0
DA:2058,0
DA:2063,0
DA:2064,0
DA:2065,0
DA:2066,0
DA:2067,0
DA:2070,0
DA:2074,0
DA:2075,0
DA:2087,0
DA:2088,0
DA:2091,0
DA:2092,0
DA:2095,0
DA:2096,0
DA:2097,0
DA:2098,0
DA:2100,0
DA:2101,0
DA:2105,0
DA:2110,0
DA:2111,0
DA:2112,0
DA:2113,0
DA:2114,0
DA:2117,0
DA:2121,0
DA:2122,0
DA:2135,0
DA:2138,0
DA:2150,0
DA:2151,0
DA:2153,0
DA:2154,0
DA:2156,0
DA:2158,0
DA:2159,0
DA:2162,0
DA:2163,0
DA:2166,0
DA:2168,0
DA:2171,0
DA:2178,0
DA:2181,0
DA:2182,0
DA:2186,0
DA:2191,0
DA:2192,0
DA:2193,0
DA:2194,0
DA:2195,0
DA:2198,0
DA:2202,0
DA:2203,0
DA:2216,0
DA:2217,0
DA:2219,0
DA:2221,0
DA:2222,0
DA:2227,0
DA:2229,0
DA:2230,0
DA:2231,0
DA:2234,0
DA:2235,0
DA:2238,0
DA:2239,0
DA:2241,0
DA:2243,0
DA:2245,0
DA:2246,0
DA:2250,0
DA:2251,0
DA:2253,0
DA:2256,0
DA:2257,0
DA:2258,0
DA:2261,0
DA:2265,0
DA:2268,0
DA:2269,0
DA:2272,0
DA:2274,0
DA:2275,0
DA:2276,0
DA:2278,0
DA:2279,0
DA:2282,0
DA:2285,0
DA:2291,0
DA:2295,0
DA:2296,0
DA:2301,0
DA:2303,0
DA:2304,0
DA:2308,0
DA:2312,0
DA:2313,0
DA:2314,0
DA:2317,0
DA:2318,0
DA:2319,0
DA:2320,0
DA:2324,0
DA:2325,0
DA:2329,0
DA:2330,0
DA:2331,0
DA:2335,0
DA:2337,0
DA:2338,0
DA:2339,0
DA:2340,0
DA:2341,0
DA:2342,0
DA:2343,0
DA:2346,0
DA:2349,0
DA:2350,0
DA:2355,0
DA:2358,0
DA:2361,0
DA:2365,0
DA:2366,0
DA:2367,0
DA:2368,0
DA:2369,0
DA:2372,0
DA:2377,0
DA:2380,0
DA:2383,0
DA:2386,0
DA:2389,0
DA:2392,0
DA:2393,0
DA:2394,0
DA:2397,0
DA:2398,0
DA:2401,0
DA:2404,0
DA:2405,0
DA:2406,0
DA:2410,0
DA:2412,0
DA:2414,0
DA:2423,0
DA:2424,0
DA:2439,0
DA:2440,0
DA:2441,0
DA:2445,0
DA:2446,0
DA:2447,0
DA:2449,0
DA:2450,0
DA:2455,0
DA:2456,0
DA:2465,0
DA:2466,0
DA:2467,0
DA:2468,0
DA:2470,0
DA:2471,0
DA:2473,0
DA:2477,0
DA:2478,0
DA:2480,0
DA:2481,0
DA:2485,0
DA:2487,0
DA:2488,0
DA:2491,0
DA:2494,0
DA:2495,0
DA:2496,0
DA:2497,0
DA:2498,0
DA:2499,0
DA:2501,0
DA:2504,0
DA:2508,0
DA:2510,0
DA:2511,0
DA:2512,0
DA:2516,0
DA:2519,0
DA:2520,0
DA:2522,0
DA:2523,0
DA:2524,0
DA:2525,0
DA:2528,0
DA:2531,0
DA:2532,0
DA:2534,0
DA:2535,0
DA:2536,0
DA:2537,0
DA:2539,0
DA:2540,0
DA:2541,0
DA:2545,0
DA:2555,0
DA:2556,0
DA:2558,0
DA:2561,0
DA:2570,0
DA:2571,0
DA:2572,0
LF:1046
LH:5
BRDA:19,0,0,1
BRDA:22,1,0,9
BRDA:22,1,1,7
BRDA:25,2,0,9
BRDA:25,2,1,2
BRDA:26,3,0,9
BRDA:26,3,1,2
BRDA:26,3,2,2
BRDA:69,4,0,0
BRDA:69,4,1,0
BRDA:69,5,0,0
BRDA:69,5,1,0
BRDA:69,5,2,0
BRDA:75,6,0,0
BRDA:75,6,1,0
BRDA:80,7,0,0
BRDA:80,7,1,0
BRDA:81,8,0,0
BRDA:81,8,1,0
BRDA:84,9,0,0
BRDA:84,9,1,0
BRDA:84,10,0,0
BRDA:84,10,1,0
BRDA:90,11,0,0
BRDA:90,11,1,0
BRDA:102,12,0,0
BRDA:102,12,1,0
BRDA:110,13,0,0
BRDA:110,13,1,0
BRDA:112,14,0,0
BRDA:112,14,1,0
BRDA:114,15,0,0
BRDA:114,15,1,0
BRDA:116,16,0,0
BRDA:116,16,1,0
BRDA:116,17,0,0
BRDA:116,17,1,0
BRDA:118,18,0,0
BRDA:118,18,1,0
BRDA:120,19,0,0
BRDA:120,19,1,0
BRDA:128,20,0,0
BRDA:128,20,1,0
BRDA:159,21,0,0
BRDA:159,21,1,0
BRDA:192,22,0,0
BRDA:192,22,1,0
BRDA:192,23,0,0
BRDA:192,23,1,0
BRDA:192,23,2,0
BRDA:192,23,3,0
BRDA:204,24,0,0
BRDA:204,24,1,0
BRDA:204,25,0,0
BRDA:204,25,1,0
BRDA:206,26,0,0
BRDA:206,26,1,0
BRDA:208,27,0,0
BRDA:208,27,1,0
BRDA:208,28,0,0
BRDA:208,28,1,0
BRDA:212,29,0,0
BRDA:212,29,1,0
BRDA:212,30,0,0
BRDA:212,30,1,0
BRDA:212,30,2,0
BRDA:212,30,3,0
BRDA:212,30,4,0
BRDA:216,31,0,0
BRDA:216,31,1,0
BRDA:216,32,0,0
BRDA:216,32,1,0
BRDA:216,32,2,0
BRDA:220,33,0,0
BRDA:220,33,1,0
BRDA:220,34,0,0
BRDA:220,34,1,0
BRDA:224,35,0,0
BRDA:224,35,1,0
BRDA:224,36,0,0
BRDA:224,36,1,0
BRDA:224,36,2,0
BRDA:224,36,3,0
BRDA:228,37,0,0
BRDA:228,37,1,0
BRDA:228,38,0,0
BRDA:228,38,1,0
BRDA:232,39,0,0
BRDA:232,39,1,0
BRDA:232,40,0,0
BRDA:232,40,1,0
BRDA:232,40,2,0
BRDA:232,40,3,0
BRDA:236,41,0,0
BRDA:236,41,1,0
BRDA:240,42,0,0
BRDA:240,42,1,0
BRDA:244,43,0,0
BRDA:244,43,1,0
BRDA:248,44,0,0
BRDA:248,44,1,0
BRDA:252,45,0,0
BRDA:252,45,1,0
BRDA:252,46,0,0
BRDA:252,46,1,0
BRDA:272,47,0,0
BRDA:272,47,1,0
BRDA:278,48,0,0
BRDA:278,48,1,0
BRDA:278,49,0,0
BRDA:278,49,1,0
BRDA:319,50,0,0
BRDA:319,50,1,0
BRDA:330,51,0,0
BRDA:330,51,1,0
BRDA:343,52,0,0
BRDA:343,52,1,0
BRDA:343,53,0,0
BRDA:343,53,1,0
BRDA:346,54,0,0
BRDA:346,54,1,0
BRDA:349,55,0,0
BRDA:349,55,1,0
BRDA:352,56,0,0
BRDA:352,56,1,0
BRDA:356,57,0,0
BRDA:356,57,1,0
BRDA:359,58,0,0
BRDA:359,58,1,0
BRDA:367,59,0,0
BRDA:367,59,1,0
BRDA:377,60,0,0
BRDA:377,60,1,0
BRDA:377,61,0,0
BRDA:377,61,1,0
BRDA:385,62,0,0
BRDA:385,62,1,0
BRDA:390,63,0,0
BRDA:390,63,1,0
BRDA:390,64,0,0
BRDA:390,64,1,0
BRDA:398,65,0,0
BRDA:398,65,1,0
BRDA:413,66,0,0
BRDA:413,66,1,0
BRDA:433,67,0,0
BRDA:433,67,1,0
BRDA:441,68,0,0
BRDA:441,68,1,0
BRDA:506,69,0,0
BRDA:506,69,1,0
BRDA:509,70,0,0
BRDA:509,70,1,0
BRDA:512,71,0,0
BRDA:512,71,1,0
BRDA:515,72,0,0
BRDA:515,72,1,0
BRDA:520,73,0,0
BRDA:520,73,1,0
BRDA:526,74,0,0
BRDA:526,74,1,0
BRDA:526,75,0,0
BRDA:526,75,1,0
BRDA:532,76,0,0
BRDA:532,76,1,0
BRDA:532,77,0,0
BRDA:532,77,1,0
BRDA:533,78,0,0
BRDA:533,78,1,0
BRDA:535,79,0,0
BRDA:535,79,1,0
BRDA:535,80,0,0
BRDA:535,80,1,0
BRDA:535,80,2,0
BRDA:535,80,3,0
BRDA:546,81,0,0
BRDA:546,81,1,0
BRDA:548,82,0,0
BRDA:548,82,1,0
BRDA:548,83,0,0
BRDA:548,83,1,0
BRDA:554,84,0,0
BRDA:554,84,1,0
BRDA:554,85,0,0
BRDA:554,85,1,0
BRDA:561,86,0,0
BRDA:561,86,1,0
BRDA:561,87,0,0
BRDA:561,87,1,0
BRDA:567,88,0,0
BRDA:567,88,1,0
BRDA:570,89,0,0
BRDA:570,89,1,0
BRDA:570,90,0,0
BRDA:570,90,1,0
BRDA:570,90,2,0
BRDA:580,91,0,0
BRDA:580,91,1,0
BRDA:589,92,0,0
BRDA:589,92,1,0
BRDA:618,93,0,0
BRDA:618,93,1,0
BRDA:623,94,0,0
BRDA:623,94,1,0
BRDA:623,95,0,0
BRDA:623,95,1,0
BRDA:623,95,2,0
BRDA:629,96,0,0
BRDA:629,96,1,0
BRDA:636,97,0,0
BRDA:636,97,1,0
BRDA:636,98,0,0
BRDA:636,98,1,0
BRDA:636,98,2,0
BRDA:636,98,3,0
BRDA:650,99,0,0
BRDA:650,99,1,0
BRDA:670,100,0,0
BRDA:670,100,1,0
BRDA:674,101,0,0
BRDA:674,101,1,0
BRDA:674,102,0,0
BRDA:674,102,1,0
BRDA:675,103,0,0
BRDA:675,103,1,0
BRDA:676,104,0,0
BRDA:676,104,1,0
BRDA:679,105,0,0
BRDA:679,105,1,0
BRDA:679,106,0,0
BRDA:679,106,1,0
BRDA:688,107,0,0
BRDA:688,107,1,0
BRDA:688,108,0,0
BRDA:688,108,1,0
BRDA:688,108,2,0
BRDA:707,109,0,0
BRDA:707,109,1,0
BRDA:707,110,0,0
BRDA:707,110,1,0
BRDA:712,111,0,0
BRDA:712,111,1,0
BRDA:716,112,0,0
BRDA:716,112,1,0
BRDA:716,113,0,0
BRDA:716,113,1,0
BRDA:736,114,0,0
BRDA:736,114,1,0
BRDA:736,115,0,0
BRDA:736,115,1,0
BRDA:752,116,0,0
BRDA:752,116,1,0
BRDA:753,117,0,0
BRDA:753,117,1,0
BRDA:760,118,0,0
BRDA:760,118,1,0
BRDA:779,119,0,0
BRDA:779,119,1,0
BRDA:786,120,0,0
BRDA:786,120,1,0
BRDA:804,121,0,0
BRDA:804,121,1,0
BRDA:804,122,0,0
BRDA:804,122,1,0
BRDA:809,123,0,0
BRDA:809,123,1,0
BRDA:813,124,0,0
BRDA:813,124,1,0
BRDA:813,125,0,0
BRDA:813,125,1,0
BRDA:832,126,0,0
BRDA:832,126,1,0
BRDA:832,127,0,0
BRDA:832,127,1,0
BRDA:846,128,0,0
BRDA:846,128,1,0
BRDA:847,129,0,0
BRDA:847,129,1,0
BRDA:854,130,0,0
BRDA:854,130,1,0
BRDA:866,131,0,0
BRDA:866,131,1,0
BRDA:873,132,0,0
BRDA:873,132,1,0
BRDA:884,133,0,0
BRDA:884,133,1,0
BRDA:884,134,0,0
BRDA:884,134,1,0
BRDA:890,135,0,0
BRDA:890,135,1,0
BRDA:890,136,0,0
BRDA:890,136,1,0
BRDA:899,137,0,0
BRDA:899,137,1,0
BRDA:919,138,0,0
BRDA:919,138,1,0
BRDA:924,139,0,0
BRDA:924,139,1,0
BRDA:930,140,0,0
BRDA:930,140,1,0
BRDA:930,141,0,0
BRDA:930,141,1,0
BRDA:930,141,2,0
BRDA:930,141,3,0
BRDA:939,142,0,0
BRDA:939,142,1,0
BRDA:939,143,0,0
BRDA:939,143,1,0
BRDA:943,144,0,0
BRDA:943,144,1,0
BRDA:943,145,0,0
BRDA:943,145,1,0
BRDA:947,146,0,0
BRDA:947,146,1,0
BRDA:947,147,0,0
BRDA:947,147,1,0
BRDA:951,148,0,0
BRDA:951,148,1,0
BRDA:951,149,0,0
BRDA:951,149,1,0
BRDA:957,150,0,0
BRDA:957,150,1,0
BRDA:957,151,0,0
BRDA:957,151,1,0
BRDA:961,152,0,0
BRDA:961,152,1,0
BRDA:961,153,0,0
BRDA:961,153,1,0
BRDA:965,154,0,0
BRDA:965,154,1,0
BRDA:965,155,0,0
BRDA:965,155,1,0
BRDA:965,155,2,0
BRDA:971,156,0,0
BRDA:971,156,1,0
BRDA:971,157,0,0
BRDA:971,157,1,0
BRDA:977,158,0,0
BRDA:977,158,1,0
BRDA:977,159,0,0
BRDA:977,159,1,0
BRDA:981,160,0,0
BRDA:981,160,1,0
BRDA:981,161,0,0
BRDA:981,161,1,0
BRDA:988,162,0,0
BRDA:988,162,1,0
BRDA:988,163,0,0
BRDA:988,163,1,0
BRDA:988,163,2,0
BRDA:992,164,0,0
BRDA:992,164,1,0
BRDA:992,165,0,0
BRDA:992,165,1,0
BRDA:992,165,2,0
BRDA:998,166,0,0
BRDA:998,166,1,0
BRDA:998,167,0,0
BRDA:998,167,1,0
BRDA:1003,168,0,0
BRDA:1003,168,1,0
BRDA:1024,169,0,0
BRDA:1024,169,1,0
BRDA:1025,170,0,0
BRDA:1025,170,1,0
BRDA:1030,171,0,0
BRDA:1030,171,1,0
BRDA:1030,171,2,0
BRDA:1030,171,3,0
BRDA:1030,171,4,0
BRDA:1030,171,5,0
BRDA:1030,171,6,0
BRDA:1039,172,0,0
BRDA:1039,172,1,0
BRDA:1055,173,0,0
BRDA:1055,173,1,0
BRDA:1056,174,0,0
BRDA:1056,174,1,0
BRDA:1059,175,0,0
BRDA:1059,175,1,0
BRDA:1059,176,0,0
BRDA:1059,176,1,0
BRDA:1059,176,2,0
BRDA:1059,176,3,0
BRDA:1059,176,4,0
BRDA:1059,176,5,0
BRDA:1059,176,6,0
BRDA:1059,176,7,0
BRDA:1059,176,8,0
BRDA:1059,176,9,0
BRDA:1059,176,10,0
BRDA:1059,176,11,0
BRDA:1059,176,12,0
BRDA:1059,176,13,0
BRDA:1059,176,14,0
BRDA:1059,176,15,0
BRDA:1059,176,16,0
BRDA:1059,176,17,0
BRDA:1059,176,18,0
BRDA:1059,176,19,0
BRDA:1059,176,20,0
BRDA:1059,176,21,0
BRDA:1059,176,22,0
BRDA:1059,176,23,0
BRDA:1077,177,0,0
BRDA:1077,177,1,0
BRDA:1081,178,0,0
BRDA:1081,178,1,0
BRDA:1099,179,0,0
BRDA:1099,179,1,0
BRDA:1104,180,0,0
BRDA:1104,180,1,0
BRDA:1104,181,0,0
BRDA:1104,181,1,0
BRDA:1104,181,2,0
BRDA:1104,181,3,0
BRDA:1104,181,4,0
BRDA:1104,181,5,0
BRDA:1104,181,6,0
BRDA:1116,182,0,0
BRDA:1116,182,1,0
BRDA:1116,183,0,0
BRDA:1116,183,1,0
BRDA:1116,183,2,0
BRDA:1116,183,3,0
BRDA:1116,183,4,0
BRDA:1116,183,5,0
BRDA:1128,184,0,0
BRDA:1128,184,1,0
BRDA:1128,185,0,0
BRDA:1128,185,1,0
BRDA:1128,185,2,0
BRDA:1128,185,3,0
BRDA:1128,185,4,0
BRDA:1142,186,0,0
BRDA:1142,186,1,0
BRDA:1143,187,0,0
BRDA:1143,187,1,0
BRDA:1148,188,0,0
BRDA:1148,188,1,0
BRDA:1155,189,0,0
BRDA:1155,189,1,0
BRDA:1155,189,2,0
BRDA:1155,189,3,0
BRDA:1155,189,4,0
BRDA:1155,189,5,0
BRDA:1155,189,6,0
BRDA:1155,189,7,0
BRDA:1155,189,8,0
BRDA:1155,189,9,0
BRDA:1168,190,0,0
BRDA:1168,190,1,0
BRDA:1168,191,0,0
BRDA:1168,191,1,0
BRDA:1201,192,0,0
BRDA:1201,192,1,0
BRDA:1203,193,0,0
BRDA:1203,193,1,0
BRDA:1207,194,0,0
BRDA:1207,194,1,0
BRDA:1207,195,0,0
BRDA:1207,195,1,0
BRDA:1207,195,2,0
BRDA:1207,195,3,0
BRDA:1207,195,4,0
BRDA:1207,195,5,0
BRDA:1218,196,0,0
BRDA:1218,196,1,0
BRDA:1218,197,0,0
BRDA:1218,197,1,0
BRDA:1218,197,2,0
BRDA:1218,197,3,0
BRDA:1218,197,4,0
BRDA:1218,197,5,0
BRDA:1218,197,6,0
BRDA:1218,197,7,0
BRDA:1218,197,8,0
BRDA:1218,197,9,0
BRDA:1218,197,10,0
BRDA:1218,197,11,0
BRDA:1218,197,12,0
BRDA:1218,197,13,0
BRDA:1218,197,14,0
BRDA:1243,198,0,0
BRDA:1243,198,1,0
BRDA:1252,199,0,0
BRDA:1252,199,1,0
BRDA:1273,200,0,0
BRDA:1273,200,1,0
BRDA:1275,201,0,0
BRDA:1275,201,1,0
BRDA:1278,202,0,0
BRDA:1278,202,1,0
BRDA:1278,203,0,0
BRDA:1278,203,1,0
BRDA:1278,203,2,0
BRDA:1278,203,3,0
BRDA:1278,203,4,0
BRDA:1278,203,5,0
BRDA:1278,203,6,0
BRDA:1278,203,7,0
BRDA:1291,204,0,0
BRDA:1291,204,1,0
BRDA:1299,205,0,0
BRDA:1299,205,1,0
BRDA:1330,206,0,0
BRDA:1330,206,1,0
BRDA:1352,207,0,0
BRDA:1352,207,1,0
BRDA:1354,208,0,0
BRDA:1354,208,1,0
BRDA:1359,209,0,0
BRDA:1359,209,1,0
BRDA:1359,210,0,0
BRDA:1359,210,1,0
BRDA:1359,210,2,0
BRDA:1359,210,3,0
BRDA:1359,210,4,0
BRDA:1359,210,5,0
BRDA:1359,210,6,0
BRDA:1359,210,7,0
BRDA:1359,210,8,0
BRDA:1359,210,9,0
BRDA:1359,210,10,0
BRDA:1359,210,11,0
BRDA:1359,210,12,0
BRDA:1359,210,13,0
BRDA:1359,210,14,0
BRDA:1359,210,15,0
BRDA:1359,210,16,0
BRDA:1359,210,17,0
BRDA:1359,210,18,0
BRDA:1359,210,19,0
BRDA:1359,210,20,0
BRDA:1359,210,21,0
BRDA:1359,210,22,0
BRDA:1359,210,23,0
BRDA:1359,210,24,0
BRDA:1388,211,0,0
BRDA:1388,211,1,0
BRDA:1400,212,0,0
BRDA:1400,212,1,0
BRDA:1404,213,0,0
BRDA:1404,213,1,0
BRDA:1404,214,0,0
BRDA:1404,214,1,0
BRDA:1404,214,2,0
BRDA:1404,214,3,0
BRDA:1404,214,4,0
BRDA:1404,214,5,0
BRDA:1404,214,6,0
BRDA:1404,214,7,0
BRDA:1404,214,8,0
BRDA:1404,214,9,0
BRDA:1404,214,10,0
BRDA:1404,214,11,0
BRDA:1418,215,0,0
BRDA:1418,215,1,0
BRDA:1438,216,0,0
BRDA:1438,216,1,0
BRDA:1439,217,0,0
BRDA:1439,217,1,0
BRDA:1447,218,0,0
BRDA:1447,218,1,0
BRDA:1449,219,0,0
BRDA:1449,219,1,0
BRDA:1449,220,0,0
BRDA:1449,220,1,0
BRDA:1449,220,2,0
BRDA:1464,221,0,0
BRDA:1464,221,1,0
BRDA:1466,222,0,0
BRDA:1466,222,1,0
BRDA:1466,223,0,0
BRDA:1466,223,1,0
BRDA:1479,224,0,0
BRDA:1479,224,1,0
BRDA:1480,225,0,0
BRDA:1480,225,1,0
BRDA:1481,226,0,0
BRDA:1481,226,1,0
BRDA:1487,227,0,0
BRDA:1487,227,1,0
BRDA:1493,228,0,0
BRDA:1493,228,1,0
BRDA:1505,229,0,0
BRDA:1505,229,1,0
BRDA:1506,230,0,0
BRDA:1506,230,1,0
BRDA:1506,231,0,0
BRDA:1506,231,1,0
BRDA:1513,232,0,0
BRDA:1513,232,1,0
BRDA:1523,233,0,0
BRDA:1523,233,1,0
BRDA:1530,234,0,0
BRDA:1530,234,1,0
BRDA:1558,235,0,0
BRDA:1558,235,1,0
BRDA:1558,236,0,0
BRDA:1558,236,1,0
BRDA:1569,237,0,0
BRDA:1569,237,1,0
BRDA:1570,238,0,0
BRDA:1570,238,1,0
BRDA:1570,239,0,0
BRDA:1570,239,1,0
BRDA:1577,240,0,0
BRDA:1577,240,1,0
BRDA:1596,241,0,0
BRDA:1596,241,1,0
BRDA:1606,242,0,0
BRDA:1606,242,1,0
BRDA:1607,243,0,0
BRDA:1607,243,1,0
BRDA:1607,244,0,0
BRDA:1607,244,1,0
BRDA:1614,245,0,0
BRDA:1614,245,1,0
BRDA:1625,246,0,0
BRDA:1625,246,1,0
BRDA:1626,247,0,0
BRDA:1626,247,1,0
BRDA:1626,248,0,0
BRDA:1626,248,1,0
BRDA:1633,249,0,0
BRDA:1633,249,1,0
BRDA:1643,250,0,0
BRDA:1643,250,1,0
BRDA:1650,251,0,0
BRDA:1650,251,1,0
BRDA:1659,252,0,0
BRDA:1659,252,1,0
BRDA:1698,253,0,0
BRDA:1698,253,1,0
BRDA:1706,254,0,0
BRDA:1706,254,1,0
BRDA:1706,255,0,0
BRDA:1706,255,1,0
BRDA:1706,255,2,0
BRDA:1706,255,3,0
BRDA:1706,255,4,0
BRDA:1706,255,5,0
BRDA:1711,256,0,0
BRDA:1711,256,1,0
BRDA:1711,257,0,0
BRDA:1711,257,1,0
BRDA:1716,258,0,0
BRDA:1716,258,1,0
BRDA:1716,259,0,0
BRDA:1716,259,1,0
BRDA:1721,260,0,0
BRDA:1721,260,1,0
BRDA:1724,261,0,0
BRDA:1724,261,1,0
BRDA:1729,262,0,0
BRDA:1729,262,1,0
BRDA:1743,263,0,0
BRDA:1743,263,1,0
BRDA:1743,264,0,0
BRDA:1743,264,1,0
BRDA:1770,265,0,0
BRDA:1770,265,1,0
BRDA:1785,266,0,0
BRDA:1785,266,1,0
BRDA:1786,267,0,0
BRDA:1786,267,1,0
BRDA:1793,268,0,0
BRDA:1793,268,1,0
BRDA:1820,269,0,0
BRDA:1820,269,1,0
BRDA:1823,270,0,0
BRDA:1823,270,1,0
BRDA:1826,271,0,0
BRDA:1826,271,1,0
BRDA:1832,272,0,0
BRDA:1832,272,1,0
BRDA:1832,273,0,0
BRDA:1832,273,1,0
BRDA:1832,273,2,0
BRDA:1832,273,3,0
BRDA:1832,273,4,0
BRDA:1842,274,0,0
BRDA:1842,274,1,0
BRDA:1842,275,0,0
BRDA:1842,275,1,0
BRDA:1842,275,2,0
BRDA:1842,275,3,0
BRDA:1842,275,4,0
BRDA:1842,275,5,0
BRDA:1853,276,0,0
BRDA:1853,276,1,0
BRDA:1853,277,0,0
BRDA:1853,277,1,0
BRDA:1853,277,2,0
BRDA:1853,277,3,0
BRDA:1853,277,4,0
BRDA:1862,278,0,0
BRDA:1862,278,1,0
BRDA:1865,279,0,0
BRDA:1865,279,1,0
BRDA:1868,280,0,0
BRDA:1868,280,1,0
BRDA:1871,281,0,0
BRDA:1871,281,1,0
BRDA:1871,282,0,0
BRDA:1871,282,1,0
BRDA:1876,283,0,0
BRDA:1876,283,1,0
BRDA:1876,284,0,0
BRDA:1876,284,1,0
BRDA:1876,284,2,0
BRDA:1877,285,0,0
BRDA:1877,285,1,0
BRDA:1888,286,0,0
BRDA:1888,286,1,0
BRDA:1888,287,0,0
BRDA:1888,287,1,0
BRDA:1940,288,0,0
BRDA:1940,288,1,0
BRDA:1943,289,0,0
BRDA:1943,289,1,0
BRDA:1943,290,0,0
BRDA:1943,290,1,0
BRDA:1948,291,0,0
BRDA:1948,291,1,0
BRDA:1956,292,0,0
BRDA:1956,292,1,0
BRDA:1956,293,0,0
BRDA:1956,293,1,0
BRDA:1977,294,0,0
BRDA:1977,294,1,0
BRDA:1982,295,0,0
BRDA:1982,295,1,0
BRDA:1988,296,0,0
BRDA:1988,296,1,0
BRDA:2000,297,0,0
BRDA:2000,297,1,0
BRDA:2004,298,0,0
BRDA:2004,298,1,0
BRDA:2044,299,0,0
BRDA:2044,299,1,0
BRDA:2046,300,0,0
BRDA:2046,300,1,0
BRDA:2054,301,0,0
BRDA:2054,301,1,0
BRDA:2065,302,0,0
BRDA:2065,302,1,0
BRDA:2074,303,0,0
BRDA:2074,303,1,0
BRDA:2087,304,0,0
BRDA:2087,304,1,0
BRDA:2087,305,0,0
BRDA:2087,305,1,0
BRDA:2100,306,0,0
BRDA:2100,306,1,0
BRDA:2112,307,0,0
BRDA:2112,307,1,0
BRDA:2121,308,0,0
BRDA:2121,308,1,0
BRDA:2156,309,0,0
BRDA:2156,309,1,0
BRDA:2158,310,0,0
BRDA:2158,310,1,0
BRDA:2166,311,0,0
BRDA:2166,311,1,0
BRDA:2168,312,0,0
BRDA:2168,312,1,0
BRDA:2181,313,0,0
BRDA:2181,313,1,0
BRDA:2181,314,0,0
BRDA:2181,314,1,0
BRDA:2193,315,0,0
BRDA:2193,315,1,0
BRDA:2202,316,0,0
BRDA:2202,316,1,0
BRDA:2235,317,0,0
BRDA:2235,317,1,0
BRDA:2238,318,0,0
BRDA:2238,318,1,0
BRDA:2245,319,0,0
BRDA:2245,319,1,0
BRDA:2250,320,0,0
BRDA:2250,320,1,0
BRDA:2258,321,0,0
BRDA:2258,321,1,0
BRDA:2268,322,0,0
BRDA:2268,322,1,0
BRDA:2272,323,0,0
BRDA:2272,323,1,0
BRDA:2278,324,0,0
BRDA:2278,324,1,0
BRDA:2278,325,0,0
BRDA:2278,325,1,0
BRDA:2295,326,0,0
BRDA:2295,326,1,0
BRDA:2317,327,0,0
BRDA:2317,327,1,0
BRDA:2335,328,0,0
BRDA:2335,328,1,0
BRDA:2341,329,0,0
BRDA:2341,329,1,0
BRDA:2349,330,0,0
BRDA:2349,330,1,0
BRDA:2368,331,0,0
BRDA:2368,331,1,0
BRDA:2404,332,0,0
BRDA:2404,332,1,0
BRDA:2405,333,0,0
BRDA:2405,333,1,0
BRDA:2439,334,0,0
BRDA:2439,334,1,0
BRDA:2449,335,0,0
BRDA:2449,335,1,0
BRDA:2449,336,0,0
BRDA:2449,336,1,0
BRDA:2449,336,2,0
BRDA:2464,337,0,0
BRDA:2470,338,0,0
BRDA:2470,338,1,0
BRDA:2480,339,0,0
BRDA:2480,339,1,0
BRDA:2487,340,0,0
BRDA:2487,340,1,0
BRDA:2495,341,0,0
BRDA:2495,341,1,0
BRDA:2497,342,0,0
BRDA:2497,342,1,0
BRDA:2510,343,0,0
BRDA:2510,343,1,0
BRDA:2525,344,0,0
BRDA:2525,344,1,0
BRDA:2539,345,0,0
BRDA:2539,345,1,0
BRF:834
BRH:8
end_of_record
TN:
SF:src/core/scraper.js
FN:18,(anonymous_0)
FN:31,(anonymous_1)
FN:48,(anonymous_2)
FN:60,(anonymous_3)
FN:61,(anonymous_4)
FN:61,(anonymous_5)
FN:81,(anonymous_6)
FN:98,(anonymous_7)
FN:114,(anonymous_8)
FN:128,(anonymous_9)
FN:151,(anonymous_10)
FN:164,(anonymous_11)
FN:167,(anonymous_12)
FN:191,(anonymous_13)
FN:214,(anonymous_14)
FN:229,(anonymous_15)
FN:241,(anonymous_16)
FN:369,(anonymous_17)
FN:370,(anonymous_18)
FN:371,(anonymous_19)
FN:379,(anonymous_20)
FN:448,(anonymous_21)
FN:512,(anonymous_22)
FN:539,(anonymous_23)
FN:590,(anonymous_24)
FN:594,(anonymous_25)
FN:622,(anonymous_26)
FNF:27
FNH:6
FNDA:6,(anonymous_0)
FNDA:0,(anonymous_1)
FNDA:6,(anonymous_2)
FNDA:6,(anonymous_3)
FNDA:13,(anonymous_4)
FNDA:13,(anonymous_5)
FNDA:4,(anonymous_6)
FNDA:0,(anonymous_7)
FNDA:0,(anonymous_8)
FNDA:0,(anonymous_9)
FNDA:0,(anonymous_10)
FNDA:0,(anonymous_11)
FNDA:0,(anonymous_12)
FNDA:0,(anonymous_13)
FNDA:0,(anonymous_14)
FNDA:0,(anonymous_15)
FNDA:0,(anonymous_16)
FNDA:0,(anonymous_17)
FNDA:0,(anonymous_18)
FNDA:0,(anonymous_19)
FNDA:0,(anonymous_20)
FNDA:0,(anonymous_21)
FNDA:0,(anonymous_22)
FNDA:0,(anonymous_23)
FNDA:0,(anonymous_24)
FNDA:0,(anonymous_25)
FNDA:0,(anonymous_26)
DA:19,6
DA:20,6
DA:22,6
DA:23,6
DA:32,0
DA:34,0
DA:35,0
DA:40,0
DA:49,6
DA:50,0
DA:51,0
DA:61,13
DA:62,6
DA:64,6
DA:66,13
DA:67,2
DA:71,11
DA:72,11
DA:73,11
DA:76,11
DA:78,10
DA:81,10
DA:82,9
DA:91,6
DA:99,0
DA:100,0
DA:103,0
DA:104,0
DA:105,0
DA:107,0
DA:108,0
DA:110,0
DA:111,0
DA:113,0
DA:114,0
DA:115,0
DA:117,0
DA:118,0
DA:119,0
DA:121,0
DA:122,0
DA:126,0
DA:128,0
DA:133,0
DA:137,0
DA:141,0
DA:142,0
DA:143,0
DA:145,0
DA:146,0
DA:149,0
DA:151,0
DA:155,0
DA:165,0
DA:166,0
DA:167,0
DA:168,0
DA:170,0
DA:171,0
DA:175,0
DA:176,0
DA:177,0
DA:178,0
DA:181,0
DA:192,0
DA:205,0
DA:215,0
DA:230,0
DA:237,0
DA:239,0
DA:241,0
DA:242,0
DA:243,0
DA:244,0
DA:246,0
DA:251,0
DA:256,0
DA:257,0
DA:260,0
DA:261,0
DA:262,0
DA:266,0
DA:269,0
DA:270,0
DA:276,0
DA:279,0
DA:280,0
DA:281,0
DA:285,0
DA:286,0
DA:287,0
DA:292,0
DA:295,0
DA:297,0
DA:309,0
DA:311,0
DA:330,0
DA:349,0
DA:351,0
DA:352,0
DA:353,0
DA:354,0
DA:357,0
DA:366,0
DA:367,0
DA:368,0
DA:369,0
DA:370,0
DA:371,0
DA:372,0
DA:373,0
DA:374,0
DA:379,0
DA:380,0
DA:381,0
DA:382,0
DA:383,0
DA:386,0
DA:387,0
DA:391,0
DA:392,0
DA:393,0
DA:397,0
DA:398,0
DA:399,0
DA:403,0
DA:404,0
DA:405,0
DA:406,0
DA:409,0
DA:410,0
DA:414,0
DA:417,0
DA:418,0
DA:419,0
DA:423,0
DA:425,0
DA:434,0
DA:435,0
DA:436,0
DA:439,0
DA:443,0
DA:446,0
DA:448,0
DA:449,0
DA:450,0
DA:453,0
DA:454,0
DA:456,0
DA:460,0
DA:461,0
DA:462,0
DA:470,0
DA:471,0
DA:475,0
DA:476,0
DA:477,0
DA:478,0
DA:480,0
DA:483,0
DA:484,0
DA:487,0
DA:488,0
DA:490,0
DA:501,0
DA:503,0
DA:513,0
DA:515,0
DA:516,0
DA:519,0
DA:520,0
DA:523,0
DA:526,0
DA:528,0
DA:529,0
DA:530,0
DA:533,0
DA:534,0
DA:535,0
DA:537,0
DA:538,0
DA:539,0
DA:543,0
DA:544,0
DA:547,0
DA:548,0
DA:549,0
DA:550,0
DA:554,0
DA:555,0
DA:559,0
DA:562,0
DA:571,0
DA:572,0
DA:575,0
DA:577,0
DA:580,0
DA:591,0
DA:592,0
DA:594,0
DA:595,0
DA:596,0
DA:597,0
DA:598,0
DA:600,0
DA:608,0
DA:609,0
DA:610,0
DA:611,0
DA:614,0
DA:623,0
DA:624,0
DA:625,0
LF:213
LH:18
BRDA:18,0,0,6
BRDA:22,1,0,6
BRDA:22,1,1,6
BRDA:23,2,0,6
BRDA:23,2,1,6
BRDA:32,3,0,0
BRDA:32,3,1,0
BRDA:49,4,0,0
BRDA:49,4,1,6
BRDA:66,5,0,2
BRDA:66,5,1,11
BRDA:66,6,0,13
BRDA:66,6,1,12
BRDA:73,7,0,2
BRDA:73,7,1,9
BRDA:73,8,0,11
BRDA:73,8,1,2
BRDA:76,9,0,10
BRDA:76,9,1,1
BRDA:81,10,0,9
BRDA:81,10,1,1
BRDA:107,11,0,0
BRDA:107,11,1,0
BRDA:110,12,0,0
BRDA:110,12,1,0
BRDA:113,13,0,0
BRDA:113,13,1,0
BRDA:118,14,0,0
BRDA:118,14,1,0
BRDA:121,15,0,0
BRDA:121,15,1,0
BRDA:137,16,0,0
BRDA:137,16,1,0
BRDA:137,16,2,0
BRDA:137,16,3,0
BRDA:141,17,0,0
BRDA:141,17,1,0
BRDA:145,18,0,0
BRDA:145,18,1,0
BRDA:168,19,0,0
BRDA:168,19,1,0
BRDA:175,20,0,0
BRDA:175,20,1,0
BRDA:243,21,0,0
BRDA:243,21,1,0
BRDA:256,22,0,0
BRDA:256,22,1,0
BRDA:261,23,0,0
BRDA:261,23,1,0
BRDA:279,24,0,0
BRDA:279,24,1,0
BRDA:285,25,0,0
BRDA:285,25,1,0
BRDA:285,26,0,0
BRDA:285,26,1,0
BRDA:285,26,2,0
BRDA:295,27,0,0
BRDA:295,27,1,0
BRDA:309,28,0,0
BRDA:309,28,1,0
BRDA:354,29,0,0
BRDA:354,29,1,0
BRDA:366,30,0,0
BRDA:366,30,1,0
BRDA:368,31,0,0
BRDA:368,31,1,0
BRDA:368,32,0,0
BRDA:368,32,1,0
BRDA:369,33,0,0
BRDA:369,33,1,0
BRDA:381,34,0,0
BRDA:381,34,1,0
BRDA:382,35,0,0
BRDA:382,35,1,0
BRDA:383,36,0,0
BRDA:383,36,1,0
BRDA:386,37,0,0
BRDA:386,37,1,0
BRDA:386,38,0,0
BRDA:386,38,1,0
BRDA:386,38,2,0
BRDA:392,39,0,0
BRDA:392,39,1,0
BRDA:392,40,0,0
BRDA:392,40,1,0
BRDA:398,41,0,0
BRDA:398,41,1,0
BRDA:398,42,0,0
BRDA:398,42,1,0
BRDA:404,43,0,0
BRDA:404,43,1,0
BRDA:409,44,0,0
BRDA:409,44,1,0
BRDA:409,45,0,0
BRDA:409,45,1,0
BRDA:409,45,2,0
BRDA:409,45,3,0
BRDA:419,46,0,0
BRDA:419,46,1,0
BRDA:423,47,0,0
BRDA:423,47,1,0
BRDA:423,47,2,0
BRDA:427,48,0,0
BRDA:427,48,1,0
BRDA:434,49,0,0
BRDA:434,49,1,0
BRDA:443,50,0,0
BRDA:443,50,1,0
BRDA:443,51,0,0
BRDA:443,51,1,0
BRDA:446,52,0,0
BRDA:446,52,1,0
BRDA:446,53,0,0
BRDA:446,53,1,0
BRDA:453,54,0,0
BRDA:453,54,1,0
BRDA:453,55,0,0
BRDA:453,55,1,0
BRDA:470,56,0,0
BRDA:470,56,1,0
BRDA:470,57,0,0
BRDA:470,57,1,0
BRDA:512,58,0,0
BRDA:515,59,0,0
BRDA:515,59,1,0
BRDA:519,60,0,0
BRDA:519,60,1,0
BRDA:554,61,0,0
BRDA:554,61,1,0
BRDA:554,62,0,0
BRDA:554,62,1,0
BRDA:595,63,0,0
BRDA:595,63,1,0
BRDA:595,64,0,0
BRDA:595,64,1,0
BRDA:595,64,2,0
BRDA:608,65,0,0
BRDA:608,65,1,0
BRF:138
BRH:18
end_of_record
TN:
SF:src/lib/db/client.js
FN:33,disconnectPrisma
FN:41,connectDatabase
FNF:2
FNH:0
FNDA:0,disconnectPrisma
FNDA:0,connectDatabase
DA:12,0
DA:15,0
DA:16,0
DA:20,0
DA:25,0
DA:26,0
DA:34,0
DA:42,0
DA:43,0
DA:44,0
DA:46,0
DA:47,0
LF:12
LH:0
BRDA:15,0,0,0
BRDA:15,0,1,0
BRDA:20,1,0,0
BRDA:20,1,1,0
BRDA:22,2,0,0
BRDA:22,2,1,0
BRDA:25,3,0,0
BRDA:25,3,1,0
BRF:8
BRH:0
end_of_record
TN:
SF:src/lib/db/index.js
FNF:0
FNH:0
LF:0
LH:0
BRF:0
BRH:0
end_of_record
TN:
SF:src/lib/db/migrate.js
FN:14,runMigrations
FN:41,createMigration
FN:59,generatePrismaClient
FNF:3
FNH:0
FNDA:0,runMigrations
FNDA:0,createMigration
FNDA:0,generatePrismaClient
DA:15,0
DA:16,0
DA:17,0
DA:18,0
DA:23,0
DA:24,0
DA:29,0
DA:31,0
DA:32,0
DA:42,0
DA:43,0
DA:44,0
DA:48,0
DA:50,0
DA:51,0
DA:60,0
DA:61,0
DA:62,0
DA:66,0
DA:68,0
DA:69,0
LF:21
LH:0
BRDA:14,0,0,0
BRDA:16,1,0,0
BRDA:16,1,1,0
BRF:3
BRH:0
end_of_record
TN:
SF:src/lib/db/test-connection.js
FN:12,testConnection
FNF:1
FNH:0
FNDA:0,testConnection
DA:13,0
DA:14,0
DA:15,0
DA:18,0
DA:19,0
DA:21,0
DA:22,0
DA:23,0
DA:25,0
DA:26,0
DA:30,0
LF:11
LH:0
BRF:0
BRH:0
end_of_record
TN:
SF:src/lib/supabase/client.js
FN:8,createClient
FNF:1
FNH:0
FNDA:0,createClient
DA:9,0
LF:1
LH:0
BRF:0
BRH:0
end_of_record
TN:
SF:src/lib/supabase/server.js
FN:9,createClient
FN:17,(anonymous_1)
FN:20,(anonymous_2)
FN:22,(anonymous_3)
FNF:4
FNH:0
FNDA:0,createClient
FNDA:0,(anonymous_1)
FNDA:0,(anonymous_2)
FNDA:0,(anonymous_3)
DA:10,0
DA:12,0
DA:18,0
DA:21,0
DA:22,0
DA:23,0
LF:6
LH:0
BRF:0
BRH:0
end_of_record
TN:
SF:src/services/run-executor.js
FN:28,(anonymous_0)
FN:40,(anonymous_1)
FN:51,(anonymous_2)
FN:72,(anonymous_3)
FN:101,(anonymous_4)
FN:285,(anonymous_5)
FNF:6
FNH:0
FNDA:0,(anonymous_0)
FNDA:0,(anonymous_1)
FNDA:0,(anonymous_2)
FNDA:0,(anonymous_3)
FNDA:0,(anonymous_4)
FNDA:0,(anonymous_5)
DA:29,0
DA:30,0
DA:31,0
DA:32,0
DA:33,0
DA:41,0
DA:52,0
DA:53,0
DA:64,0
DA:73,0
DA:74,0
DA:75,0
DA:76,0
DA:77,0
DA:80,0
DA:93,0
DA:114,0
DA:116,0
DA:118,0
DA:121,0
DA:128,0
DA:129,0
DA:130,0
DA:131,0
DA:138,0
DA:141,0
DA:146,0
DA:150,0
DA:153,0
DA:162,0
DA:164,0
DA:171,0
DA:176,0
DA:177,0
DA:179,0
DA:182,0
DA:186,0
DA:189,0
DA:196,0
DA:197,0
DA:198,0
DA:200,0
DA:204,0
DA:205,0
DA:206,0
DA:207,0
DA:211,0
DA:214,0
DA:215,0
DA:217,0
DA:230,0
DA:231,0
DA:232,0
DA:235,0
DA:236,0
DA:237,0
DA:240,0
DA:241,0
DA:242,0
DA:243,0
DA:244,0
DA:248,0
DA:249,0
DA:250,0
DA:251,0
DA:252,0
DA:253,0
DA:254,0
DA:257,0
DA:258,0
DA:259,0
DA:261,0
DA:262,0
DA:263,0
DA:264,0
DA:267,0
DA:270,0
DA:271,0
DA:272,0
DA:273,0
DA:277,0
DA:278,0
DA:282,0
DA:283,0
DA:284,0
DA:285,0
DA:286,0
DA:292,0
DA:296,0
DA:297,0
DA:298,0
DA:303,0
DA:304,0
DA:305,0
DA:306,0
DA:307,0
DA:310,0
DA:311,0
DA:312,0
DA:313,0
DA:314,0
DA:316,0
DA:317,0
DA:318,0
DA:319,0
DA:322,0
DA:325,0
DA:332,0
DA:336,0
DA:337,0
DA:338,0
DA:340,0
DA:341,0
DA:342,0
DA:343,0
DA:346,0
DA:347,0
DA:348,0
DA:353,0
DA:354,0
DA:356,0
DA:357,0
DA:360,0
DA:369,0
DA:385,0
DA:389,0
DA:394,0
DA:405,0
DA:406,0
DA:407,0
DA:408,0
LF:131
LH:0
BRDA:40,0,0,0
BRDA:51,1,0,0
BRDA:75,2,0,0
BRDA:75,2,1,0
BRDA:85,3,0,0
BRDA:85,3,1,0
BRDA:105,4,0,0
BRDA:106,5,0,0
BRDA:107,6,0,0
BRDA:108,7,0,0
BRDA:109,8,0,0
BRDA:110,9,0,0
BRDA:111,10,0,0
BRDA:112,11,0,0
BRDA:113,12,0,0
BRDA:118,13,0,0
BRDA:118,13,1,0
BRDA:121,14,0,0
BRDA:121,14,1,0
BRDA:121,15,0,0
BRDA:121,15,1,0
BRDA:128,16,0,0
BRDA:128,16,1,0
BRDA:129,17,0,0
BRDA:129,17,1,0
BRDA:130,18,0,0
BRDA:130,18,1,0
BRDA:134,19,0,0
BRDA:134,19,1,0
BRDA:138,20,0,0
BRDA:138,20,1,0
BRDA:141,21,0,0
BRDA:141,21,1,0
BRDA:142,22,0,0
BRDA:142,22,1,0
BRDA:148,23,0,0
BRDA:148,23,1,0
BRDA:155,24,0,0
BRDA:155,24,1,0
BRDA:160,25,0,0
BRDA:160,25,1,0
BRDA:173,26,0,0
BRDA:173,26,1,0
BRDA:176,27,0,0
BRDA:176,27,1,0
BRDA:196,28,0,0
BRDA:196,28,1,0
BRDA:230,29,0,0
BRDA:230,29,1,0
BRDA:241,30,0,0
BRDA:241,30,1,0
BRDA:242,31,0,0
BRDA:242,31,1,0
BRDA:249,32,0,0
BRDA:249,32,1,0
BRDA:249,33,0,0
BRDA:249,33,1,0
BRDA:253,34,0,0
BRDA:253,34,1,0
BRDA:254,35,0,0
BRDA:254,35,1,0
BRDA:261,36,0,0
BRDA:261,36,1,0
BRDA:272,37,0,0
BRDA:272,37,1,0
BRDA:277,38,0,0
BRDA:277,38,1,0
BRDA:284,39,0,0
BRDA:284,39,1,0
BRDA:285,40,0,0
BRDA:285,40,1,0
BRDA:297,41,0,0
BRDA:297,41,1,0
BRDA:305,42,0,0
BRDA:305,42,1,0
BRDA:306,43,0,0
BRDA:306,43,1,0
BRDA:307,44,0,0
BRDA:307,44,1,0
BRDA:316,45,0,0
BRDA:316,45,1,0
BRDA:337,46,0,0
BRDA:337,46,1,0
BRDA:337,47,0,0
BRDA:337,47,1,0
BRDA:347,48,0,0
BRDA:347,48,1,0
BRDA:353,49,0,0
BRDA:353,49,1,0
BRDA:356,50,0,0
BRDA:356,50,1,0
BRF:91
BRH:0
end_of_record
TN:
SF:src/utils/cleanup-output.js
FN:16,cleanupOutputDirectories
FNF:1
FNH:0
FNDA:0,cleanupOutputDirectories
DA:17,0
DA:18,0
DA:23,0
DA:24,0
DA:25,0
DA:32,0
DA:33,0
DA:34,0
DA:35,0
DA:36,0
DA:37,0
DA:40,0
DA:45,0
DA:46,0
DA:47,0
DA:48,0
DA:49,0
DA:50,0
DA:53,0
DA:57,0
DA:59,0
LF:21
LH:0
BRDA:16,0,0,0
BRDA:17,1,0,0
BRDA:35,2,0,0
BRDA:35,2,1,0
BRDA:45,3,0,0
BRDA:45,3,1,0
BRDA:48,4,0,0
BRDA:48,4,1,0
BRF:8
BRH:0
end_of_record
TN:
SF:src/utils/cli.js
FN:13,(anonymous_0)
FN:23,(anonymous_1)
FN:31,(anonymous_2)
FN:33,(anonymous_3)
FN:49,(anonymous_4)
FN:57,(anonymous_5)
FN:59,(anonymous_6)
FN:69,(anonymous_7)
FN:96,(anonymous_8)
FN:128,(anonymous_9)
FN:144,(anonymous_10)
FN:157,(anonymous_11)
FN:159,(anonymous_12)
FN:168,(anonymous_13)
FN:176,(anonymous_14)
FN:184,(anonymous_15)
FN:192,(anonymous_16)
FN:196,(anonymous_17)
FN:208,(anonymous_18)
FN:228,(anonymous_19)
FN:230,(anonymous_20)
FN:237,(anonymous_21)
FN:239,(anonymous_22)
FN:247,(anonymous_23)
FN:263,(anonymous_24)
FN:264,(anonymous_25)
FN:268,(anonymous_26)
FNF:27
FNH:0
FNDA:0,(anonymous_0)
FNDA:0,(anonymous_1)
FNDA:0,(anonymous_2)
FNDA:0,(anonymous_3)
FNDA:0,(anonymous_4)
FNDA:0,(anonymous_5)
FNDA:0,(anonymous_6)
FNDA:0,(anonymous_7)
FNDA:0,(anonymous_8)
FNDA:0,(anonymous_9)
FNDA:0,(anonymous_10)
FNDA:0,(anonymous_11)
FNDA:0,(anonymous_12)
FNDA:0,(anonymous_13)
FNDA:0,(anonymous_14)
FNDA:0,(anonymous_15)
FNDA:0,(anonymous_16)
FNDA:0,(anonymous_17)
FNDA:0,(anonymous_18)
FNDA:0,(anonymous_19)
FNDA:0,(anonymous_20)
FNDA:0,(anonymous_21)
FNDA:0,(anonymous_22)
FNDA:0,(anonymous_23)
FNDA:0,(anonymous_24)
FNDA:0,(anonymous_25)
FNDA:0,(anonymous_26)
DA:14,0
DA:24,0
DA:25,0
DA:31,0
DA:32,0
DA:33,0
DA:34,0
DA:35,0
DA:37,0
DA:50,0
DA:51,0
DA:57,0
DA:58,0
DA:59,0
DA:60,0
DA:70,0
DA:72,0
DA:74,0
DA:76,0
DA:77,0
DA:78,0
DA:79,0
DA:81,0
DA:82,0
DA:85,0
DA:86,0
DA:89,0
DA:97,0
DA:98,0
DA:99,0
DA:100,0
DA:101,0
DA:102,0
DA:103,0
DA:104,0
DA:105,0
DA:107,0
DA:108,0
DA:109,0
DA:111,0
DA:112,0
DA:117,0
DA:118,0
DA:119,0
DA:120,0
DA:122,0
DA:126,0
DA:127,0
DA:128,0
DA:129,0
DA:132,0
DA:135,0
DA:145,0
DA:146,0
DA:147,0
DA:148,0
DA:149,0
DA:158,0
DA:159,0
DA:160,0
DA:169,0
DA:177,0
DA:185,0
DA:193,0
DA:194,0
DA:196,0
DA:197,0
DA:198,0
DA:209,0
DA:219,0
DA:229,0
DA:230,0
DA:238,0
DA:239,0
DA:240,0
DA:248,0
DA:249,0
DA:250,0
DA:258,0
DA:263,0
DA:264,0
DA:265,0
DA:266,0
DA:268,0
DA:269,0
DA:270,0
LF:86
LH:0
BRDA:23,0,0,0
BRDA:24,1,0,0
BRDA:24,1,1,0
BRDA:32,2,0,0
BRDA:32,2,1,0
BRDA:34,3,0,0
BRDA:34,3,1,0
BRDA:49,4,0,0
BRDA:50,5,0,0
BRDA:50,5,1,0
BRDA:58,6,0,0
BRDA:58,6,1,0
BRDA:60,7,0,0
BRDA:60,7,1,0
BRDA:76,8,0,0
BRDA:76,8,1,0
BRDA:117,9,0,0
BRDA:117,9,1,0
BRDA:126,10,0,0
BRDA:126,10,1,0
BRDA:157,11,0,0
BRDA:219,12,0,0
BRDA:219,12,1,0
BRDA:248,13,0,0
BRDA:248,13,1,0
BRF:25
BRH:0
end_of_record
TN:
SF:src/utils/content-migration-path.js
FN:15,getContentMigrationPath
FN:58,ensureContentMigrationFolders
FN:83,copyToContentMigration
FNF:3
FNH:0
FNDA:0,getContentMigrationPath
FNDA:0,ensureContentMigrationFolders
FNDA:0,copyToContentMigration
DA:17,0
DA:18,0
DA:21,0
DA:23,0
DA:27,0
DA:28,0
DA:29,0
DA:31,0
DA:34,0
DA:35,0
DA:36,0
DA:37,0
DA:39,0
DA:42,0
DA:46,0
DA:49,0
DA:59,0
DA:61,0
DA:70,0
DA:71,0
DA:73,0
DA:84,0
DA:85,0
DA:86,0
DA:88,0
DA:89,0
DA:92,0
DA:93,0
LF:28
LH:0
BRDA:17,0,0,0
BRDA:17,0,1,0
BRDA:27,1,0,0
BRDA:27,1,1,0
BRDA:29,2,0,0
BRDA:29,2,1,0
BRDA:36,3,0,0
BRDA:36,3,1,0
BRDA:83,4,0,0
BRDA:85,5,0,0
BRDA:85,5,1,0
BRF:11
BRH:0
end_of_record
TN:
SF:src/utils/errors.js
FN:13,(anonymous_0)
FN:21,(anonymous_1)
FN:30,(anonymous_2)
FN:39,(anonymous_3)
FN:79,handleError
FN:107,getUserFriendlyMessage
FN:136,(anonymous_6)
FN:148,(anonymous_7)
FN:161,(anonymous_8)
FN:174,retry
FN:194,(anonymous_10)
FNF:11
FNH:11
FNDA:3,(anonymous_0)
FNDA:1,(anonymous_1)
FNDA:1,(anonymous_2)
FNDA:1,(anonymous_3)
FNDA:2,handleError
FNDA:2,getUserFriendlyMessage
FNDA:3,(anonymous_6)
FNDA:2,(anonymous_7)
FNDA:1,(anonymous_8)
FNDA:3,retry
FNDA:3,(anonymous_10)
DA:14,3
DA:15,3
DA:16,3
DA:22,1
DA:23,1
DA:24,1
DA:25,1
DA:31,1
DA:32,1
DA:33,1
DA:34,1
DA:40,1
DA:41,1
DA:42,1
DA:49,5
DA:64,5
DA:65,5
DA:80,2
DA:88,2
DA:95,2
DA:108,2
DA:110,1
DA:111,0
DA:113,1
DA:114,0
DA:116,1
DA:119,0
DA:122,0
DA:125,0
DA:128,1
DA:137,3
DA:138,3
DA:139,3
DA:140,3
DA:149,2
DA:150,2
DA:151,2
DA:152,2
DA:153,2
DA:155,2
DA:162,1
DA:163,1
DA:177,3
DA:178,6
DA:179,6
DA:181,4
DA:183,4
DA:184,1
DA:187,3
DA:188,3
DA:194,3
DA:198,0
LF:52
LH:46
BRDA:13,0,0,2
BRDA:21,1,0,0
BRDA:21,2,0,1
BRDA:30,3,0,0
BRDA:30,4,0,1
BRDA:39,5,0,1
BRDA:50,6,0,5
BRDA:50,6,1,5
BRDA:64,7,0,5
BRDA:64,7,1,0
BRDA:79,8,0,1
BRDA:81,9,0,2
BRDA:81,9,1,0
BRDA:108,10,0,1
BRDA:108,10,1,0
BRDA:108,10,2,0
BRDA:108,10,3,0
BRDA:108,10,4,1
BRDA:110,11,0,0
BRDA:110,11,1,1
BRDA:113,12,0,0
BRDA:113,12,1,1
BRDA:119,13,0,0
BRDA:119,13,1,0
BRDA:122,14,0,0
BRDA:122,14,1,0
BRDA:136,15,0,0
BRDA:148,16,0,0
BRDA:148,17,0,0
BRDA:153,18,0,2
BRDA:153,18,1,0
BRDA:155,19,0,2
BRDA:155,19,1,0
BRDA:174,20,0,0
BRDA:174,21,0,1
BRDA:183,22,0,1
BRDA:183,22,1,3
BRF:37
BRH:18
end_of_record
TN:
SF:src/utils/filesystem.js
FN:15,ensureDir
FN:24,exists
FN:34,readJSON
FN:53,writeJSON
FN:64,readFile
FN:82,writeFile
FN:93,getFiles
FN:103,(anonymous_7)
FN:106,(anonymous_8)
FN:122,cleanupOldFiles
FN:154,getDirectorySize
FN:186,formatFileSize
FNF:12
FNH:0
FNDA:0,ensureDir
FNDA:0,exists
FNDA:0,readJSON
FNDA:0,writeJSON
FNDA:0,readFile
FNDA:0,writeFile
FNDA:0,getFiles
FNDA:0,(anonymous_7)
FNDA:0,(anonymous_8)
FNDA:0,cleanupOldFiles
FNDA:0,getDirectorySize
FNDA:0,formatFileSize
DA:16,0
DA:25,0
DA:35,0
DA:36,0
DA:37,0
DA:39,0
DA:41,0
DA:42,0
DA:54,0
DA:55,0
DA:65,0
DA:66,0
DA:67,0
DA:69,0
DA:71,0
DA:72,0
DA:83,0
DA:84,0
DA:94,0
DA:95,0
DA:96,0
DA:99,0
DA:101,0
DA:103,0
DA:104,0
DA:106,0
DA:109,0
DA:111,0
DA:112,0
DA:123,0
DA:124,0
DA:125,0
DA:128,0
DA:129,0
DA:130,0
DA:132,0
DA:133,0
DA:134,0
DA:136,0
DA:137,0
DA:138,0
DA:142,0
DA:144,0
DA:145,0
DA:155,0
DA:156,0
DA:157,0
DA:160,0
DA:161,0
DA:163,0
DA:164,0
DA:166,0
DA:167,0
DA:169,0
DA:170,0
DA:174,0
DA:176,0
DA:177,0
DA:187,0
DA:188,0
DA:189,0
DA:191,0
DA:192,0
DA:193,0
DA:196,0
LF:65
LH:0
BRDA:34,0,0,0
BRDA:36,1,0,0
BRDA:36,1,1,0
BRDA:53,2,0,0
BRDA:64,3,0,0
BRDA:66,4,0,0
BRDA:66,4,1,0
BRDA:95,5,0,0
BRDA:95,5,1,0
BRDA:101,6,0,0
BRDA:101,6,1,0
BRDA:104,7,0,0
BRDA:104,7,1,0
BRDA:122,8,0,0
BRDA:124,9,0,0
BRDA:124,9,1,0
BRDA:136,10,0,0
BRDA:136,10,1,0
BRDA:156,11,0,0
BRDA:156,11,1,0
BRDA:166,12,0,0
BRDA:166,12,1,0
BRDA:191,13,0,0
BRDA:191,13,1,0
BRF:24
BRH:0
end_of_record
